[2.067s] Invoking command in '/uolstore/home/users/mn22df/ros2_ws/src/lab2': PYTHONPATH=/uolstore/home/users/mn22df/ros2_ws/build/lab2/prefix_override:/uolstore/home/users/mn22df/ros2_ws/install/lab2/lib/python3.10/site-packages:${PYTHONPATH} /usr/bin/python3 setup.py egg_info --egg-base ../../build/lab2 build --build-base /uolstore/home/users/mn22df/ros2_ws/build/lab2/build install --record /uolstore/home/users/mn22df/ros2_ws/build/lab2/install.log --single-version-externally-managed
[2.235s] running egg_info
[2.236s] writing ../../build/lab2/lab2.egg-info/PKG-INFO
[2.266s] writing dependency_links to ../../build/lab2/lab2.egg-info/dependency_links.txt
[2.278s] writing entry points to ../../build/lab2/lab2.egg-info/entry_points.txt
[2.288s] writing requirements to ../../build/lab2/lab2.egg-info/requires.txt
[2.293s] writing top-level names to ../../build/lab2/lab2.egg-info/top_level.txt
[2.317s] reading manifest file '../../build/lab2/lab2.egg-info/SOURCES.txt'
[2.319s] writing manifest file '../../build/lab2/lab2.egg-info/SOURCES.txt'
[2.325s] running build
[2.325s] running build_py
[2.329s] running install
[2.329s] running install_lib
[2.336s] running install_data
[2.338s] running install_egg_info
[2.339s] removing '/uolstore/home/users/mn22df/ros2_ws/install/lab2/lib/python3.10/site-packages/lab2-0.0.0-py3.10.egg-info' (and everything under it)
[2.350s] Copying ../../build/lab2/lab2.egg-info to /uolstore/home/users/mn22df/ros2_ws/install/lab2/lib/python3.10/site-packages/lab2-0.0.0-py3.10.egg-info
[2.510s] running install_scripts
[2.526s] Installing listener script to /uolstore/home/users/mn22df/ros2_ws/install/lab2/lib/lab2
[2.535s] Installing numeric_listener script to /uolstore/home/users/mn22df/ros2_ws/install/lab2/lib/lab2
[2.546s] Installing numeric_talker script to /uolstore/home/users/mn22df/ros2_ws/install/lab2/lib/lab2
[2.559s] Installing talker script to /uolstore/home/users/mn22df/ros2_ws/install/lab2/lib/lab2
[2.570s] writing list of installed files to '/uolstore/home/users/mn22df/ros2_ws/build/lab2/install.log'
[2.842s] Invoked command in '/uolstore/home/users/mn22df/ros2_ws/src/lab2' returned '0': PYTHONPATH=/uolstore/home/users/mn22df/ros2_ws/build/lab2/prefix_override:/uolstore/home/users/mn22df/ros2_ws/install/lab2/lib/python3.10/site-packages:${PYTHONPATH} /usr/bin/python3 setup.py egg_info --egg-base ../../build/lab2 build --build-base /uolstore/home/users/mn22df/ros2_ws/build/lab2/build install --record /uolstore/home/users/mn22df/ros2_ws/build/lab2/install.log --single-version-externally-managed
