[0.901s] DEBUG:colcon:Command line arguments: ['/usr/bin/colcon', 'build']
[0.901s] DEBUG:colcon:Parsed command line arguments: Namespace(log_base=None, log_level=None, verb_name='build', build_base='build', install_base='install', merge_install=False, symlink_install=False, test_result_base=None, continue_on_error=False, executor='parallel', parallel_workers=20, event_handlers=None, ignore_user_meta=False, metas=['./colcon.meta'], base_paths=['.'], packages_ignore=None, packages_ignore_regex=None, paths=None, packages_up_to=None, packages_up_to_regex=None, packages_above=None, packages_above_and_dependencies=None, packages_above_depth=None, packages_select_by_dep=None, packages_skip_by_dep=None, packages_skip_up_to=None, packages_select_build_failed=False, packages_skip_build_finished=False, packages_select_test_failures=False, packages_skip_test_passed=False, packages_select=None, packages_skip=None, packages_select_regex=None, packages_skip_regex=None, packages_start=None, packages_end=None, allow_overriding=[], cmake_args=None, cmake_target=None, cmake_target_skip_unavailable=False, cmake_clean_cache=False, cmake_clean_first=False, cmake_force_configure=False, ament_cmake_args=None, catkin_cmake_args=None, catkin_skip_building_tests=False, verb_parser=<colcon_defaults.argument_parser.defaults.DefaultArgumentsDecorator object at 0x7f0d01699c00>, verb_extension=<colcon_core.verb.build.BuildVerb object at 0x7f0d01904370>, main=<bound method BuildVerb.main of <colcon_core.verb.build.BuildVerb object at 0x7f0d01904370>>)
[0.945s] Level 1:colcon.colcon_core.package_discovery:discover_packages(colcon_meta) check parameters
[0.945s] Level 1:colcon.colcon_core.package_discovery:discover_packages(recursive) check parameters
[0.945s] Level 1:colcon.colcon_core.package_discovery:discover_packages(ignore) check parameters
[0.945s] Level 1:colcon.colcon_core.package_discovery:discover_packages(path) check parameters
[0.945s] Level 1:colcon.colcon_core.package_discovery:discover_packages(colcon_meta) discover
[0.946s] Level 1:colcon.colcon_core.package_discovery:discover_packages(recursive) discover
[0.946s] INFO:colcon.colcon_core.package_discovery:Crawling recursively for packages in '/uolstore/home/users/mn22df/ros2_ws'
[0.946s] Level 1:colcon.colcon_core.package_identification:_identify(.) by extensions ['ignore', 'ignore_ament_install']
[0.947s] Level 1:colcon.colcon_core.package_identification:_identify(.) by extension 'ignore'
[0.947s] Level 1:colcon.colcon_core.package_identification:_identify(.) by extension 'ignore_ament_install'
[0.947s] Level 1:colcon.colcon_core.package_identification:_identify(.) by extensions ['colcon_pkg']
[0.947s] Level 1:colcon.colcon_core.package_identification:_identify(.) by extension 'colcon_pkg'
[0.947s] Level 1:colcon.colcon_core.package_identification:_identify(.) by extensions ['colcon_meta']
[0.947s] Level 1:colcon.colcon_core.package_identification:_identify(.) by extension 'colcon_meta'
[0.947s] Level 1:colcon.colcon_core.package_identification:_identify(.) by extensions ['ros']
[0.947s] Level 1:colcon.colcon_core.package_identification:_identify(.) by extension 'ros'
[0.955s] Level 1:colcon.colcon_core.package_identification:_identify(.) by extensions ['cmake', 'python']
[0.955s] Level 1:colcon.colcon_core.package_identification:_identify(.) by extension 'cmake'
[0.955s] Level 1:colcon.colcon_core.package_identification:_identify(.) by extension 'python'
[0.955s] Level 1:colcon.colcon_core.package_identification:_identify(.) by extensions ['python_setup_py']
[0.955s] Level 1:colcon.colcon_core.package_identification:_identify(.) by extension 'python_setup_py'
[0.955s] Level 1:colcon.colcon_core.package_identification:_identify(build) by extensions ['ignore', 'ignore_ament_install']
[0.955s] Level 1:colcon.colcon_core.package_identification:_identify(build) by extension 'ignore'
[0.955s] Level 1:colcon.colcon_core.package_identification:_identify(build) ignored
[0.956s] Level 1:colcon.colcon_core.package_identification:_identify(install) by extensions ['ignore', 'ignore_ament_install']
[0.957s] Level 1:colcon.colcon_core.package_identification:_identify(install) by extension 'ignore'
[0.957s] Level 1:colcon.colcon_core.package_identification:_identify(install) ignored
[0.958s] Level 1:colcon.colcon_core.package_identification:_identify(log) by extensions ['ignore', 'ignore_ament_install']
[0.958s] Level 1:colcon.colcon_core.package_identification:_identify(log) by extension 'ignore'
[0.958s] Level 1:colcon.colcon_core.package_identification:_identify(log) ignored
[0.959s] Level 1:colcon.colcon_core.package_identification:_identify(src) by extensions ['ignore', 'ignore_ament_install']
[0.959s] Level 1:colcon.colcon_core.package_identification:_identify(src) by extension 'ignore'
[0.960s] Level 1:colcon.colcon_core.package_identification:_identify(src) by extension 'ignore_ament_install'
[0.960s] Level 1:colcon.colcon_core.package_identification:_identify(src) by extensions ['colcon_pkg']
[0.960s] Level 1:colcon.colcon_core.package_identification:_identify(src) by extension 'colcon_pkg'
[0.960s] Level 1:colcon.colcon_core.package_identification:_identify(src) by extensions ['colcon_meta']
[0.960s] Level 1:colcon.colcon_core.package_identification:_identify(src) by extension 'colcon_meta'
[0.960s] Level 1:colcon.colcon_core.package_identification:_identify(src) by extensions ['ros']
[0.960s] Level 1:colcon.colcon_core.package_identification:_identify(src) by extension 'ros'
[0.960s] Level 1:colcon.colcon_core.package_identification:_identify(src) by extensions ['cmake', 'python']
[0.960s] Level 1:colcon.colcon_core.package_identification:_identify(src) by extension 'cmake'
[0.960s] Level 1:colcon.colcon_core.package_identification:_identify(src) by extension 'python'
[0.960s] Level 1:colcon.colcon_core.package_identification:_identify(src) by extensions ['python_setup_py']
[0.960s] Level 1:colcon.colcon_core.package_identification:_identify(src) by extension 'python_setup_py'
[0.961s] Level 1:colcon.colcon_core.package_identification:_identify(src/lab1) by extensions ['ignore', 'ignore_ament_install']
[0.961s] Level 1:colcon.colcon_core.package_identification:_identify(src/lab1) by extension 'ignore'
[0.961s] Level 1:colcon.colcon_core.package_identification:_identify(src/lab1) by extension 'ignore_ament_install'
[0.961s] Level 1:colcon.colcon_core.package_identification:_identify(src/lab1) by extensions ['colcon_pkg']
[0.961s] Level 1:colcon.colcon_core.package_identification:_identify(src/lab1) by extension 'colcon_pkg'
[0.961s] Level 1:colcon.colcon_core.package_identification:_identify(src/lab1) by extensions ['colcon_meta']
[0.961s] Level 1:colcon.colcon_core.package_identification:_identify(src/lab1) by extension 'colcon_meta'
[0.961s] Level 1:colcon.colcon_core.package_identification:_identify(src/lab1) by extensions ['ros']
[0.961s] Level 1:colcon.colcon_core.package_identification:_identify(src/lab1) by extension 'ros'
[0.964s] DEBUG:colcon.colcon_core.package_identification:Package 'src/lab1' with type 'ros.ament_python' and name 'lab1'
[0.965s] Level 1:colcon.colcon_core.package_identification:_identify(src/lab2) by extensions ['ignore', 'ignore_ament_install']
[0.965s] Level 1:colcon.colcon_core.package_identification:_identify(src/lab2) by extension 'ignore'
[0.965s] Level 1:colcon.colcon_core.package_identification:_identify(src/lab2) by extension 'ignore_ament_install'
[0.965s] Level 1:colcon.colcon_core.package_identification:_identify(src/lab2) by extensions ['colcon_pkg']
[0.965s] Level 1:colcon.colcon_core.package_identification:_identify(src/lab2) by extension 'colcon_pkg'
[0.965s] Level 1:colcon.colcon_core.package_identification:_identify(src/lab2) by extensions ['colcon_meta']
[0.965s] Level 1:colcon.colcon_core.package_identification:_identify(src/lab2) by extension 'colcon_meta'
[0.965s] Level 1:colcon.colcon_core.package_identification:_identify(src/lab2) by extensions ['ros']
[0.965s] Level 1:colcon.colcon_core.package_identification:_identify(src/lab2) by extension 'ros'
[0.967s] DEBUG:colcon.colcon_core.package_identification:Package 'src/lab2' with type 'ros.ament_python' and name 'lab2'
[0.967s] Level 1:colcon.colcon_core.package_identification:_identify(src/lab3) by extensions ['ignore', 'ignore_ament_install']
[0.968s] Level 1:colcon.colcon_core.package_identification:_identify(src/lab3) by extension 'ignore'
[0.968s] Level 1:colcon.colcon_core.package_identification:_identify(src/lab3) by extension 'ignore_ament_install'
[0.968s] Level 1:colcon.colcon_core.package_identification:_identify(src/lab3) by extensions ['colcon_pkg']
[0.968s] Level 1:colcon.colcon_core.package_identification:_identify(src/lab3) by extension 'colcon_pkg'
[0.968s] Level 1:colcon.colcon_core.package_identification:_identify(src/lab3) by extensions ['colcon_meta']
[0.968s] Level 1:colcon.colcon_core.package_identification:_identify(src/lab3) by extension 'colcon_meta'
[0.968s] Level 1:colcon.colcon_core.package_identification:_identify(src/lab3) by extensions ['ros']
[0.968s] Level 1:colcon.colcon_core.package_identification:_identify(src/lab3) by extension 'ros'
[0.969s] DEBUG:colcon.colcon_core.package_identification:Package 'src/lab3' with type 'ros.ament_python' and name 'lab3'
[0.970s] Level 1:colcon.colcon_core.package_identification:_identify(src/turtlebot3_simulations) by extensions ['ignore', 'ignore_ament_install']
[0.970s] Level 1:colcon.colcon_core.package_identification:_identify(src/turtlebot3_simulations) by extension 'ignore'
[0.970s] Level 1:colcon.colcon_core.package_identification:_identify(src/turtlebot3_simulations) by extension 'ignore_ament_install'
[0.970s] Level 1:colcon.colcon_core.package_identification:_identify(src/turtlebot3_simulations) by extensions ['colcon_pkg']
[0.970s] Level 1:colcon.colcon_core.package_identification:_identify(src/turtlebot3_simulations) by extension 'colcon_pkg'
[0.970s] Level 1:colcon.colcon_core.package_identification:_identify(src/turtlebot3_simulations) by extensions ['colcon_meta']
[0.970s] Level 1:colcon.colcon_core.package_identification:_identify(src/turtlebot3_simulations) by extension 'colcon_meta'
[0.970s] Level 1:colcon.colcon_core.package_identification:_identify(src/turtlebot3_simulations) by extensions ['ros']
[0.970s] Level 1:colcon.colcon_core.package_identification:_identify(src/turtlebot3_simulations) by extension 'ros'
[0.970s] Level 1:colcon.colcon_core.package_identification:_identify(src/turtlebot3_simulations) by extensions ['cmake', 'python']
[0.970s] Level 1:colcon.colcon_core.package_identification:_identify(src/turtlebot3_simulations) by extension 'cmake'
[0.970s] Level 1:colcon.colcon_core.package_identification:_identify(src/turtlebot3_simulations) by extension 'python'
[0.970s] Level 1:colcon.colcon_core.package_identification:_identify(src/turtlebot3_simulations) by extensions ['python_setup_py']
[0.970s] Level 1:colcon.colcon_core.package_identification:_identify(src/turtlebot3_simulations) by extension 'python_setup_py'
[0.971s] Level 1:colcon.colcon_core.package_identification:_identify(src/turtlebot3_simulations/turtlebot3_fake_node) by extensions ['ignore', 'ignore_ament_install']
[0.971s] Level 1:colcon.colcon_core.package_identification:_identify(src/turtlebot3_simulations/turtlebot3_fake_node) by extension 'ignore'
[0.971s] Level 1:colcon.colcon_core.package_identification:_identify(src/turtlebot3_simulations/turtlebot3_fake_node) by extension 'ignore_ament_install'
[0.971s] Level 1:colcon.colcon_core.package_identification:_identify(src/turtlebot3_simulations/turtlebot3_fake_node) by extensions ['colcon_pkg']
[0.971s] Level 1:colcon.colcon_core.package_identification:_identify(src/turtlebot3_simulations/turtlebot3_fake_node) by extension 'colcon_pkg'
[0.971s] Level 1:colcon.colcon_core.package_identification:_identify(src/turtlebot3_simulations/turtlebot3_fake_node) by extensions ['colcon_meta']
[0.971s] Level 1:colcon.colcon_core.package_identification:_identify(src/turtlebot3_simulations/turtlebot3_fake_node) by extension 'colcon_meta'
[0.971s] Level 1:colcon.colcon_core.package_identification:_identify(src/turtlebot3_simulations/turtlebot3_fake_node) by extensions ['ros']
[0.971s] Level 1:colcon.colcon_core.package_identification:_identify(src/turtlebot3_simulations/turtlebot3_fake_node) by extension 'ros'
[0.973s] DEBUG:colcon.colcon_core.package_identification:Package 'src/turtlebot3_simulations/turtlebot3_fake_node' with type 'ros.ament_cmake' and name 'turtlebot3_fake_node'
[0.974s] Level 1:colcon.colcon_core.package_identification:_identify(src/turtlebot3_simulations/turtlebot3_gazebo) by extensions ['ignore', 'ignore_ament_install']
[0.974s] Level 1:colcon.colcon_core.package_identification:_identify(src/turtlebot3_simulations/turtlebot3_gazebo) by extension 'ignore'
[0.974s] Level 1:colcon.colcon_core.package_identification:_identify(src/turtlebot3_simulations/turtlebot3_gazebo) by extension 'ignore_ament_install'
[0.974s] Level 1:colcon.colcon_core.package_identification:_identify(src/turtlebot3_simulations/turtlebot3_gazebo) by extensions ['colcon_pkg']
[0.974s] Level 1:colcon.colcon_core.package_identification:_identify(src/turtlebot3_simulations/turtlebot3_gazebo) by extension 'colcon_pkg'
[0.974s] Level 1:colcon.colcon_core.package_identification:_identify(src/turtlebot3_simulations/turtlebot3_gazebo) by extensions ['colcon_meta']
[0.974s] Level 1:colcon.colcon_core.package_identification:_identify(src/turtlebot3_simulations/turtlebot3_gazebo) by extension 'colcon_meta'
[0.974s] Level 1:colcon.colcon_core.package_identification:_identify(src/turtlebot3_simulations/turtlebot3_gazebo) by extensions ['ros']
[0.975s] Level 1:colcon.colcon_core.package_identification:_identify(src/turtlebot3_simulations/turtlebot3_gazebo) by extension 'ros'
[0.976s] DEBUG:colcon.colcon_core.package_identification:Package 'src/turtlebot3_simulations/turtlebot3_gazebo' with type 'ros.ament_cmake' and name 'turtlebot3_gazebo'
[0.977s] Level 1:colcon.colcon_core.package_identification:_identify(src/turtlebot3_simulations/turtlebot3_simulations) by extensions ['ignore', 'ignore_ament_install']
[0.977s] Level 1:colcon.colcon_core.package_identification:_identify(src/turtlebot3_simulations/turtlebot3_simulations) by extension 'ignore'
[0.977s] Level 1:colcon.colcon_core.package_identification:_identify(src/turtlebot3_simulations/turtlebot3_simulations) by extension 'ignore_ament_install'
[0.977s] Level 1:colcon.colcon_core.package_identification:_identify(src/turtlebot3_simulations/turtlebot3_simulations) by extensions ['colcon_pkg']
[0.977s] Level 1:colcon.colcon_core.package_identification:_identify(src/turtlebot3_simulations/turtlebot3_simulations) by extension 'colcon_pkg'
[0.977s] Level 1:colcon.colcon_core.package_identification:_identify(src/turtlebot3_simulations/turtlebot3_simulations) by extensions ['colcon_meta']
[0.977s] Level 1:colcon.colcon_core.package_identification:_identify(src/turtlebot3_simulations/turtlebot3_simulations) by extension 'colcon_meta'
[0.977s] Level 1:colcon.colcon_core.package_identification:_identify(src/turtlebot3_simulations/turtlebot3_simulations) by extensions ['ros']
[0.977s] Level 1:colcon.colcon_core.package_identification:_identify(src/turtlebot3_simulations/turtlebot3_simulations) by extension 'ros'
[0.979s] DEBUG:colcon.colcon_core.package_identification:Package 'src/turtlebot3_simulations/turtlebot3_simulations' with type 'ros.ament_cmake' and name 'turtlebot3_simulations'
[0.979s] Level 1:colcon.colcon_core.package_discovery:discover_packages(recursive) using defaults
[0.979s] Level 1:colcon.colcon_core.package_discovery:discover_packages(ignore) discover
[0.979s] Level 1:colcon.colcon_core.package_discovery:discover_packages(ignore) using defaults
[0.979s] Level 1:colcon.colcon_core.package_discovery:discover_packages(path) discover
[0.979s] Level 1:colcon.colcon_core.package_discovery:discover_packages(path) using defaults
[1.065s] Level 1:colcon.colcon_core.package_discovery:discover_packages(prefix_path) check parameters
[1.065s] Level 1:colcon.colcon_core.package_discovery:discover_packages(prefix_path) discover
[1.108s] DEBUG:colcon.colcon_installed_package_information.package_discovery:Found 6 installed packages in /uolstore/home/users/mn22df/ros2_ws/install
[1.125s] DEBUG:colcon.colcon_installed_package_information.package_discovery:Found 383 installed packages in /opt/ros/humble
[1.132s] Level 1:colcon.colcon_core.package_discovery:discover_packages(prefix_path) using defaults
[1.219s] Level 5:colcon.colcon_core.verb:set package 'lab1' build argument 'cmake_args' from command line to 'None'
[1.219s] Level 5:colcon.colcon_core.verb:set package 'lab1' build argument 'cmake_target' from command line to 'None'
[1.219s] Level 5:colcon.colcon_core.verb:set package 'lab1' build argument 'cmake_target_skip_unavailable' from command line to 'False'
[1.219s] Level 5:colcon.colcon_core.verb:set package 'lab1' build argument 'cmake_clean_cache' from command line to 'False'
[1.219s] Level 5:colcon.colcon_core.verb:set package 'lab1' build argument 'cmake_clean_first' from command line to 'False'
[1.219s] Level 5:colcon.colcon_core.verb:set package 'lab1' build argument 'cmake_force_configure' from command line to 'False'
[1.220s] Level 5:colcon.colcon_core.verb:set package 'lab1' build argument 'ament_cmake_args' from command line to 'None'
[1.220s] Level 5:colcon.colcon_core.verb:set package 'lab1' build argument 'catkin_cmake_args' from command line to 'None'
[1.220s] Level 5:colcon.colcon_core.verb:set package 'lab1' build argument 'catkin_skip_building_tests' from command line to 'False'
[1.220s] DEBUG:colcon.colcon_core.verb:Building package 'lab1' with the following arguments: {'ament_cmake_args': None, 'build_base': '/uolstore/home/users/mn22df/ros2_ws/build/lab1', 'catkin_cmake_args': None, 'catkin_skip_building_tests': False, 'cmake_args': None, 'cmake_clean_cache': False, 'cmake_clean_first': False, 'cmake_force_configure': False, 'cmake_target': None, 'cmake_target_skip_unavailable': False, 'install_base': '/uolstore/home/users/mn22df/ros2_ws/install/lab1', 'merge_install': False, 'path': '/uolstore/home/users/mn22df/ros2_ws/src/lab1', 'symlink_install': False, 'test_result_base': None}
[1.234s] Level 5:colcon.colcon_core.verb:set package 'lab2' build argument 'cmake_args' from command line to 'None'
[1.234s] Level 5:colcon.colcon_core.verb:set package 'lab2' build argument 'cmake_target' from command line to 'None'
[1.234s] Level 5:colcon.colcon_core.verb:set package 'lab2' build argument 'cmake_target_skip_unavailable' from command line to 'False'
[1.234s] Level 5:colcon.colcon_core.verb:set package 'lab2' build argument 'cmake_clean_cache' from command line to 'False'
[1.234s] Level 5:colcon.colcon_core.verb:set package 'lab2' build argument 'cmake_clean_first' from command line to 'False'
[1.234s] Level 5:colcon.colcon_core.verb:set package 'lab2' build argument 'cmake_force_configure' from command line to 'False'
[1.234s] Level 5:colcon.colcon_core.verb:set package 'lab2' build argument 'ament_cmake_args' from command line to 'None'
[1.234s] Level 5:colcon.colcon_core.verb:set package 'lab2' build argument 'catkin_cmake_args' from command line to 'None'
[1.234s] Level 5:colcon.colcon_core.verb:set package 'lab2' build argument 'catkin_skip_building_tests' from command line to 'False'
[1.234s] DEBUG:colcon.colcon_core.verb:Building package 'lab2' with the following arguments: {'ament_cmake_args': None, 'build_base': '/uolstore/home/users/mn22df/ros2_ws/build/lab2', 'catkin_cmake_args': None, 'catkin_skip_building_tests': False, 'cmake_args': None, 'cmake_clean_cache': False, 'cmake_clean_first': False, 'cmake_force_configure': False, 'cmake_target': None, 'cmake_target_skip_unavailable': False, 'install_base': '/uolstore/home/users/mn22df/ros2_ws/install/lab2', 'merge_install': False, 'path': '/uolstore/home/users/mn22df/ros2_ws/src/lab2', 'symlink_install': False, 'test_result_base': None}
[1.249s] Level 5:colcon.colcon_core.verb:set package 'lab3' build argument 'cmake_args' from command line to 'None'
[1.249s] Level 5:colcon.colcon_core.verb:set package 'lab3' build argument 'cmake_target' from command line to 'None'
[1.249s] Level 5:colcon.colcon_core.verb:set package 'lab3' build argument 'cmake_target_skip_unavailable' from command line to 'False'
[1.249s] Level 5:colcon.colcon_core.verb:set package 'lab3' build argument 'cmake_clean_cache' from command line to 'False'
[1.249s] Level 5:colcon.colcon_core.verb:set package 'lab3' build argument 'cmake_clean_first' from command line to 'False'
[1.249s] Level 5:colcon.colcon_core.verb:set package 'lab3' build argument 'cmake_force_configure' from command line to 'False'
[1.249s] Level 5:colcon.colcon_core.verb:set package 'lab3' build argument 'ament_cmake_args' from command line to 'None'
[1.249s] Level 5:colcon.colcon_core.verb:set package 'lab3' build argument 'catkin_cmake_args' from command line to 'None'
[1.249s] Level 5:colcon.colcon_core.verb:set package 'lab3' build argument 'catkin_skip_building_tests' from command line to 'False'
[1.249s] DEBUG:colcon.colcon_core.verb:Building package 'lab3' with the following arguments: {'ament_cmake_args': None, 'build_base': '/uolstore/home/users/mn22df/ros2_ws/build/lab3', 'catkin_cmake_args': None, 'catkin_skip_building_tests': False, 'cmake_args': None, 'cmake_clean_cache': False, 'cmake_clean_first': False, 'cmake_force_configure': False, 'cmake_target': None, 'cmake_target_skip_unavailable': False, 'install_base': '/uolstore/home/users/mn22df/ros2_ws/install/lab3', 'merge_install': False, 'path': '/uolstore/home/users/mn22df/ros2_ws/src/lab3', 'symlink_install': False, 'test_result_base': None}
[1.262s] Level 5:colcon.colcon_core.verb:set package 'turtlebot3_fake_node' build argument 'cmake_args' from command line to 'None'
[1.262s] Level 5:colcon.colcon_core.verb:set package 'turtlebot3_fake_node' build argument 'cmake_target' from command line to 'None'
[1.262s] Level 5:colcon.colcon_core.verb:set package 'turtlebot3_fake_node' build argument 'cmake_target_skip_unavailable' from command line to 'False'
[1.262s] Level 5:colcon.colcon_core.verb:set package 'turtlebot3_fake_node' build argument 'cmake_clean_cache' from command line to 'False'
[1.263s] Level 5:colcon.colcon_core.verb:set package 'turtlebot3_fake_node' build argument 'cmake_clean_first' from command line to 'False'
[1.263s] Level 5:colcon.colcon_core.verb:set package 'turtlebot3_fake_node' build argument 'cmake_force_configure' from command line to 'False'
[1.263s] Level 5:colcon.colcon_core.verb:set package 'turtlebot3_fake_node' build argument 'ament_cmake_args' from command line to 'None'
[1.263s] Level 5:colcon.colcon_core.verb:set package 'turtlebot3_fake_node' build argument 'catkin_cmake_args' from command line to 'None'
[1.263s] Level 5:colcon.colcon_core.verb:set package 'turtlebot3_fake_node' build argument 'catkin_skip_building_tests' from command line to 'False'
[1.263s] DEBUG:colcon.colcon_core.verb:Building package 'turtlebot3_fake_node' with the following arguments: {'ament_cmake_args': None, 'build_base': '/uolstore/home/users/mn22df/ros2_ws/build/turtlebot3_fake_node', 'catkin_cmake_args': None, 'catkin_skip_building_tests': False, 'cmake_args': None, 'cmake_clean_cache': False, 'cmake_clean_first': False, 'cmake_force_configure': False, 'cmake_target': None, 'cmake_target_skip_unavailable': False, 'install_base': '/uolstore/home/users/mn22df/ros2_ws/install/turtlebot3_fake_node', 'merge_install': False, 'path': '/uolstore/home/users/mn22df/ros2_ws/src/turtlebot3_simulations/turtlebot3_fake_node', 'symlink_install': False, 'test_result_base': None}
[1.277s] Level 5:colcon.colcon_core.verb:set package 'turtlebot3_gazebo' build argument 'cmake_args' from command line to 'None'
[1.277s] Level 5:colcon.colcon_core.verb:set package 'turtlebot3_gazebo' build argument 'cmake_target' from command line to 'None'
[1.277s] Level 5:colcon.colcon_core.verb:set package 'turtlebot3_gazebo' build argument 'cmake_target_skip_unavailable' from command line to 'False'
[1.277s] Level 5:colcon.colcon_core.verb:set package 'turtlebot3_gazebo' build argument 'cmake_clean_cache' from command line to 'False'
[1.277s] Level 5:colcon.colcon_core.verb:set package 'turtlebot3_gazebo' build argument 'cmake_clean_first' from command line to 'False'
[1.277s] Level 5:colcon.colcon_core.verb:set package 'turtlebot3_gazebo' build argument 'cmake_force_configure' from command line to 'False'
[1.277s] Level 5:colcon.colcon_core.verb:set package 'turtlebot3_gazebo' build argument 'ament_cmake_args' from command line to 'None'
[1.277s] Level 5:colcon.colcon_core.verb:set package 'turtlebot3_gazebo' build argument 'catkin_cmake_args' from command line to 'None'
[1.277s] Level 5:colcon.colcon_core.verb:set package 'turtlebot3_gazebo' build argument 'catkin_skip_building_tests' from command line to 'False'
[1.277s] DEBUG:colcon.colcon_core.verb:Building package 'turtlebot3_gazebo' with the following arguments: {'ament_cmake_args': None, 'build_base': '/uolstore/home/users/mn22df/ros2_ws/build/turtlebot3_gazebo', 'catkin_cmake_args': None, 'catkin_skip_building_tests': False, 'cmake_args': None, 'cmake_clean_cache': False, 'cmake_clean_first': False, 'cmake_force_configure': False, 'cmake_target': None, 'cmake_target_skip_unavailable': False, 'install_base': '/uolstore/home/users/mn22df/ros2_ws/install/turtlebot3_gazebo', 'merge_install': False, 'path': '/uolstore/home/users/mn22df/ros2_ws/src/turtlebot3_simulations/turtlebot3_gazebo', 'symlink_install': False, 'test_result_base': None}
[1.291s] Level 5:colcon.colcon_core.verb:set package 'turtlebot3_simulations' build argument 'cmake_args' from command line to 'None'
[1.291s] Level 5:colcon.colcon_core.verb:set package 'turtlebot3_simulations' build argument 'cmake_target' from command line to 'None'
[1.291s] Level 5:colcon.colcon_core.verb:set package 'turtlebot3_simulations' build argument 'cmake_target_skip_unavailable' from command line to 'False'
[1.291s] Level 5:colcon.colcon_core.verb:set package 'turtlebot3_simulations' build argument 'cmake_clean_cache' from command line to 'False'
[1.291s] Level 5:colcon.colcon_core.verb:set package 'turtlebot3_simulations' build argument 'cmake_clean_first' from command line to 'False'
[1.291s] Level 5:colcon.colcon_core.verb:set package 'turtlebot3_simulations' build argument 'cmake_force_configure' from command line to 'False'
[1.291s] Level 5:colcon.colcon_core.verb:set package 'turtlebot3_simulations' build argument 'ament_cmake_args' from command line to 'None'
[1.291s] Level 5:colcon.colcon_core.verb:set package 'turtlebot3_simulations' build argument 'catkin_cmake_args' from command line to 'None'
[1.291s] Level 5:colcon.colcon_core.verb:set package 'turtlebot3_simulations' build argument 'catkin_skip_building_tests' from command line to 'False'
[1.291s] DEBUG:colcon.colcon_core.verb:Building package 'turtlebot3_simulations' with the following arguments: {'ament_cmake_args': None, 'build_base': '/uolstore/home/users/mn22df/ros2_ws/build/turtlebot3_simulations', 'catkin_cmake_args': None, 'catkin_skip_building_tests': False, 'cmake_args': None, 'cmake_clean_cache': False, 'cmake_clean_first': False, 'cmake_force_configure': False, 'cmake_target': None, 'cmake_target_skip_unavailable': False, 'install_base': '/uolstore/home/users/mn22df/ros2_ws/install/turtlebot3_simulations', 'merge_install': False, 'path': '/uolstore/home/users/mn22df/ros2_ws/src/turtlebot3_simulations/turtlebot3_simulations', 'symlink_install': False, 'test_result_base': None}
[1.304s] INFO:colcon.colcon_core.executor:Executing jobs using 'parallel' executor
[1.317s] DEBUG:colcon.colcon_parallel_executor.executor.parallel:run_until_complete
[1.318s] INFO:colcon.colcon_ros.task.ament_cmake.build:Building ROS package in '/uolstore/home/users/mn22df/ros2_ws/src/turtlebot3_simulations/turtlebot3_fake_node' with build type 'ament_cmake'
[1.318s] INFO:colcon.colcon_cmake.task.cmake.build:Building CMake package in '/uolstore/home/users/mn22df/ros2_ws/src/turtlebot3_simulations/turtlebot3_fake_node'
[1.335s] INFO:colcon.colcon_core.plugin_system:Skipping extension 'colcon_core.shell.bat': Not used on non-Windows systems
[1.335s] INFO:colcon.colcon_core.shell:Skip shell extension 'powershell' for command environment: Not usable outside of PowerShell
[1.336s] DEBUG:colcon.colcon_core.shell:Skip shell extension 'dsv' for command environment
[1.393s] INFO:colcon.colcon_ros.task.ament_cmake.build:Building ROS package in '/uolstore/home/users/mn22df/ros2_ws/src/turtlebot3_simulations/turtlebot3_gazebo' with build type 'ament_cmake'
[1.393s] INFO:colcon.colcon_cmake.task.cmake.build:Building CMake package in '/uolstore/home/users/mn22df/ros2_ws/src/turtlebot3_simulations/turtlebot3_gazebo'
[1.408s] INFO:colcon.colcon_core.shell:Skip shell extension 'powershell' for command environment: Not usable outside of PowerShell
[1.408s] DEBUG:colcon.colcon_core.shell:Skip shell extension 'dsv' for command environment
[1.464s] INFO:colcon.colcon_ros.task.ament_python.build:Building ROS package in '/uolstore/home/users/mn22df/ros2_ws/src/lab1' with build type 'ament_python'
[1.464s] Level 1:colcon.colcon_core.shell:create_environment_hook('lab1', 'ament_prefix_path')
[1.478s] INFO:colcon.colcon_core.shell:Creating environment hook '/uolstore/home/users/mn22df/ros2_ws/install/lab1/share/lab1/hook/ament_prefix_path.ps1'
[1.482s] INFO:colcon.colcon_core.shell:Creating environment descriptor '/uolstore/home/users/mn22df/ros2_ws/install/lab1/share/lab1/hook/ament_prefix_path.dsv'
[1.485s] INFO:colcon.colcon_core.shell:Creating environment hook '/uolstore/home/users/mn22df/ros2_ws/install/lab1/share/lab1/hook/ament_prefix_path.sh'
[1.502s] INFO:colcon.colcon_core.shell:Skip shell extension 'powershell' for command environment: Not usable outside of PowerShell
[1.502s] DEBUG:colcon.colcon_core.shell:Skip shell extension 'dsv' for command environment
[1.557s] INFO:colcon.colcon_ros.task.ament_python.build:Building ROS package in '/uolstore/home/users/mn22df/ros2_ws/src/lab2' with build type 'ament_python'
[1.557s] Level 1:colcon.colcon_core.shell:create_environment_hook('lab2', 'ament_prefix_path')
[1.571s] INFO:colcon.colcon_core.shell:Creating environment hook '/uolstore/home/users/mn22df/ros2_ws/install/lab2/share/lab2/hook/ament_prefix_path.ps1'
[1.576s] INFO:colcon.colcon_core.shell:Creating environment descriptor '/uolstore/home/users/mn22df/ros2_ws/install/lab2/share/lab2/hook/ament_prefix_path.dsv'
[1.580s] INFO:colcon.colcon_core.shell:Creating environment hook '/uolstore/home/users/mn22df/ros2_ws/install/lab2/share/lab2/hook/ament_prefix_path.sh'
[1.596s] INFO:colcon.colcon_core.shell:Skip shell extension 'powershell' for command environment: Not usable outside of PowerShell
[1.596s] DEBUG:colcon.colcon_core.shell:Skip shell extension 'dsv' for command environment
[1.651s] INFO:colcon.colcon_ros.task.ament_python.build:Building ROS package in '/uolstore/home/users/mn22df/ros2_ws/src/lab3' with build type 'ament_python'
[1.651s] Level 1:colcon.colcon_core.shell:create_environment_hook('lab3', 'ament_prefix_path')
[1.665s] INFO:colcon.colcon_core.shell:Creating environment hook '/uolstore/home/users/mn22df/ros2_ws/install/lab3/share/lab3/hook/ament_prefix_path.ps1'
[1.669s] INFO:colcon.colcon_core.shell:Creating environment descriptor '/uolstore/home/users/mn22df/ros2_ws/install/lab3/share/lab3/hook/ament_prefix_path.dsv'
[1.672s] INFO:colcon.colcon_core.shell:Creating environment hook '/uolstore/home/users/mn22df/ros2_ws/install/lab3/share/lab3/hook/ament_prefix_path.sh'
[1.690s] INFO:colcon.colcon_core.shell:Skip shell extension 'powershell' for command environment: Not usable outside of PowerShell
[1.690s] DEBUG:colcon.colcon_core.shell:Skip shell extension 'dsv' for command environment
[1.775s] DEBUG:colcon.colcon_core.event_handler.log_command:Invoking command in '/uolstore/home/users/mn22df/ros2_ws/build/turtlebot3_fake_node': CMAKE_PREFIX_PATH=${CMAKE_PREFIX_PATH}:/uolstore/home/users/mn22df/ros2_ws/install/lab3:/uolstore/home/users/mn22df/ros2_ws/install/lab2:/uolstore/home/users/mn22df/ros2_ws/install/lab1:/opt/ros/humble /usr/bin/cmake --build /uolstore/home/users/mn22df/ros2_ws/build/turtlebot3_fake_node -- -j20 -l20
[1.791s] DEBUG:colcon.colcon_core.event_handler.log_command:Invoking command in '/uolstore/home/users/mn22df/ros2_ws/build/turtlebot3_gazebo': CMAKE_PREFIX_PATH=${CMAKE_PREFIX_PATH}:/uolstore/home/users/mn22df/ros2_ws/install/lab3:/uolstore/home/users/mn22df/ros2_ws/install/lab2:/uolstore/home/users/mn22df/ros2_ws/install/lab1:/opt/ros/humble /usr/bin/cmake --build /uolstore/home/users/mn22df/ros2_ws/build/turtlebot3_gazebo -- -j20 -l20
[2.038s] INFO:colcon.colcon_core.task.python.build:Building Python package in '/uolstore/home/users/mn22df/ros2_ws/src/lab1'
[2.053s] INFO:colcon.colcon_core.shell:Skip shell extension 'powershell' for command environment: Not usable outside of PowerShell
[2.053s] DEBUG:colcon.colcon_core.shell:Skip shell extension 'dsv' for command environment
[2.348s] INFO:colcon.colcon_core.task.python.build:Building Python package in '/uolstore/home/users/mn22df/ros2_ws/src/lab2'
[2.363s] INFO:colcon.colcon_core.shell:Skip shell extension 'powershell' for command environment: Not usable outside of PowerShell
[2.363s] DEBUG:colcon.colcon_core.shell:Skip shell extension 'dsv' for command environment
[2.653s] INFO:colcon.colcon_core.task.python.build:Building Python package in '/uolstore/home/users/mn22df/ros2_ws/src/lab3'
[2.666s] INFO:colcon.colcon_core.shell:Skip shell extension 'powershell' for command environment: Not usable outside of PowerShell
[2.666s] DEBUG:colcon.colcon_core.shell:Skip shell extension 'dsv' for command environment
[2.722s] DEBUG:colcon.colcon_core.event_handler.log_command:Invoked command in '/uolstore/home/users/mn22df/ros2_ws/build/turtlebot3_fake_node' returned '0': CMAKE_PREFIX_PATH=${CMAKE_PREFIX_PATH}:/uolstore/home/users/mn22df/ros2_ws/install/lab3:/uolstore/home/users/mn22df/ros2_ws/install/lab2:/uolstore/home/users/mn22df/ros2_ws/install/lab1:/opt/ros/humble /usr/bin/cmake --build /uolstore/home/users/mn22df/ros2_ws/build/turtlebot3_fake_node -- -j20 -l20
[2.724s] DEBUG:colcon.colcon_core.event_handler.log_command:Invoked command in '/uolstore/home/users/mn22df/ros2_ws/build/turtlebot3_gazebo' returned '0': CMAKE_PREFIX_PATH=${CMAKE_PREFIX_PATH}:/uolstore/home/users/mn22df/ros2_ws/install/lab3:/uolstore/home/users/mn22df/ros2_ws/install/lab2:/uolstore/home/users/mn22df/ros2_ws/install/lab1:/opt/ros/humble /usr/bin/cmake --build /uolstore/home/users/mn22df/ros2_ws/build/turtlebot3_gazebo -- -j20 -l20
[2.765s] DEBUG:colcon.colcon_core.event_handler.log_command:Invoking command in '/uolstore/home/users/mn22df/ros2_ws/build/turtlebot3_fake_node': CMAKE_PREFIX_PATH=${CMAKE_PREFIX_PATH}:/uolstore/home/users/mn22df/ros2_ws/install/lab3:/uolstore/home/users/mn22df/ros2_ws/install/lab2:/uolstore/home/users/mn22df/ros2_ws/install/lab1:/opt/ros/humble /usr/bin/cmake --install /uolstore/home/users/mn22df/ros2_ws/build/turtlebot3_fake_node
[2.769s] DEBUG:colcon.colcon_core.event_handler.log_command:Invoking command in '/uolstore/home/users/mn22df/ros2_ws/build/turtlebot3_gazebo': CMAKE_PREFIX_PATH=${CMAKE_PREFIX_PATH}:/uolstore/home/users/mn22df/ros2_ws/install/lab3:/uolstore/home/users/mn22df/ros2_ws/install/lab2:/uolstore/home/users/mn22df/ros2_ws/install/lab1:/opt/ros/humble /usr/bin/cmake --install /uolstore/home/users/mn22df/ros2_ws/build/turtlebot3_gazebo
[2.837s] Level 1:colcon.colcon_core.environment:create_environment_scripts_only(turtlebot3_fake_node)
[2.838s] DEBUG:colcon.colcon_core.event_handler.log_command:Invoked command in '/uolstore/home/users/mn22df/ros2_ws/build/turtlebot3_fake_node' returned '0': CMAKE_PREFIX_PATH=${CMAKE_PREFIX_PATH}:/uolstore/home/users/mn22df/ros2_ws/install/lab3:/uolstore/home/users/mn22df/ros2_ws/install/lab2:/uolstore/home/users/mn22df/ros2_ws/install/lab1:/opt/ros/humble /usr/bin/cmake --install /uolstore/home/users/mn22df/ros2_ws/build/turtlebot3_fake_node
[2.856s] Level 1:colcon.colcon_core.environment:checking '/uolstore/home/users/mn22df/ros2_ws/install/turtlebot3_fake_node' for CMake module files
[2.858s] Level 1:colcon.colcon_core.environment:checking '/uolstore/home/users/mn22df/ros2_ws/install/turtlebot3_fake_node' for CMake config files
[2.864s] Level 1:colcon.colcon_core.shell:create_environment_hook('turtlebot3_fake_node', 'cmake_prefix_path')
[2.878s] INFO:colcon.colcon_core.shell:Creating environment hook '/uolstore/home/users/mn22df/ros2_ws/install/turtlebot3_fake_node/share/turtlebot3_fake_node/hook/cmake_prefix_path.ps1'
[2.883s] INFO:colcon.colcon_core.shell:Creating environment descriptor '/uolstore/home/users/mn22df/ros2_ws/install/turtlebot3_fake_node/share/turtlebot3_fake_node/hook/cmake_prefix_path.dsv'
[2.887s] INFO:colcon.colcon_core.shell:Creating environment hook '/uolstore/home/users/mn22df/ros2_ws/install/turtlebot3_fake_node/share/turtlebot3_fake_node/hook/cmake_prefix_path.sh'
[2.892s] Level 1:colcon.colcon_core.environment:checking '/uolstore/home/users/mn22df/ros2_ws/install/turtlebot3_fake_node/lib'
[2.892s] Level 1:colcon.colcon_core.environment:checking '/uolstore/home/users/mn22df/ros2_ws/install/turtlebot3_fake_node/bin'
[2.892s] Level 1:colcon.colcon_core.environment:checking '/uolstore/home/users/mn22df/ros2_ws/install/turtlebot3_fake_node/lib/pkgconfig/turtlebot3_fake_node.pc'
[2.892s] Level 1:colcon.colcon_core.environment:checking '/uolstore/home/users/mn22df/ros2_ws/install/turtlebot3_fake_node/lib/python3.10/site-packages'
[2.892s] Level 1:colcon.colcon_core.environment:checking '/uolstore/home/users/mn22df/ros2_ws/install/turtlebot3_fake_node/bin'
[2.907s] INFO:colcon.colcon_core.shell:Creating package script '/uolstore/home/users/mn22df/ros2_ws/install/turtlebot3_fake_node/share/turtlebot3_fake_node/package.ps1'
[2.912s] INFO:colcon.colcon_core.shell:Creating package descriptor '/uolstore/home/users/mn22df/ros2_ws/install/turtlebot3_fake_node/share/turtlebot3_fake_node/package.dsv'
[2.916s] INFO:colcon.colcon_core.shell:Creating package script '/uolstore/home/users/mn22df/ros2_ws/install/turtlebot3_fake_node/share/turtlebot3_fake_node/package.sh'
[2.921s] INFO:colcon.colcon_core.shell:Creating package script '/uolstore/home/users/mn22df/ros2_ws/install/turtlebot3_fake_node/share/turtlebot3_fake_node/package.bash'
[2.924s] INFO:colcon.colcon_core.shell:Creating package script '/uolstore/home/users/mn22df/ros2_ws/install/turtlebot3_fake_node/share/turtlebot3_fake_node/package.zsh'
[2.929s] Level 1:colcon.colcon_core.environment:create_file_with_runtime_dependencies(/uolstore/home/users/mn22df/ros2_ws/install/turtlebot3_fake_node/share/colcon-core/packages/turtlebot3_fake_node)
[2.980s] Level 1:colcon.colcon_core.environment:create_environment_scripts_only(turtlebot3_fake_node)
[2.996s] Level 1:colcon.colcon_core.environment:checking '/uolstore/home/users/mn22df/ros2_ws/install/turtlebot3_fake_node' for CMake module files
[3.002s] Level 1:colcon.colcon_core.environment:checking '/uolstore/home/users/mn22df/ros2_ws/install/turtlebot3_fake_node' for CMake config files
[3.006s] Level 1:colcon.colcon_core.shell:create_environment_hook('turtlebot3_fake_node', 'cmake_prefix_path')
[3.024s] INFO:colcon.colcon_core.shell:Creating environment hook '/uolstore/home/users/mn22df/ros2_ws/install/turtlebot3_fake_node/share/turtlebot3_fake_node/hook/cmake_prefix_path.ps1'
[3.028s] INFO:colcon.colcon_core.shell:Creating environment descriptor '/uolstore/home/users/mn22df/ros2_ws/install/turtlebot3_fake_node/share/turtlebot3_fake_node/hook/cmake_prefix_path.dsv'
[3.032s] INFO:colcon.colcon_core.shell:Creating environment hook '/uolstore/home/users/mn22df/ros2_ws/install/turtlebot3_fake_node/share/turtlebot3_fake_node/hook/cmake_prefix_path.sh'
[3.037s] Level 1:colcon.colcon_core.environment:checking '/uolstore/home/users/mn22df/ros2_ws/install/turtlebot3_fake_node/lib'
[3.038s] Level 1:colcon.colcon_core.environment:checking '/uolstore/home/users/mn22df/ros2_ws/install/turtlebot3_fake_node/bin'
[3.038s] Level 1:colcon.colcon_core.environment:checking '/uolstore/home/users/mn22df/ros2_ws/install/turtlebot3_fake_node/lib/pkgconfig/turtlebot3_fake_node.pc'
[3.038s] Level 1:colcon.colcon_core.environment:checking '/uolstore/home/users/mn22df/ros2_ws/install/turtlebot3_fake_node/lib/python3.10/site-packages'
[3.038s] Level 1:colcon.colcon_core.environment:checking '/uolstore/home/users/mn22df/ros2_ws/install/turtlebot3_fake_node/bin'
[3.062s] INFO:colcon.colcon_core.shell:Creating package script '/uolstore/home/users/mn22df/ros2_ws/install/turtlebot3_fake_node/share/turtlebot3_fake_node/package.ps1'
[3.065s] INFO:colcon.colcon_core.shell:Creating package descriptor '/uolstore/home/users/mn22df/ros2_ws/install/turtlebot3_fake_node/share/turtlebot3_fake_node/package.dsv'
[3.069s] INFO:colcon.colcon_core.shell:Creating package script '/uolstore/home/users/mn22df/ros2_ws/install/turtlebot3_fake_node/share/turtlebot3_fake_node/package.sh'
[3.073s] INFO:colcon.colcon_core.shell:Creating package script '/uolstore/home/users/mn22df/ros2_ws/install/turtlebot3_fake_node/share/turtlebot3_fake_node/package.bash'
[3.077s] INFO:colcon.colcon_core.shell:Creating package script '/uolstore/home/users/mn22df/ros2_ws/install/turtlebot3_fake_node/share/turtlebot3_fake_node/package.zsh'
[3.080s] Level 1:colcon.colcon_core.environment:create_file_with_runtime_dependencies(/uolstore/home/users/mn22df/ros2_ws/install/turtlebot3_fake_node/share/colcon-core/packages/turtlebot3_fake_node)
[3.102s] DEBUG:colcon.colcon_core.event_handler.log_command:Invoking command in '/uolstore/home/users/mn22df/ros2_ws/src/lab1': PYTHONPATH=/uolstore/home/users/mn22df/ros2_ws/build/lab1/prefix_override:/uolstore/home/users/mn22df/ros2_ws/install/lab1/lib/python3.10/site-packages:${PYTHONPATH} /usr/bin/python3 setup.py egg_info --egg-base ../../build/lab1 build --build-base /uolstore/home/users/mn22df/ros2_ws/build/lab1/build install --record /uolstore/home/users/mn22df/ros2_ws/build/lab1/install.log --single-version-externally-managed
[3.119s] DEBUG:colcon.colcon_core.event_handler.log_command:Invoking command in '/uolstore/home/users/mn22df/ros2_ws/src/lab2': PYTHONPATH=/uolstore/home/users/mn22df/ros2_ws/build/lab2/prefix_override:/uolstore/home/users/mn22df/ros2_ws/install/lab2/lib/python3.10/site-packages:${PYTHONPATH} /usr/bin/python3 setup.py egg_info --egg-base ../../build/lab2 build --build-base /uolstore/home/users/mn22df/ros2_ws/build/lab2/build install --record /uolstore/home/users/mn22df/ros2_ws/build/lab2/install.log --single-version-externally-managed
[3.129s] DEBUG:colcon.colcon_core.event_handler.log_command:Invoking command in '/uolstore/home/users/mn22df/ros2_ws/src/lab3': PYTHONPATH=/uolstore/home/users/mn22df/ros2_ws/build/lab3/prefix_override:/uolstore/home/users/mn22df/ros2_ws/install/lab3/lib/python3.10/site-packages:${PYTHONPATH} /usr/bin/python3 setup.py egg_info --egg-base ../../build/lab3 build --build-base /uolstore/home/users/mn22df/ros2_ws/build/lab3/build install --record /uolstore/home/users/mn22df/ros2_ws/build/lab3/install.log --single-version-externally-managed
[3.337s] Level 1:colcon.colcon_core.environment:create_environment_scripts_only(turtlebot3_gazebo)
[3.338s] DEBUG:colcon.colcon_core.event_handler.log_command:Invoked command in '/uolstore/home/users/mn22df/ros2_ws/build/turtlebot3_gazebo' returned '0': CMAKE_PREFIX_PATH=${CMAKE_PREFIX_PATH}:/uolstore/home/users/mn22df/ros2_ws/install/lab3:/uolstore/home/users/mn22df/ros2_ws/install/lab2:/uolstore/home/users/mn22df/ros2_ws/install/lab1:/opt/ros/humble /usr/bin/cmake --install /uolstore/home/users/mn22df/ros2_ws/build/turtlebot3_gazebo
[3.353s] Level 1:colcon.colcon_core.environment:checking '/uolstore/home/users/mn22df/ros2_ws/install/turtlebot3_gazebo' for CMake module files
[3.356s] Level 1:colcon.colcon_core.environment:checking '/uolstore/home/users/mn22df/ros2_ws/install/turtlebot3_gazebo' for CMake config files
[3.489s] Level 1:colcon.colcon_core.shell:create_environment_hook('turtlebot3_gazebo', 'cmake_prefix_path')
[3.505s] INFO:colcon.colcon_core.shell:Creating environment hook '/uolstore/home/users/mn22df/ros2_ws/install/turtlebot3_gazebo/share/turtlebot3_gazebo/hook/cmake_prefix_path.ps1'
[3.508s] INFO:colcon.colcon_core.shell:Creating environment descriptor '/uolstore/home/users/mn22df/ros2_ws/install/turtlebot3_gazebo/share/turtlebot3_gazebo/hook/cmake_prefix_path.dsv'
[3.513s] INFO:colcon.colcon_core.shell:Creating environment hook '/uolstore/home/users/mn22df/ros2_ws/install/turtlebot3_gazebo/share/turtlebot3_gazebo/hook/cmake_prefix_path.sh'
[3.518s] Level 1:colcon.colcon_core.environment:checking '/uolstore/home/users/mn22df/ros2_ws/install/turtlebot3_gazebo/lib'
[3.518s] Level 1:colcon.colcon_core.environment:checking '/uolstore/home/users/mn22df/ros2_ws/install/turtlebot3_gazebo/bin'
[3.518s] Level 1:colcon.colcon_core.environment:checking '/uolstore/home/users/mn22df/ros2_ws/install/turtlebot3_gazebo/lib/pkgconfig/turtlebot3_gazebo.pc'
[3.519s] Level 1:colcon.colcon_core.environment:checking '/uolstore/home/users/mn22df/ros2_ws/install/turtlebot3_gazebo/lib/python3.10/site-packages'
[3.519s] Level 1:colcon.colcon_core.environment:checking '/uolstore/home/users/mn22df/ros2_ws/install/turtlebot3_gazebo/bin'
[3.535s] INFO:colcon.colcon_core.shell:Creating package script '/uolstore/home/users/mn22df/ros2_ws/install/turtlebot3_gazebo/share/turtlebot3_gazebo/package.ps1'
[3.539s] INFO:colcon.colcon_core.shell:Creating package descriptor '/uolstore/home/users/mn22df/ros2_ws/install/turtlebot3_gazebo/share/turtlebot3_gazebo/package.dsv'
[3.542s] INFO:colcon.colcon_core.shell:Creating package script '/uolstore/home/users/mn22df/ros2_ws/install/turtlebot3_gazebo/share/turtlebot3_gazebo/package.sh'
[3.546s] INFO:colcon.colcon_core.shell:Creating package script '/uolstore/home/users/mn22df/ros2_ws/install/turtlebot3_gazebo/share/turtlebot3_gazebo/package.bash'
[3.550s] INFO:colcon.colcon_core.shell:Creating package script '/uolstore/home/users/mn22df/ros2_ws/install/turtlebot3_gazebo/share/turtlebot3_gazebo/package.zsh'
[3.554s] Level 1:colcon.colcon_core.environment:create_file_with_runtime_dependencies(/uolstore/home/users/mn22df/ros2_ws/install/turtlebot3_gazebo/share/colcon-core/packages/turtlebot3_gazebo)
[3.562s] DEBUG:colcon.colcon_core.event_handler.log_command:Invoked command in '/uolstore/home/users/mn22df/ros2_ws/src/lab1' returned '0': PYTHONPATH=/uolstore/home/users/mn22df/ros2_ws/build/lab1/prefix_override:/uolstore/home/users/mn22df/ros2_ws/install/lab1/lib/python3.10/site-packages:${PYTHONPATH} /usr/bin/python3 setup.py egg_info --egg-base ../../build/lab1 build --build-base /uolstore/home/users/mn22df/ros2_ws/build/lab1/build install --record /uolstore/home/users/mn22df/ros2_ws/build/lab1/install.log --single-version-externally-managed
[3.577s] Level 1:colcon.colcon_core.environment:checking '/uolstore/home/users/mn22df/ros2_ws/install/lab1' for CMake module files
[3.580s] Level 1:colcon.colcon_core.environment:checking '/uolstore/home/users/mn22df/ros2_ws/install/lab1' for CMake config files
[3.588s] Level 1:colcon.colcon_core.environment:checking '/uolstore/home/users/mn22df/ros2_ws/install/lab1/lib'
[3.588s] Level 1:colcon.colcon_core.environment:checking '/uolstore/home/users/mn22df/ros2_ws/install/lab1/bin'
[3.589s] Level 1:colcon.colcon_core.environment:checking '/uolstore/home/users/mn22df/ros2_ws/install/lab1/lib/pkgconfig/lab1.pc'
[3.589s] Level 1:colcon.colcon_core.environment:checking '/uolstore/home/users/mn22df/ros2_ws/install/lab1/lib/python3.10/site-packages'
[3.589s] Level 1:colcon.colcon_core.shell:create_environment_hook('lab1', 'pythonpath')
[3.605s] INFO:colcon.colcon_core.shell:Creating environment hook '/uolstore/home/users/mn22df/ros2_ws/install/lab1/share/lab1/hook/pythonpath.ps1'
[3.609s] INFO:colcon.colcon_core.shell:Creating environment descriptor '/uolstore/home/users/mn22df/ros2_ws/install/lab1/share/lab1/hook/pythonpath.dsv'
[3.612s] INFO:colcon.colcon_core.shell:Creating environment hook '/uolstore/home/users/mn22df/ros2_ws/install/lab1/share/lab1/hook/pythonpath.sh'
[3.617s] Level 1:colcon.colcon_core.environment:checking '/uolstore/home/users/mn22df/ros2_ws/install/lab1/bin'
[3.617s] Level 1:colcon.colcon_core.environment:create_environment_scripts_only(lab1)
[3.629s] INFO:colcon.colcon_core.shell:Creating package script '/uolstore/home/users/mn22df/ros2_ws/install/lab1/share/lab1/package.ps1'
[3.632s] INFO:colcon.colcon_core.shell:Creating package descriptor '/uolstore/home/users/mn22df/ros2_ws/install/lab1/share/lab1/package.dsv'
[3.637s] INFO:colcon.colcon_core.shell:Creating package script '/uolstore/home/users/mn22df/ros2_ws/install/lab1/share/lab1/package.sh'
[3.640s] INFO:colcon.colcon_core.shell:Creating package script '/uolstore/home/users/mn22df/ros2_ws/install/lab1/share/lab1/package.bash'
[3.643s] INFO:colcon.colcon_core.shell:Creating package script '/uolstore/home/users/mn22df/ros2_ws/install/lab1/share/lab1/package.zsh'
[3.647s] Level 1:colcon.colcon_core.environment:create_file_with_runtime_dependencies(/uolstore/home/users/mn22df/ros2_ws/install/lab1/share/colcon-core/packages/lab1)
[3.655s] DEBUG:colcon.colcon_core.event_handler.log_command:Invoked command in '/uolstore/home/users/mn22df/ros2_ws/src/lab2' returned '0': PYTHONPATH=/uolstore/home/users/mn22df/ros2_ws/build/lab2/prefix_override:/uolstore/home/users/mn22df/ros2_ws/install/lab2/lib/python3.10/site-packages:${PYTHONPATH} /usr/bin/python3 setup.py egg_info --egg-base ../../build/lab2 build --build-base /uolstore/home/users/mn22df/ros2_ws/build/lab2/build install --record /uolstore/home/users/mn22df/ros2_ws/build/lab2/install.log --single-version-externally-managed
[3.663s] Level 1:colcon.colcon_core.environment:checking '/uolstore/home/users/mn22df/ros2_ws/install/lab2' for CMake module files
[3.666s] Level 1:colcon.colcon_core.environment:checking '/uolstore/home/users/mn22df/ros2_ws/install/lab2' for CMake config files
[3.674s] Level 1:colcon.colcon_core.environment:checking '/uolstore/home/users/mn22df/ros2_ws/install/lab2/lib'
[3.674s] Level 1:colcon.colcon_core.environment:checking '/uolstore/home/users/mn22df/ros2_ws/install/lab2/bin'
[3.674s] Level 1:colcon.colcon_core.environment:checking '/uolstore/home/users/mn22df/ros2_ws/install/lab2/lib/pkgconfig/lab2.pc'
[3.675s] Level 1:colcon.colcon_core.environment:checking '/uolstore/home/users/mn22df/ros2_ws/install/lab2/lib/python3.10/site-packages'
[3.675s] Level 1:colcon.colcon_core.shell:create_environment_hook('lab2', 'pythonpath')
[3.687s] INFO:colcon.colcon_core.shell:Creating environment hook '/uolstore/home/users/mn22df/ros2_ws/install/lab2/share/lab2/hook/pythonpath.ps1'
[3.692s] INFO:colcon.colcon_core.shell:Creating environment descriptor '/uolstore/home/users/mn22df/ros2_ws/install/lab2/share/lab2/hook/pythonpath.dsv'
[3.695s] INFO:colcon.colcon_core.shell:Creating environment hook '/uolstore/home/users/mn22df/ros2_ws/install/lab2/share/lab2/hook/pythonpath.sh'
[3.699s] Level 1:colcon.colcon_core.environment:checking '/uolstore/home/users/mn22df/ros2_ws/install/lab2/bin'
[3.699s] Level 1:colcon.colcon_core.environment:create_environment_scripts_only(lab2)
[3.712s] INFO:colcon.colcon_core.shell:Creating package script '/uolstore/home/users/mn22df/ros2_ws/install/lab2/share/lab2/package.ps1'
[3.716s] INFO:colcon.colcon_core.shell:Creating package descriptor '/uolstore/home/users/mn22df/ros2_ws/install/lab2/share/lab2/package.dsv'
[3.718s] INFO:colcon.colcon_core.shell:Creating package script '/uolstore/home/users/mn22df/ros2_ws/install/lab2/share/lab2/package.sh'
[3.722s] INFO:colcon.colcon_core.shell:Creating package script '/uolstore/home/users/mn22df/ros2_ws/install/lab2/share/lab2/package.bash'
[3.725s] INFO:colcon.colcon_core.shell:Creating package script '/uolstore/home/users/mn22df/ros2_ws/install/lab2/share/lab2/package.zsh'
[3.728s] Level 1:colcon.colcon_core.environment:create_file_with_runtime_dependencies(/uolstore/home/users/mn22df/ros2_ws/install/lab2/share/colcon-core/packages/lab2)
[3.744s] Level 1:colcon.colcon_core.environment:create_environment_scripts_only(turtlebot3_gazebo)
[3.757s] Level 1:colcon.colcon_core.environment:checking '/uolstore/home/users/mn22df/ros2_ws/install/turtlebot3_gazebo' for CMake module files
[3.762s] Level 1:colcon.colcon_core.environment:checking '/uolstore/home/users/mn22df/ros2_ws/install/turtlebot3_gazebo' for CMake config files
[3.836s] Level 1:colcon.colcon_core.shell:create_environment_hook('turtlebot3_gazebo', 'cmake_prefix_path')
[3.850s] INFO:colcon.colcon_core.shell:Creating environment hook '/uolstore/home/users/mn22df/ros2_ws/install/turtlebot3_gazebo/share/turtlebot3_gazebo/hook/cmake_prefix_path.ps1'
[3.855s] INFO:colcon.colcon_core.shell:Creating environment descriptor '/uolstore/home/users/mn22df/ros2_ws/install/turtlebot3_gazebo/share/turtlebot3_gazebo/hook/cmake_prefix_path.dsv'
[3.858s] INFO:colcon.colcon_core.shell:Creating environment hook '/uolstore/home/users/mn22df/ros2_ws/install/turtlebot3_gazebo/share/turtlebot3_gazebo/hook/cmake_prefix_path.sh'
[3.864s] Level 1:colcon.colcon_core.environment:checking '/uolstore/home/users/mn22df/ros2_ws/install/turtlebot3_gazebo/lib'
[3.864s] Level 1:colcon.colcon_core.environment:checking '/uolstore/home/users/mn22df/ros2_ws/install/turtlebot3_gazebo/bin'
[3.864s] Level 1:colcon.colcon_core.environment:checking '/uolstore/home/users/mn22df/ros2_ws/install/turtlebot3_gazebo/lib/pkgconfig/turtlebot3_gazebo.pc'
[3.864s] Level 1:colcon.colcon_core.environment:checking '/uolstore/home/users/mn22df/ros2_ws/install/turtlebot3_gazebo/lib/python3.10/site-packages'
[3.864s] Level 1:colcon.colcon_core.environment:checking '/uolstore/home/users/mn22df/ros2_ws/install/turtlebot3_gazebo/bin'
[3.880s] INFO:colcon.colcon_core.shell:Creating package script '/uolstore/home/users/mn22df/ros2_ws/install/turtlebot3_gazebo/share/turtlebot3_gazebo/package.ps1'
[3.883s] INFO:colcon.colcon_core.shell:Creating package descriptor '/uolstore/home/users/mn22df/ros2_ws/install/turtlebot3_gazebo/share/turtlebot3_gazebo/package.dsv'
[3.887s] INFO:colcon.colcon_core.shell:Creating package script '/uolstore/home/users/mn22df/ros2_ws/install/turtlebot3_gazebo/share/turtlebot3_gazebo/package.sh'
[3.890s] INFO:colcon.colcon_core.shell:Creating package script '/uolstore/home/users/mn22df/ros2_ws/install/turtlebot3_gazebo/share/turtlebot3_gazebo/package.bash'
[3.894s] INFO:colcon.colcon_core.shell:Creating package script '/uolstore/home/users/mn22df/ros2_ws/install/turtlebot3_gazebo/share/turtlebot3_gazebo/package.zsh'
[3.897s] Level 1:colcon.colcon_core.environment:create_file_with_runtime_dependencies(/uolstore/home/users/mn22df/ros2_ws/install/turtlebot3_gazebo/share/colcon-core/packages/turtlebot3_gazebo)
[3.900s] INFO:colcon.colcon_ros.task.ament_cmake.build:Building ROS package in '/uolstore/home/users/mn22df/ros2_ws/src/turtlebot3_simulations/turtlebot3_simulations' with build type 'ament_cmake'
[3.900s] INFO:colcon.colcon_cmake.task.cmake.build:Building CMake package in '/uolstore/home/users/mn22df/ros2_ws/src/turtlebot3_simulations/turtlebot3_simulations'
[3.914s] INFO:colcon.colcon_core.shell:Skip shell extension 'powershell' for command environment: Not usable outside of PowerShell
[3.914s] DEBUG:colcon.colcon_core.shell:Skip shell extension 'dsv' for command environment
[3.978s] DEBUG:colcon.colcon_core.event_handler.log_command:Invoked command in '/uolstore/home/users/mn22df/ros2_ws/src/lab3' returned '0': PYTHONPATH=/uolstore/home/users/mn22df/ros2_ws/build/lab3/prefix_override:/uolstore/home/users/mn22df/ros2_ws/install/lab3/lib/python3.10/site-packages:${PYTHONPATH} /usr/bin/python3 setup.py egg_info --egg-base ../../build/lab3 build --build-base /uolstore/home/users/mn22df/ros2_ws/build/lab3/build install --record /uolstore/home/users/mn22df/ros2_ws/build/lab3/install.log --single-version-externally-managed
[3.992s] Level 1:colcon.colcon_core.environment:checking '/uolstore/home/users/mn22df/ros2_ws/install/lab3' for CMake module files
[3.996s] Level 1:colcon.colcon_core.environment:checking '/uolstore/home/users/mn22df/ros2_ws/install/lab3' for CMake config files
[4.004s] Level 1:colcon.colcon_core.environment:checking '/uolstore/home/users/mn22df/ros2_ws/install/lab3/lib'
[4.005s] Level 1:colcon.colcon_core.environment:checking '/uolstore/home/users/mn22df/ros2_ws/install/lab3/bin'
[4.005s] Level 1:colcon.colcon_core.environment:checking '/uolstore/home/users/mn22df/ros2_ws/install/lab3/lib/pkgconfig/lab3.pc'
[4.005s] Level 1:colcon.colcon_core.environment:checking '/uolstore/home/users/mn22df/ros2_ws/install/lab3/lib/python3.10/site-packages'
[4.005s] Level 1:colcon.colcon_core.shell:create_environment_hook('lab3', 'pythonpath')
[4.019s] INFO:colcon.colcon_core.shell:Creating environment hook '/uolstore/home/users/mn22df/ros2_ws/install/lab3/share/lab3/hook/pythonpath.ps1'
[4.023s] INFO:colcon.colcon_core.shell:Creating environment descriptor '/uolstore/home/users/mn22df/ros2_ws/install/lab3/share/lab3/hook/pythonpath.dsv'
[4.026s] INFO:colcon.colcon_core.shell:Creating environment hook '/uolstore/home/users/mn22df/ros2_ws/install/lab3/share/lab3/hook/pythonpath.sh'
[4.031s] Level 1:colcon.colcon_core.environment:checking '/uolstore/home/users/mn22df/ros2_ws/install/lab3/bin'
[4.031s] Level 1:colcon.colcon_core.environment:create_environment_scripts_only(lab3)
[4.047s] INFO:colcon.colcon_core.shell:Creating package script '/uolstore/home/users/mn22df/ros2_ws/install/lab3/share/lab3/package.ps1'
[4.051s] INFO:colcon.colcon_core.shell:Creating package descriptor '/uolstore/home/users/mn22df/ros2_ws/install/lab3/share/lab3/package.dsv'
[4.054s] INFO:colcon.colcon_core.shell:Creating package script '/uolstore/home/users/mn22df/ros2_ws/install/lab3/share/lab3/package.sh'
[4.058s] INFO:colcon.colcon_core.shell:Creating package script '/uolstore/home/users/mn22df/ros2_ws/install/lab3/share/lab3/package.bash'
[4.061s] INFO:colcon.colcon_core.shell:Creating package script '/uolstore/home/users/mn22df/ros2_ws/install/lab3/share/lab3/package.zsh'
[4.064s] Level 1:colcon.colcon_core.environment:create_file_with_runtime_dependencies(/uolstore/home/users/mn22df/ros2_ws/install/lab3/share/colcon-core/packages/lab3)
[4.086s] DEBUG:colcon.colcon_core.event_handler.log_command:Invoking command in '/uolstore/home/users/mn22df/ros2_ws/build/turtlebot3_simulations': CMAKE_PREFIX_PATH=/uolstore/home/users/mn22df/ros2_ws/install/turtlebot3_gazebo:/uolstore/home/users/mn22df/ros2_ws/install/turtlebot3_fake_node:/uolstore/home/users/mn22df/ros2_ws/install/turtlebot3_simulations:/uolstore/home/users/mn22df/ros2_ws/install/lab3:/uolstore/home/users/mn22df/ros2_ws/install/lab2:/uolstore/home/users/mn22df/ros2_ws/install/lab1:/opt/ros/humble /usr/bin/cmake --build /uolstore/home/users/mn22df/ros2_ws/build/turtlebot3_simulations -- -j20 -l20
[4.133s] DEBUG:colcon.colcon_core.event_handler.log_command:Invoked command in '/uolstore/home/users/mn22df/ros2_ws/build/turtlebot3_simulations' returned '0': CMAKE_PREFIX_PATH=/uolstore/home/users/mn22df/ros2_ws/install/turtlebot3_gazebo:/uolstore/home/users/mn22df/ros2_ws/install/turtlebot3_fake_node:/uolstore/home/users/mn22df/ros2_ws/install/turtlebot3_simulations:/uolstore/home/users/mn22df/ros2_ws/install/lab3:/uolstore/home/users/mn22df/ros2_ws/install/lab2:/uolstore/home/users/mn22df/ros2_ws/install/lab1:/opt/ros/humble /usr/bin/cmake --build /uolstore/home/users/mn22df/ros2_ws/build/turtlebot3_simulations -- -j20 -l20
[4.162s] DEBUG:colcon.colcon_core.event_handler.log_command:Invoking command in '/uolstore/home/users/mn22df/ros2_ws/build/turtlebot3_simulations': CMAKE_PREFIX_PATH=/uolstore/home/users/mn22df/ros2_ws/install/turtlebot3_gazebo:/uolstore/home/users/mn22df/ros2_ws/install/turtlebot3_fake_node:/uolstore/home/users/mn22df/ros2_ws/install/turtlebot3_simulations:/uolstore/home/users/mn22df/ros2_ws/install/lab3:/uolstore/home/users/mn22df/ros2_ws/install/lab2:/uolstore/home/users/mn22df/ros2_ws/install/lab1:/opt/ros/humble /usr/bin/cmake --install /uolstore/home/users/mn22df/ros2_ws/build/turtlebot3_simulations
[4.202s] Level 1:colcon.colcon_core.environment:create_environment_scripts_only(turtlebot3_simulations)
[4.202s] DEBUG:colcon.colcon_core.event_handler.log_command:Invoked command in '/uolstore/home/users/mn22df/ros2_ws/build/turtlebot3_simulations' returned '0': CMAKE_PREFIX_PATH=/uolstore/home/users/mn22df/ros2_ws/install/turtlebot3_gazebo:/uolstore/home/users/mn22df/ros2_ws/install/turtlebot3_fake_node:/uolstore/home/users/mn22df/ros2_ws/install/turtlebot3_simulations:/uolstore/home/users/mn22df/ros2_ws/install/lab3:/uolstore/home/users/mn22df/ros2_ws/install/lab2:/uolstore/home/users/mn22df/ros2_ws/install/lab1:/opt/ros/humble /usr/bin/cmake --install /uolstore/home/users/mn22df/ros2_ws/build/turtlebot3_simulations
[4.216s] Level 1:colcon.colcon_core.environment:checking '/uolstore/home/users/mn22df/ros2_ws/install/turtlebot3_simulations' for CMake module files
[4.218s] Level 1:colcon.colcon_core.environment:checking '/uolstore/home/users/mn22df/ros2_ws/install/turtlebot3_simulations' for CMake config files
[4.222s] Level 1:colcon.colcon_core.shell:create_environment_hook('turtlebot3_simulations', 'cmake_prefix_path')
[4.236s] INFO:colcon.colcon_core.shell:Creating environment hook '/uolstore/home/users/mn22df/ros2_ws/install/turtlebot3_simulations/share/turtlebot3_simulations/hook/cmake_prefix_path.ps1'
[4.240s] INFO:colcon.colcon_core.shell:Creating environment descriptor '/uolstore/home/users/mn22df/ros2_ws/install/turtlebot3_simulations/share/turtlebot3_simulations/hook/cmake_prefix_path.dsv'
[4.243s] INFO:colcon.colcon_core.shell:Creating environment hook '/uolstore/home/users/mn22df/ros2_ws/install/turtlebot3_simulations/share/turtlebot3_simulations/hook/cmake_prefix_path.sh'
[4.248s] Level 1:colcon.colcon_core.environment:checking '/uolstore/home/users/mn22df/ros2_ws/install/turtlebot3_simulations/bin'
[4.248s] Level 1:colcon.colcon_core.environment:checking '/uolstore/home/users/mn22df/ros2_ws/install/turtlebot3_simulations/lib/pkgconfig/turtlebot3_simulations.pc'
[4.248s] Level 1:colcon.colcon_core.environment:checking '/uolstore/home/users/mn22df/ros2_ws/install/turtlebot3_simulations/lib/python3.10/site-packages'
[4.249s] Level 1:colcon.colcon_core.environment:checking '/uolstore/home/users/mn22df/ros2_ws/install/turtlebot3_simulations/bin'
[4.268s] INFO:colcon.colcon_core.shell:Creating package script '/uolstore/home/users/mn22df/ros2_ws/install/turtlebot3_simulations/share/turtlebot3_simulations/package.ps1'
[4.272s] INFO:colcon.colcon_core.shell:Creating package descriptor '/uolstore/home/users/mn22df/ros2_ws/install/turtlebot3_simulations/share/turtlebot3_simulations/package.dsv'
[4.276s] INFO:colcon.colcon_core.shell:Creating package script '/uolstore/home/users/mn22df/ros2_ws/install/turtlebot3_simulations/share/turtlebot3_simulations/package.sh'
[4.279s] INFO:colcon.colcon_core.shell:Creating package script '/uolstore/home/users/mn22df/ros2_ws/install/turtlebot3_simulations/share/turtlebot3_simulations/package.bash'
[4.283s] INFO:colcon.colcon_core.shell:Creating package script '/uolstore/home/users/mn22df/ros2_ws/install/turtlebot3_simulations/share/turtlebot3_simulations/package.zsh'
[4.286s] Level 1:colcon.colcon_core.environment:create_file_with_runtime_dependencies(/uolstore/home/users/mn22df/ros2_ws/install/turtlebot3_simulations/share/colcon-core/packages/turtlebot3_simulations)
[4.331s] Level 1:colcon.colcon_core.environment:create_environment_scripts_only(turtlebot3_simulations)
[4.345s] Level 1:colcon.colcon_core.environment:checking '/uolstore/home/users/mn22df/ros2_ws/install/turtlebot3_simulations' for CMake module files
[4.349s] Level 1:colcon.colcon_core.environment:checking '/uolstore/home/users/mn22df/ros2_ws/install/turtlebot3_simulations' for CMake config files
[4.353s] Level 1:colcon.colcon_core.shell:create_environment_hook('turtlebot3_simulations', 'cmake_prefix_path')
[4.366s] INFO:colcon.colcon_core.shell:Creating environment hook '/uolstore/home/users/mn22df/ros2_ws/install/turtlebot3_simulations/share/turtlebot3_simulations/hook/cmake_prefix_path.ps1'
[4.370s] INFO:colcon.colcon_core.shell:Creating environment descriptor '/uolstore/home/users/mn22df/ros2_ws/install/turtlebot3_simulations/share/turtlebot3_simulations/hook/cmake_prefix_path.dsv'
[4.375s] INFO:colcon.colcon_core.shell:Creating environment hook '/uolstore/home/users/mn22df/ros2_ws/install/turtlebot3_simulations/share/turtlebot3_simulations/hook/cmake_prefix_path.sh'
[4.381s] Level 1:colcon.colcon_core.environment:checking '/uolstore/home/users/mn22df/ros2_ws/install/turtlebot3_simulations/bin'
[4.381s] Level 1:colcon.colcon_core.environment:checking '/uolstore/home/users/mn22df/ros2_ws/install/turtlebot3_simulations/lib/pkgconfig/turtlebot3_simulations.pc'
[4.381s] Level 1:colcon.colcon_core.environment:checking '/uolstore/home/users/mn22df/ros2_ws/install/turtlebot3_simulations/lib/python3.10/site-packages'
[4.381s] Level 1:colcon.colcon_core.environment:checking '/uolstore/home/users/mn22df/ros2_ws/install/turtlebot3_simulations/bin'
[4.395s] INFO:colcon.colcon_core.shell:Creating package script '/uolstore/home/users/mn22df/ros2_ws/install/turtlebot3_simulations/share/turtlebot3_simulations/package.ps1'
[4.399s] INFO:colcon.colcon_core.shell:Creating package descriptor '/uolstore/home/users/mn22df/ros2_ws/install/turtlebot3_simulations/share/turtlebot3_simulations/package.dsv'
[4.402s] INFO:colcon.colcon_core.shell:Creating package script '/uolstore/home/users/mn22df/ros2_ws/install/turtlebot3_simulations/share/turtlebot3_simulations/package.sh'
[4.405s] INFO:colcon.colcon_core.shell:Creating package script '/uolstore/home/users/mn22df/ros2_ws/install/turtlebot3_simulations/share/turtlebot3_simulations/package.bash'
[4.409s] INFO:colcon.colcon_core.shell:Creating package script '/uolstore/home/users/mn22df/ros2_ws/install/turtlebot3_simulations/share/turtlebot3_simulations/package.zsh'
[4.413s] Level 1:colcon.colcon_core.environment:create_file_with_runtime_dependencies(/uolstore/home/users/mn22df/ros2_ws/install/turtlebot3_simulations/share/colcon-core/packages/turtlebot3_simulations)
[4.417s] DEBUG:colcon.colcon_parallel_executor.executor.parallel:closing loop
[4.417s] DEBUG:colcon.colcon_parallel_executor.executor.parallel:loop closed
[4.417s] DEBUG:colcon.colcon_parallel_executor.executor.parallel:run_until_complete finished with '0'
[4.417s] DEBUG:colcon.colcon_core.event_reactor:joining thread
[4.446s] INFO:colcon.colcon_core.plugin_system:Skipping extension 'colcon_notification.desktop_notification.notify_send': Could not find 'notify-send'
[4.447s] INFO:colcon.colcon_core.plugin_system:Skipping extension 'colcon_notification.desktop_notification.terminal_notifier': Not used on non-Darwin systems
[4.447s] INFO:colcon.colcon_core.plugin_system:Skipping extension 'colcon_notification.desktop_notification.win32': Not used on non-Windows systems
[4.447s] INFO:colcon.colcon_notification.desktop_notification:Sending desktop notification using 'notify2'
[4.453s] DEBUG:colcon.colcon_core.event_reactor:joined thread
[4.468s] INFO:colcon.colcon_core.shell:Creating prefix script '/uolstore/home/users/mn22df/ros2_ws/install/local_setup.ps1'
[4.471s] INFO:colcon.colcon_core.shell:Creating prefix util module '/uolstore/home/users/mn22df/ros2_ws/install/_local_setup_util_ps1.py'
[4.475s] INFO:colcon.colcon_core.shell:Creating prefix chain script '/uolstore/home/users/mn22df/ros2_ws/install/setup.ps1'
[4.498s] INFO:colcon.colcon_core.shell:Creating prefix script '/uolstore/home/users/mn22df/ros2_ws/install/local_setup.sh'
[4.502s] INFO:colcon.colcon_core.shell:Creating prefix util module '/uolstore/home/users/mn22df/ros2_ws/install/_local_setup_util_sh.py'
[4.506s] INFO:colcon.colcon_core.shell:Creating prefix chain script '/uolstore/home/users/mn22df/ros2_ws/install/setup.sh'
[4.530s] INFO:colcon.colcon_core.shell:Creating prefix script '/uolstore/home/users/mn22df/ros2_ws/install/local_setup.bash'
[4.533s] INFO:colcon.colcon_core.shell:Creating prefix chain script '/uolstore/home/users/mn22df/ros2_ws/install/setup.bash'
[4.560s] INFO:colcon.colcon_core.shell:Creating prefix script '/uolstore/home/users/mn22df/ros2_ws/install/local_setup.zsh'
[4.564s] INFO:colcon.colcon_core.shell:Creating prefix chain script '/uolstore/home/users/mn22df/ros2_ws/install/setup.zsh'
