[1.055s] Invoking command in '/uolstore/home/users/mn22df/ros2_ws/src/lab1': PYTHONPATH=/uolstore/home/users/mn22df/ros2_ws/build/lab1/prefix_override:/uolstore/home/users/mn22df/ros2_ws/install/lab1/lib/python3.10/site-packages:${PYTHONPATH} /usr/bin/python3 setup.py egg_info --egg-base ../../build/lab1 build --build-base /uolstore/home/users/mn22df/ros2_ws/build/lab1/build install --record /uolstore/home/users/mn22df/ros2_ws/build/lab1/install.log --single-version-externally-managed
[1.258s] running egg_info
[1.259s] writing ../../build/lab1/lab1.egg-info/PKG-INFO
[1.264s] writing dependency_links to ../../build/lab1/lab1.egg-info/dependency_links.txt
[1.268s] writing entry points to ../../build/lab1/lab1.egg-info/entry_points.txt
[1.271s] writing requirements to ../../build/lab1/lab1.egg-info/requires.txt
[1.275s] writing top-level names to ../../build/lab1/lab1.egg-info/top_level.txt
[1.285s] reading manifest file '../../build/lab1/lab1.egg-info/SOURCES.txt'
[1.289s] writing manifest file '../../build/lab1/lab1.egg-info/SOURCES.txt'
[1.292s] running build
[1.292s] running build_py
[1.296s] running install
[1.296s] running install_lib
[1.301s] running install_data
[1.304s] running install_egg_info
[1.305s] removing '/uolstore/home/users/mn22df/ros2_ws/install/lab1/lib/python3.10/site-packages/lab1-0.0.0-py3.10.egg-info' (and everything under it)
[1.317s] Copying ../../build/lab1/lab1.egg-info to /uolstore/home/users/mn22df/ros2_ws/install/lab1/lib/python3.10/site-packages/lab1-0.0.0-py3.10.egg-info
[1.365s] running install_scripts
[1.381s] Installing hello script to /uolstore/home/users/mn22df/ros2_ws/install/lab1/lib/lab1
[1.385s] writing list of installed files to '/uolstore/home/users/mn22df/ros2_ws/build/lab1/install.log'
[1.400s] Invoked command in '/uolstore/home/users/mn22df/ros2_ws/src/lab1' returned '0': PYTHONPATH=/uolstore/home/users/mn22df/ros2_ws/build/lab1/prefix_override:/uolstore/home/users/mn22df/ros2_ws/install/lab1/lib/python3.10/site-packages:${PYTHONPATH} /usr/bin/python3 setup.py egg_info --egg-base ../../build/lab1 build --build-base /uolstore/home/users/mn22df/ros2_ws/build/lab1/build install --record /uolstore/home/users/mn22df/ros2_ws/build/lab1/install.log --single-version-externally-managed
