[1.290s] Invoking command in '/uolstore/home/users/mn22df/ros2_ws/src/lab3': PYTHONPATH=/uolstore/home/users/mn22df/ros2_ws/build/lab3/prefix_override:/uolstore/home/users/mn22df/ros2_ws/install/lab3/lib/python3.10/site-packages:${PYTHONPATH} /usr/bin/python3 setup.py egg_info --egg-base ../../build/lab3 build --build-base /uolstore/home/users/mn22df/ros2_ws/build/lab3/build install --record /uolstore/home/users/mn22df/ros2_ws/build/lab3/install.log --single-version-externally-managed
[1.503s] running egg_info
[1.503s] creating ../../build/lab3/lab3.egg-info
[1.505s] writing ../../build/lab3/lab3.egg-info/PKG-INFO
[1.511s] writing dependency_links to ../../build/lab3/lab3.egg-info/dependency_links.txt
[1.514s] writing entry points to ../../build/lab3/lab3.egg-info/entry_points.txt
[1.518s] writing requirements to ../../build/lab3/lab3.egg-info/requires.txt
[1.519s] writing top-level names to ../../build/lab3/lab3.egg-info/top_level.txt
[1.522s] writing manifest file '../../build/lab3/lab3.egg-info/SOURCES.txt'
[1.534s] reading manifest file '../../build/lab3/lab3.egg-info/SOURCES.txt'
[1.537s] writing manifest file '../../build/lab3/lab3.egg-info/SOURCES.txt'
[1.539s] running build
[1.539s] running build_py
[1.540s] creating /uolstore/home/users/mn22df/ros2_ws/build/lab3/build
[1.542s] creating /uolstore/home/users/mn22df/ros2_ws/build/lab3/build/lib
[1.543s] creating /uolstore/home/users/mn22df/ros2_ws/build/lab3/build/lib/lab3
[1.545s] copying lab3/__init__.py -> /uolstore/home/users/mn22df/ros2_ws/build/lab3/build/lib/lab3
[1.550s] copying lab3/firstwalk.py -> /uolstore/home/users/mn22df/ros2_ws/build/lab3/build/lib/lab3
[1.554s] running install
[1.555s] running install_lib
[1.559s] creating /uolstore/home/users/mn22df/ros2_ws/install/lab3/lib/python3.10/site-packages/lab3
[1.561s] copying /uolstore/home/users/mn22df/ros2_ws/build/lab3/build/lib/lab3/__init__.py -> /uolstore/home/users/mn22df/ros2_ws/install/lab3/lib/python3.10/site-packages/lab3
[1.566s] copying /uolstore/home/users/mn22df/ros2_ws/build/lab3/build/lib/lab3/firstwalk.py -> /uolstore/home/users/mn22df/ros2_ws/install/lab3/lib/python3.10/site-packages/lab3
[1.576s] byte-compiling /uolstore/home/users/mn22df/ros2_ws/install/lab3/lib/python3.10/site-packages/lab3/__init__.py to __init__.cpython-310.pyc
[1.582s] byte-compiling /uolstore/home/users/mn22df/ros2_ws/install/lab3/lib/python3.10/site-packages/lab3/firstwalk.py to firstwalk.cpython-310.pyc
[1.588s] running install_data
[1.589s] creating /uolstore/home/users/mn22df/ros2_ws/install/lab3/share/ament_index
[1.590s] creating /uolstore/home/users/mn22df/ros2_ws/install/lab3/share/ament_index/resource_index
[1.592s] creating /uolstore/home/users/mn22df/ros2_ws/install/lab3/share/ament_index/resource_index/packages
[1.595s] copying resource/lab3 -> /uolstore/home/users/mn22df/ros2_ws/install/lab3/share/ament_index/resource_index/packages
[1.598s] copying package.xml -> /uolstore/home/users/mn22df/ros2_ws/install/lab3/share/lab3
[1.603s] running install_egg_info
[1.607s] Copying ../../build/lab3/lab3.egg-info to /uolstore/home/users/mn22df/ros2_ws/install/lab3/lib/python3.10/site-packages/lab3-0.0.0-py3.10.egg-info
[1.663s] running install_scripts
[1.680s] Installing firstwalk script to /uolstore/home/users/mn22df/ros2_ws/install/lab3/lib/lab3
[1.684s] writing list of installed files to '/uolstore/home/users/mn22df/ros2_ws/build/lab3/install.log'
[1.788s] Invoked command in '/uolstore/home/users/mn22df/ros2_ws/src/lab3' returned '0': PYTHONPATH=/uolstore/home/users/mn22df/ros2_ws/build/lab3/prefix_override:/uolstore/home/users/mn22df/ros2_ws/install/lab3/lib/python3.10/site-packages:${PYTHONPATH} /usr/bin/python3 setup.py egg_info --egg-base ../../build/lab3 build --build-base /uolstore/home/users/mn22df/ros2_ws/build/lab3/build install --record /uolstore/home/users/mn22df/ros2_ws/build/lab3/install.log --single-version-externally-managed
