[0.456s] Invoking command in '/uolstore/home/users/mn22df/ros2_ws/build/turtlebot3_fake_node': CMAKE_PREFIX_PATH=${CMAKE_PREFIX_PATH}:/uolstore/home/users/mn22df/ros2_ws/install/lab3:/uolstore/home/users/mn22df/ros2_ws/install/lab2:/uolstore/home/users/mn22df/ros2_ws/install/lab1:/opt/ros/humble /usr/bin/cmake --build /uolstore/home/users/mn22df/ros2_ws/build/turtlebot3_fake_node -- -j20 -l20
[1.108s] [100%] Built target turtlebot3_fake_node
[1.109s] Invoked command in '/uolstore/home/users/mn22df/ros2_ws/build/turtlebot3_fake_node' returned '0': CMAKE_PREFIX_PATH=${CMAKE_PREFIX_PATH}:/uolstore/home/users/mn22df/ros2_ws/install/lab3:/uolstore/home/users/mn22df/ros2_ws/install/lab2:/uolstore/home/users/mn22df/ros2_ws/install/lab1:/opt/ros/humble /usr/bin/cmake --build /uolstore/home/users/mn22df/ros2_ws/build/turtlebot3_fake_node -- -j20 -l20
[1.437s] Invoking command in '/uolstore/home/users/mn22df/ros2_ws/build/turtlebot3_fake_node': CMAKE_PREFIX_PATH=${CMAKE_PREFIX_PATH}:/uolstore/home/users/mn22df/ros2_ws/install/lab3:/uolstore/home/users/mn22df/ros2_ws/install/lab2:/uolstore/home/users/mn22df/ros2_ws/install/lab1:/opt/ros/humble /usr/bin/cmake --install /uolstore/home/users/mn22df/ros2_ws/build/turtlebot3_fake_node
[1.446s] -- Install configuration: ""
[1.452s] -- Up-to-date: /uolstore/home/users/mn22df/ros2_ws/install/turtlebot3_fake_node/lib/turtlebot3_fake_node/turtlebot3_fake_node
[1.455s] -- Up-to-date: /uolstore/home/users/mn22df/ros2_ws/install/turtlebot3_fake_node/share/turtlebot3_fake_node/launch
[1.457s] -- Up-to-date: /uolstore/home/users/mn22df/ros2_ws/install/turtlebot3_fake_node/share/turtlebot3_fake_node/launch/rviz2.launch.py
[1.458s] -- Up-to-date: /uolstore/home/users/mn22df/ros2_ws/install/turtlebot3_fake_node/share/turtlebot3_fake_node/launch/turtlebot3_fake_node.launch.py
[1.459s] -- Up-to-date: /uolstore/home/users/mn22df/ros2_ws/install/turtlebot3_fake_node/share/turtlebot3_fake_node/param
[1.462s] -- Up-to-date: /uolstore/home/users/mn22df/ros2_ws/install/turtlebot3_fake_node/share/turtlebot3_fake_node/param/burger.yaml
[1.464s] -- Up-to-date: /uolstore/home/users/mn22df/ros2_ws/install/turtlebot3_fake_node/share/turtlebot3_fake_node/param/waffle.yaml
[1.465s] -- Up-to-date: /uolstore/home/users/mn22df/ros2_ws/install/turtlebot3_fake_node/share/turtlebot3_fake_node/param/waffle_pi.yaml
[1.466s] -- Up-to-date: /uolstore/home/users/mn22df/ros2_ws/install/turtlebot3_fake_node/include/
[1.468s] -- Up-to-date: /uolstore/home/users/mn22df/ros2_ws/install/turtlebot3_fake_node/include//turtlebot3_fake_node
[1.470s] -- Up-to-date: /uolstore/home/users/mn22df/ros2_ws/install/turtlebot3_fake_node/include//turtlebot3_fake_node/turtlebot3_fake_node.hpp
[1.471s] -- Up-to-date: /uolstore/home/users/mn22df/ros2_ws/install/turtlebot3_fake_node/share/ament_index/resource_index/package_run_dependencies/turtlebot3_fake_node
[1.472s] -- Up-to-date: /uolstore/home/users/mn22df/ros2_ws/install/turtlebot3_fake_node/share/ament_index/resource_index/parent_prefix_path/turtlebot3_fake_node
[1.473s] -- Up-to-date: /uolstore/home/users/mn22df/ros2_ws/install/turtlebot3_fake_node/share/turtlebot3_fake_node/environment/ament_prefix_path.sh
[1.474s] -- Up-to-date: /uolstore/home/users/mn22df/ros2_ws/install/turtlebot3_fake_node/share/turtlebot3_fake_node/environment/ament_prefix_path.dsv
[1.475s] -- Up-to-date: /uolstore/home/users/mn22df/ros2_ws/install/turtlebot3_fake_node/share/turtlebot3_fake_node/environment/path.sh
[1.477s] -- Up-to-date: /uolstore/home/users/mn22df/ros2_ws/install/turtlebot3_fake_node/share/turtlebot3_fake_node/environment/path.dsv
[1.478s] -- Up-to-date: /uolstore/home/users/mn22df/ros2_ws/install/turtlebot3_fake_node/share/turtlebot3_fake_node/local_setup.bash
[1.479s] -- Up-to-date: /uolstore/home/users/mn22df/ros2_ws/install/turtlebot3_fake_node/share/turtlebot3_fake_node/local_setup.sh
[1.480s] -- Up-to-date: /uolstore/home/users/mn22df/ros2_ws/install/turtlebot3_fake_node/share/turtlebot3_fake_node/local_setup.zsh
[1.481s] -- Up-to-date: /uolstore/home/users/mn22df/ros2_ws/install/turtlebot3_fake_node/share/turtlebot3_fake_node/local_setup.dsv
[1.482s] -- Installing: /uolstore/home/users/mn22df/ros2_ws/install/turtlebot3_fake_node/share/turtlebot3_fake_node/package.dsv
[1.493s] -- Up-to-date: /uolstore/home/users/mn22df/ros2_ws/install/turtlebot3_fake_node/share/ament_index/resource_index/packages/turtlebot3_fake_node
[1.495s] -- Up-to-date: /uolstore/home/users/mn22df/ros2_ws/install/turtlebot3_fake_node/share/turtlebot3_fake_node/cmake/ament_cmake_export_include_directories-extras.cmake
[1.496s] -- Up-to-date: /uolstore/home/users/mn22df/ros2_ws/install/turtlebot3_fake_node/share/turtlebot3_fake_node/cmake/ament_cmake_export_dependencies-extras.cmake
[1.497s] -- Up-to-date: /uolstore/home/users/mn22df/ros2_ws/install/turtlebot3_fake_node/share/turtlebot3_fake_node/cmake/turtlebot3_fake_nodeConfig.cmake
[1.497s] -- Up-to-date: /uolstore/home/users/mn22df/ros2_ws/install/turtlebot3_fake_node/share/turtlebot3_fake_node/cmake/turtlebot3_fake_nodeConfig-version.cmake
[1.499s] -- Up-to-date: /uolstore/home/users/mn22df/ros2_ws/install/turtlebot3_fake_node/share/turtlebot3_fake_node/package.xml
[1.504s] Invoked command in '/uolstore/home/users/mn22df/ros2_ws/build/turtlebot3_fake_node' returned '0': CMAKE_PREFIX_PATH=${CMAKE_PREFIX_PATH}:/uolstore/home/users/mn22df/ros2_ws/install/lab3:/uolstore/home/users/mn22df/ros2_ws/install/lab2:/uolstore/home/users/mn22df/ros2_ws/install/lab1:/opt/ros/humble /usr/bin/cmake --install /uolstore/home/users/mn22df/ros2_ws/build/turtlebot3_fake_node
