[0.098s] Invoking command in '/uolstore/home/users/mn22df/ros2_ws/build/turtlebot3_simulations': AMENT_PREFIX_PATH=/uolstore/home/users/mn22df/ros2_ws/install/turtlebot3_gazebo:/uolstore/home/users/mn22df/ros2_ws/install/turtlebot3_fake_node:${AMENT_PREFIX_PATH} CMAKE_PREFIX_PATH=/uolstore/home/users/mn22df/ros2_ws/install/turtlebot3_gazebo:/uolstore/home/users/mn22df/ros2_ws/install/turtlebot3_fake_node:/uolstore/home/users/mn22df/ros2_ws/install/lab2:/uolstore/home/users/mn22df/ros2_ws/install/lab1:/opt/ros/humble /usr/bin/cmake /uolstore/home/users/mn22df/ros2_ws/src/turtlebot3_simulations/turtlebot3_simulations -DCMAKE_INSTALL_PREFIX=/uolstore/home/users/mn22df/ros2_ws/install/turtlebot3_simulations
[0.232s] -- The C compiler identification is GNU 11.4.0
[0.326s] -- The CXX compiler identification is GNU 11.4.0
[0.346s] -- Detecting C compiler ABI info
[0.593s] -- Detecting C compiler ABI info - done
[0.606s] -- Check for working C compiler: /usr/bin/cc - skipped
[0.606s] -- Detecting C compile features
[0.607s] -- Detecting C compile features - done
[0.624s] -- Detecting CXX compiler ABI info
[0.851s] -- Detecting CXX compiler ABI info - done
[0.863s] -- Check for working CXX compiler: /usr/bin/c++ - skipped
[0.864s] -- Detecting CXX compile features
[0.864s] -- Detecting CXX compile features - done
[0.903s] -- Found ament_cmake: 1.3.7 (/opt/ros/humble/share/ament_cmake/cmake)
[1.086s] -- Found Python3: /usr/bin/python3.10 (found version "3.10.12") found components: Interpreter 
[1.630s] -- Configuring done
[1.747s] -- Generating done
[1.779s] -- Build files have been written to: /uolstore/home/users/mn22df/ros2_ws/build/turtlebot3_simulations
[1.782s] Invoked command in '/uolstore/home/users/mn22df/ros2_ws/build/turtlebot3_simulations' returned '0': AMENT_PREFIX_PATH=/uolstore/home/users/mn22df/ros2_ws/install/turtlebot3_gazebo:/uolstore/home/users/mn22df/ros2_ws/install/turtlebot3_fake_node:${AMENT_PREFIX_PATH} CMAKE_PREFIX_PATH=/uolstore/home/users/mn22df/ros2_ws/install/turtlebot3_gazebo:/uolstore/home/users/mn22df/ros2_ws/install/turtlebot3_fake_node:/uolstore/home/users/mn22df/ros2_ws/install/lab2:/uolstore/home/users/mn22df/ros2_ws/install/lab1:/opt/ros/humble /usr/bin/cmake /uolstore/home/users/mn22df/ros2_ws/src/turtlebot3_simulations/turtlebot3_simulations -DCMAKE_INSTALL_PREFIX=/uolstore/home/users/mn22df/ros2_ws/install/turtlebot3_simulations
[1.786s] Invoking command in '/uolstore/home/users/mn22df/ros2_ws/build/turtlebot3_simulations': AMENT_PREFIX_PATH=/uolstore/home/users/mn22df/ros2_ws/install/turtlebot3_gazebo:/uolstore/home/users/mn22df/ros2_ws/install/turtlebot3_fake_node:${AMENT_PREFIX_PATH} CMAKE_PREFIX_PATH=/uolstore/home/users/mn22df/ros2_ws/install/turtlebot3_gazebo:/uolstore/home/users/mn22df/ros2_ws/install/turtlebot3_fake_node:/uolstore/home/users/mn22df/ros2_ws/install/lab2:/uolstore/home/users/mn22df/ros2_ws/install/lab1:/opt/ros/humble /usr/bin/cmake --build /uolstore/home/users/mn22df/ros2_ws/build/turtlebot3_simulations -- -j20 -l20
[1.841s] Invoked command in '/uolstore/home/users/mn22df/ros2_ws/build/turtlebot3_simulations' returned '0': AMENT_PREFIX_PATH=/uolstore/home/users/mn22df/ros2_ws/install/turtlebot3_gazebo:/uolstore/home/users/mn22df/ros2_ws/install/turtlebot3_fake_node:${AMENT_PREFIX_PATH} CMAKE_PREFIX_PATH=/uolstore/home/users/mn22df/ros2_ws/install/turtlebot3_gazebo:/uolstore/home/users/mn22df/ros2_ws/install/turtlebot3_fake_node:/uolstore/home/users/mn22df/ros2_ws/install/lab2:/uolstore/home/users/mn22df/ros2_ws/install/lab1:/opt/ros/humble /usr/bin/cmake --build /uolstore/home/users/mn22df/ros2_ws/build/turtlebot3_simulations -- -j20 -l20
[1.869s] Invoking command in '/uolstore/home/users/mn22df/ros2_ws/build/turtlebot3_simulations': AMENT_PREFIX_PATH=/uolstore/home/users/mn22df/ros2_ws/install/turtlebot3_gazebo:/uolstore/home/users/mn22df/ros2_ws/install/turtlebot3_fake_node:${AMENT_PREFIX_PATH} CMAKE_PREFIX_PATH=/uolstore/home/users/mn22df/ros2_ws/install/turtlebot3_gazebo:/uolstore/home/users/mn22df/ros2_ws/install/turtlebot3_fake_node:/uolstore/home/users/mn22df/ros2_ws/install/lab2:/uolstore/home/users/mn22df/ros2_ws/install/lab1:/opt/ros/humble /usr/bin/cmake --install /uolstore/home/users/mn22df/ros2_ws/build/turtlebot3_simulations
[1.876s] -- Install configuration: ""
[1.884s] -- Installing: /uolstore/home/users/mn22df/ros2_ws/install/turtlebot3_simulations/share/ament_index/resource_index/package_run_dependencies/turtlebot3_simulations
[1.898s] -- Installing: /uolstore/home/users/mn22df/ros2_ws/install/turtlebot3_simulations/share/ament_index/resource_index/parent_prefix_path/turtlebot3_simulations
[1.912s] -- Installing: /uolstore/home/users/mn22df/ros2_ws/install/turtlebot3_simulations/share/turtlebot3_simulations/environment/ament_prefix_path.sh
[1.920s] -- Installing: /uolstore/home/users/mn22df/ros2_ws/install/turtlebot3_simulations/share/turtlebot3_simulations/environment/ament_prefix_path.dsv
[1.930s] -- Installing: /uolstore/home/users/mn22df/ros2_ws/install/turtlebot3_simulations/share/turtlebot3_simulations/environment/path.sh
[1.938s] -- Installing: /uolstore/home/users/mn22df/ros2_ws/install/turtlebot3_simulations/share/turtlebot3_simulations/environment/path.dsv
[1.948s] -- Installing: /uolstore/home/users/mn22df/ros2_ws/install/turtlebot3_simulations/share/turtlebot3_simulations/local_setup.bash
[1.958s] -- Installing: /uolstore/home/users/mn22df/ros2_ws/install/turtlebot3_simulations/share/turtlebot3_simulations/local_setup.sh
[1.968s] -- Installing: /uolstore/home/users/mn22df/ros2_ws/install/turtlebot3_simulations/share/turtlebot3_simulations/local_setup.zsh
[1.979s] -- Installing: /uolstore/home/users/mn22df/ros2_ws/install/turtlebot3_simulations/share/turtlebot3_simulations/local_setup.dsv
[1.989s] -- Installing: /uolstore/home/users/mn22df/ros2_ws/install/turtlebot3_simulations/share/turtlebot3_simulations/package.dsv
[2.002s] -- Installing: /uolstore/home/users/mn22df/ros2_ws/install/turtlebot3_simulations/share/ament_index/resource_index/packages/turtlebot3_simulations
[2.015s] -- Installing: /uolstore/home/users/mn22df/ros2_ws/install/turtlebot3_simulations/share/turtlebot3_simulations/cmake/turtlebot3_simulationsConfig.cmake
[2.024s] -- Installing: /uolstore/home/users/mn22df/ros2_ws/install/turtlebot3_simulations/share/turtlebot3_simulations/cmake/turtlebot3_simulationsConfig-version.cmake
[2.034s] -- Installing: /uolstore/home/users/mn22df/ros2_ws/install/turtlebot3_simulations/share/turtlebot3_simulations/package.xml
[2.046s] Invoked command in '/uolstore/home/users/mn22df/ros2_ws/build/turtlebot3_simulations' returned '0': AMENT_PREFIX_PATH=/uolstore/home/users/mn22df/ros2_ws/install/turtlebot3_gazebo:/uolstore/home/users/mn22df/ros2_ws/install/turtlebot3_fake_node:${AMENT_PREFIX_PATH} CMAKE_PREFIX_PATH=/uolstore/home/users/mn22df/ros2_ws/install/turtlebot3_gazebo:/uolstore/home/users/mn22df/ros2_ws/install/turtlebot3_fake_node:/uolstore/home/users/mn22df/ros2_ws/install/lab2:/uolstore/home/users/mn22df/ros2_ws/install/lab1:/opt/ros/humble /usr/bin/cmake --install /uolstore/home/users/mn22df/ros2_ws/build/turtlebot3_simulations
