[0.605s] Invoking command in '/uolstore/home/users/mn22df/ros2_ws/build/turtlebot3_gazebo': CMAKE_PREFIX_PATH=${CMAKE_PREFIX_PATH}:/uolstore/home/users/mn22df/ros2_ws/install/lab3:/uolstore/home/users/mn22df/ros2_ws/install/lab2:/uolstore/home/users/mn22df/ros2_ws/install/lab1:/opt/ros/humble /usr/bin/cmake --build /uolstore/home/users/mn22df/ros2_ws/build/turtlebot3_gazebo -- -j20 -l20
[1.269s] [ 37%] Built target turtlebot3_drive
[1.270s] [100%] Built target obstacle1
[1.270s] [100%] Built target obstacles
[1.270s] [100%] Built target obstacle2
[1.579s] Invoked command in '/uolstore/home/users/mn22df/ros2_ws/build/turtlebot3_gazebo' returned '0': CMAKE_PREFIX_PATH=${CMAKE_PREFIX_PATH}:/uolstore/home/users/mn22df/ros2_ws/install/lab3:/uolstore/home/users/mn22df/ros2_ws/install/lab2:/uolstore/home/users/mn22df/ros2_ws/install/lab1:/opt/ros/humble /usr/bin/cmake --build /uolstore/home/users/mn22df/ros2_ws/build/turtlebot3_gazebo -- -j20 -l20
[1.657s] Invoking command in '/uolstore/home/users/mn22df/ros2_ws/build/turtlebot3_gazebo': CMAKE_PREFIX_PATH=${CMAKE_PREFIX_PATH}:/uolstore/home/users/mn22df/ros2_ws/install/lab3:/uolstore/home/users/mn22df/ros2_ws/install/lab2:/uolstore/home/users/mn22df/ros2_ws/install/lab1:/opt/ros/humble /usr/bin/cmake --install /uolstore/home/users/mn22df/ros2_ws/build/turtlebot3_gazebo
[1.666s] -- Install configuration: ""
[1.673s] -- Up-to-date: /uolstore/home/users/mn22df/ros2_ws/install/turtlebot3_gazebo/lib/turtlebot3_gazebo/turtlebot3_drive
[1.678s] -- Up-to-date: /uolstore/home/users/mn22df/ros2_ws/install/turtlebot3_gazebo/share/turtlebot3_gazebo//launch
[1.680s] -- Up-to-date: /uolstore/home/users/mn22df/ros2_ws/install/turtlebot3_gazebo/share/turtlebot3_gazebo//launch/empty_world.launch.py
[1.682s] -- Up-to-date: /uolstore/home/users/mn22df/ros2_ws/install/turtlebot3_gazebo/share/turtlebot3_gazebo//launch/robot_state_publisher.launch.py
[1.683s] -- Up-to-date: /uolstore/home/users/mn22df/ros2_ws/install/turtlebot3_gazebo/share/turtlebot3_gazebo//launch/spawn_turtlebot3.launch.py
[1.685s] -- Up-to-date: /uolstore/home/users/mn22df/ros2_ws/install/turtlebot3_gazebo/share/turtlebot3_gazebo//launch/turtlebot3_dqn_stage1.launch.py
[1.686s] -- Up-to-date: /uolstore/home/users/mn22df/ros2_ws/install/turtlebot3_gazebo/share/turtlebot3_gazebo//launch/turtlebot3_dqn_stage2.launch.py
[1.687s] -- Up-to-date: /uolstore/home/users/mn22df/ros2_ws/install/turtlebot3_gazebo/share/turtlebot3_gazebo//launch/turtlebot3_dqn_stage3.launch.py
[1.689s] -- Up-to-date: /uolstore/home/users/mn22df/ros2_ws/install/turtlebot3_gazebo/share/turtlebot3_gazebo//launch/turtlebot3_dqn_stage4.launch.py
[1.690s] -- Up-to-date: /uolstore/home/users/mn22df/ros2_ws/install/turtlebot3_gazebo/share/turtlebot3_gazebo//launch/turtlebot3_house.launch.py
[1.692s] -- Up-to-date: /uolstore/home/users/mn22df/ros2_ws/install/turtlebot3_gazebo/share/turtlebot3_gazebo//launch/turtlebot3_panorama.launch.py
[1.693s] -- Up-to-date: /uolstore/home/users/mn22df/ros2_ws/install/turtlebot3_gazebo/share/turtlebot3_gazebo//launch/turtlebot3_rgb_world.launch.py
[1.694s] -- Up-to-date: /uolstore/home/users/mn22df/ros2_ws/install/turtlebot3_gazebo/share/turtlebot3_gazebo//launch/turtlebot3_space.launch.py
[1.696s] -- Up-to-date: /uolstore/home/users/mn22df/ros2_ws/install/turtlebot3_gazebo/share/turtlebot3_gazebo//launch/turtlebot3_world.launch.py
[1.696s] -- Up-to-date: /uolstore/home/users/mn22df/ros2_ws/install/turtlebot3_gazebo/share/turtlebot3_gazebo//models
[1.699s] -- Up-to-date: /uolstore/home/users/mn22df/ros2_ws/install/turtlebot3_gazebo/share/turtlebot3_gazebo//models/brick_box_3x1x3
[1.702s] -- Up-to-date: /uolstore/home/users/mn22df/ros2_ws/install/turtlebot3_gazebo/share/turtlebot3_gazebo//models/brick_box_3x1x3/materials
[1.703s] -- Up-to-date: /uolstore/home/users/mn22df/ros2_ws/install/turtlebot3_gazebo/share/turtlebot3_gazebo//models/brick_box_3x1x3/materials/scripts
[1.706s] -- Up-to-date: /uolstore/home/users/mn22df/ros2_ws/install/turtlebot3_gazebo/share/turtlebot3_gazebo//models/brick_box_3x1x3/materials/scripts/brick_box.material
[1.707s] -- Up-to-date: /uolstore/home/users/mn22df/ros2_ws/install/turtlebot3_gazebo/share/turtlebot3_gazebo//models/brick_box_3x1x3/materials/textures
[1.710s] -- Up-to-date: /uolstore/home/users/mn22df/ros2_ws/install/turtlebot3_gazebo/share/turtlebot3_gazebo//models/brick_box_3x1x3/materials/textures/simple_box.png
[1.711s] -- Up-to-date: /uolstore/home/users/mn22df/ros2_ws/install/turtlebot3_gazebo/share/turtlebot3_gazebo//models/brick_box_3x1x3/meshes
[1.713s] -- Up-to-date: /uolstore/home/users/mn22df/ros2_ws/install/turtlebot3_gazebo/share/turtlebot3_gazebo//models/brick_box_3x1x3/meshes/simple_box.dae
[1.714s] -- Up-to-date: /uolstore/home/users/mn22df/ros2_ws/install/turtlebot3_gazebo/share/turtlebot3_gazebo//models/brick_box_3x1x3/model-1_3.sdf
[1.716s] -- Up-to-date: /uolstore/home/users/mn22df/ros2_ws/install/turtlebot3_gazebo/share/turtlebot3_gazebo//models/brick_box_3x1x3/model-1_4.sdf
[1.717s] -- Up-to-date: /uolstore/home/users/mn22df/ros2_ws/install/turtlebot3_gazebo/share/turtlebot3_gazebo//models/brick_box_3x1x3/model.config
[1.719s] -- Up-to-date: /uolstore/home/users/mn22df/ros2_ws/install/turtlebot3_gazebo/share/turtlebot3_gazebo//models/brick_box_3x1x3/model.sdf
[1.720s] -- Up-to-date: /uolstore/home/users/mn22df/ros2_ws/install/turtlebot3_gazebo/share/turtlebot3_gazebo//models/green_image
[1.722s] -- Up-to-date: /uolstore/home/users/mn22df/ros2_ws/install/turtlebot3_gazebo/share/turtlebot3_gazebo//models/green_image/materials
[1.724s] -- Up-to-date: /uolstore/home/users/mn22df/ros2_ws/install/turtlebot3_gazebo/share/turtlebot3_gazebo//models/green_image/materials/scripts
[1.727s] -- Up-to-date: /uolstore/home/users/mn22df/ros2_ws/install/turtlebot3_gazebo/share/turtlebot3_gazebo//models/green_image/materials/scripts/green_image.material
[1.729s] -- Up-to-date: /uolstore/home/users/mn22df/ros2_ws/install/turtlebot3_gazebo/share/turtlebot3_gazebo//models/green_image/materials/textures
[1.731s] -- Up-to-date: /uolstore/home/users/mn22df/ros2_ws/install/turtlebot3_gazebo/share/turtlebot3_gazebo//models/green_image/materials/textures/green_image.jpg
[1.732s] -- Up-to-date: /uolstore/home/users/mn22df/ros2_ws/install/turtlebot3_gazebo/share/turtlebot3_gazebo//models/green_image/model.config
[1.733s] -- Up-to-date: /uolstore/home/users/mn22df/ros2_ws/install/turtlebot3_gazebo/share/turtlebot3_gazebo//models/green_image/model.sdf
[1.734s] -- Up-to-date: /uolstore/home/users/mn22df/ros2_ws/install/turtlebot3_gazebo/share/turtlebot3_gazebo//models/grey_wall_medium
[1.737s] -- Up-to-date: /uolstore/home/users/mn22df/ros2_ws/install/turtlebot3_gazebo/share/turtlebot3_gazebo//models/grey_wall_medium/materials
[1.739s] -- Up-to-date: /uolstore/home/users/mn22df/ros2_ws/install/turtlebot3_gazebo/share/turtlebot3_gazebo//models/grey_wall_medium/materials/scripts
[1.742s] -- Up-to-date: /uolstore/home/users/mn22df/ros2_ws/install/turtlebot3_gazebo/share/turtlebot3_gazebo//models/grey_wall_medium/materials/scripts/grey_wall.material
[1.744s] -- Up-to-date: /uolstore/home/users/mn22df/ros2_ws/install/turtlebot3_gazebo/share/turtlebot3_gazebo//models/grey_wall_medium/materials/textures
[1.746s] -- Up-to-date: /uolstore/home/users/mn22df/ros2_ws/install/turtlebot3_gazebo/share/turtlebot3_gazebo//models/grey_wall_medium/materials/textures/dull_gray.png
[1.747s] -- Up-to-date: /uolstore/home/users/mn22df/ros2_ws/install/turtlebot3_gazebo/share/turtlebot3_gazebo//models/grey_wall_medium/model-1_3.sdf
[1.748s] -- Up-to-date: /uolstore/home/users/mn22df/ros2_ws/install/turtlebot3_gazebo/share/turtlebot3_gazebo//models/grey_wall_medium/model-1_4.sdf
[1.749s] -- Up-to-date: /uolstore/home/users/mn22df/ros2_ws/install/turtlebot3_gazebo/share/turtlebot3_gazebo//models/grey_wall_medium/model.config
[1.751s] -- Up-to-date: /uolstore/home/users/mn22df/ros2_ws/install/turtlebot3_gazebo/share/turtlebot3_gazebo//models/grey_wall_medium/model.sdf
[1.752s] -- Up-to-date: /uolstore/home/users/mn22df/ros2_ws/install/turtlebot3_gazebo/share/turtlebot3_gazebo//models/grey_wall_micro
[1.754s] -- Up-to-date: /uolstore/home/users/mn22df/ros2_ws/install/turtlebot3_gazebo/share/turtlebot3_gazebo//models/grey_wall_micro/materials
[1.757s] -- Up-to-date: /uolstore/home/users/mn22df/ros2_ws/install/turtlebot3_gazebo/share/turtlebot3_gazebo//models/grey_wall_micro/materials/scripts
[1.759s] -- Up-to-date: /uolstore/home/users/mn22df/ros2_ws/install/turtlebot3_gazebo/share/turtlebot3_gazebo//models/grey_wall_micro/materials/scripts/grey_wall.material
[1.760s] -- Up-to-date: /uolstore/home/users/mn22df/ros2_ws/install/turtlebot3_gazebo/share/turtlebot3_gazebo//models/grey_wall_micro/materials/textures
[1.762s] -- Up-to-date: /uolstore/home/users/mn22df/ros2_ws/install/turtlebot3_gazebo/share/turtlebot3_gazebo//models/grey_wall_micro/materials/textures/dull_gray.png
[1.764s] -- Up-to-date: /uolstore/home/users/mn22df/ros2_ws/install/turtlebot3_gazebo/share/turtlebot3_gazebo//models/grey_wall_micro/model-1_3.sdf
[1.766s] -- Up-to-date: /uolstore/home/users/mn22df/ros2_ws/install/turtlebot3_gazebo/share/turtlebot3_gazebo//models/grey_wall_micro/model-1_4.sdf
[1.767s] -- Up-to-date: /uolstore/home/users/mn22df/ros2_ws/install/turtlebot3_gazebo/share/turtlebot3_gazebo//models/grey_wall_micro/model.config
[1.768s] -- Up-to-date: /uolstore/home/users/mn22df/ros2_ws/install/turtlebot3_gazebo/share/turtlebot3_gazebo//models/grey_wall_micro/model.sdf
[1.770s] -- Up-to-date: /uolstore/home/users/mn22df/ros2_ws/install/turtlebot3_gazebo/share/turtlebot3_gazebo//models/grey_wall_small
[1.771s] -- Up-to-date: /uolstore/home/users/mn22df/ros2_ws/install/turtlebot3_gazebo/share/turtlebot3_gazebo//models/grey_wall_small/materials
[1.774s] -- Up-to-date: /uolstore/home/users/mn22df/ros2_ws/install/turtlebot3_gazebo/share/turtlebot3_gazebo//models/grey_wall_small/materials/scripts
[1.776s] -- Up-to-date: /uolstore/home/users/mn22df/ros2_ws/install/turtlebot3_gazebo/share/turtlebot3_gazebo//models/grey_wall_small/materials/scripts/grey_wall.material
[1.777s] -- Up-to-date: /uolstore/home/users/mn22df/ros2_ws/install/turtlebot3_gazebo/share/turtlebot3_gazebo//models/grey_wall_small/materials/textures
[1.780s] -- Up-to-date: /uolstore/home/users/mn22df/ros2_ws/install/turtlebot3_gazebo/share/turtlebot3_gazebo//models/grey_wall_small/materials/textures/dull_gray.png
[1.781s] -- Up-to-date: /uolstore/home/users/mn22df/ros2_ws/install/turtlebot3_gazebo/share/turtlebot3_gazebo//models/grey_wall_small/model-1_3.sdf
[1.782s] -- Up-to-date: /uolstore/home/users/mn22df/ros2_ws/install/turtlebot3_gazebo/share/turtlebot3_gazebo//models/grey_wall_small/model-1_4.sdf
[1.784s] -- Up-to-date: /uolstore/home/users/mn22df/ros2_ws/install/turtlebot3_gazebo/share/turtlebot3_gazebo//models/grey_wall_small/model.config
[1.785s] -- Up-to-date: /uolstore/home/users/mn22df/ros2_ws/install/turtlebot3_gazebo/share/turtlebot3_gazebo//models/grey_wall_small/model.sdf
[1.786s] -- Up-to-date: /uolstore/home/users/mn22df/ros2_ws/install/turtlebot3_gazebo/share/turtlebot3_gazebo//models/grey_wall_smaller
[1.788s] -- Up-to-date: /uolstore/home/users/mn22df/ros2_ws/install/turtlebot3_gazebo/share/turtlebot3_gazebo//models/grey_wall_smaller/materials
[1.791s] -- Up-to-date: /uolstore/home/users/mn22df/ros2_ws/install/turtlebot3_gazebo/share/turtlebot3_gazebo//models/grey_wall_smaller/materials/scripts
[1.793s] -- Up-to-date: /uolstore/home/users/mn22df/ros2_ws/install/turtlebot3_gazebo/share/turtlebot3_gazebo//models/grey_wall_smaller/materials/scripts/grey_wall.material
[1.794s] -- Up-to-date: /uolstore/home/users/mn22df/ros2_ws/install/turtlebot3_gazebo/share/turtlebot3_gazebo//models/grey_wall_smaller/materials/textures
[1.796s] -- Up-to-date: /uolstore/home/users/mn22df/ros2_ws/install/turtlebot3_gazebo/share/turtlebot3_gazebo//models/grey_wall_smaller/materials/textures/dull_gray.png
[1.798s] -- Up-to-date: /uolstore/home/users/mn22df/ros2_ws/install/turtlebot3_gazebo/share/turtlebot3_gazebo//models/grey_wall_smaller/model-1_3.sdf
[1.799s] -- Up-to-date: /uolstore/home/users/mn22df/ros2_ws/install/turtlebot3_gazebo/share/turtlebot3_gazebo//models/grey_wall_smaller/model-1_4.sdf
[1.801s] -- Up-to-date: /uolstore/home/users/mn22df/ros2_ws/install/turtlebot3_gazebo/share/turtlebot3_gazebo//models/grey_wall_smaller/model.config
[1.802s] -- Up-to-date: /uolstore/home/users/mn22df/ros2_ws/install/turtlebot3_gazebo/share/turtlebot3_gazebo//models/grey_wall_smaller/model.sdf
[1.803s] -- Up-to-date: /uolstore/home/users/mn22df/ros2_ws/install/turtlebot3_gazebo/share/turtlebot3_gazebo//models/grey_wall_tinier
[1.805s] -- Up-to-date: /uolstore/home/users/mn22df/ros2_ws/install/turtlebot3_gazebo/share/turtlebot3_gazebo//models/grey_wall_tinier/materials
[1.807s] -- Up-to-date: /uolstore/home/users/mn22df/ros2_ws/install/turtlebot3_gazebo/share/turtlebot3_gazebo//models/grey_wall_tinier/materials/scripts
[1.809s] -- Up-to-date: /uolstore/home/users/mn22df/ros2_ws/install/turtlebot3_gazebo/share/turtlebot3_gazebo//models/grey_wall_tinier/materials/scripts/grey_wall.material
[1.811s] -- Up-to-date: /uolstore/home/users/mn22df/ros2_ws/install/turtlebot3_gazebo/share/turtlebot3_gazebo//models/grey_wall_tinier/materials/textures
[1.813s] -- Up-to-date: /uolstore/home/users/mn22df/ros2_ws/install/turtlebot3_gazebo/share/turtlebot3_gazebo//models/grey_wall_tinier/materials/textures/dull_gray.png
[1.815s] -- Up-to-date: /uolstore/home/users/mn22df/ros2_ws/install/turtlebot3_gazebo/share/turtlebot3_gazebo//models/grey_wall_tinier/model-1_3.sdf
[1.816s] -- Up-to-date: /uolstore/home/users/mn22df/ros2_ws/install/turtlebot3_gazebo/share/turtlebot3_gazebo//models/grey_wall_tinier/model-1_4.sdf
[1.817s] -- Up-to-date: /uolstore/home/users/mn22df/ros2_ws/install/turtlebot3_gazebo/share/turtlebot3_gazebo//models/grey_wall_tinier/model.config
[1.819s] -- Up-to-date: /uolstore/home/users/mn22df/ros2_ws/install/turtlebot3_gazebo/share/turtlebot3_gazebo//models/grey_wall_tinier/model.sdf
[1.820s] -- Up-to-date: /uolstore/home/users/mn22df/ros2_ws/install/turtlebot3_gazebo/share/turtlebot3_gazebo//models/grey_wall_tiny
[1.822s] -- Up-to-date: /uolstore/home/users/mn22df/ros2_ws/install/turtlebot3_gazebo/share/turtlebot3_gazebo//models/grey_wall_tiny/materials
[1.824s] -- Up-to-date: /uolstore/home/users/mn22df/ros2_ws/install/turtlebot3_gazebo/share/turtlebot3_gazebo//models/grey_wall_tiny/materials/scripts
[1.827s] -- Up-to-date: /uolstore/home/users/mn22df/ros2_ws/install/turtlebot3_gazebo/share/turtlebot3_gazebo//models/grey_wall_tiny/materials/scripts/grey_wall.material
[1.829s] -- Up-to-date: /uolstore/home/users/mn22df/ros2_ws/install/turtlebot3_gazebo/share/turtlebot3_gazebo//models/grey_wall_tiny/materials/textures
[1.831s] -- Up-to-date: /uolstore/home/users/mn22df/ros2_ws/install/turtlebot3_gazebo/share/turtlebot3_gazebo//models/grey_wall_tiny/materials/textures/dull_gray.png
[1.832s] -- Up-to-date: /uolstore/home/users/mn22df/ros2_ws/install/turtlebot3_gazebo/share/turtlebot3_gazebo//models/grey_wall_tiny/model-1_3.sdf
[1.834s] -- Up-to-date: /uolstore/home/users/mn22df/ros2_ws/install/turtlebot3_gazebo/share/turtlebot3_gazebo//models/grey_wall_tiny/model-1_4.sdf
[1.835s] -- Up-to-date: /uolstore/home/users/mn22df/ros2_ws/install/turtlebot3_gazebo/share/turtlebot3_gazebo//models/grey_wall_tiny/model.config
[1.836s] -- Up-to-date: /uolstore/home/users/mn22df/ros2_ws/install/turtlebot3_gazebo/share/turtlebot3_gazebo//models/grey_wall_tiny/model.sdf
[1.837s] -- Up-to-date: /uolstore/home/users/mn22df/ros2_ws/install/turtlebot3_gazebo/share/turtlebot3_gazebo//models/my_grey_wall
[1.840s] -- Up-to-date: /uolstore/home/users/mn22df/ros2_ws/install/turtlebot3_gazebo/share/turtlebot3_gazebo//models/my_grey_wall/materials
[1.843s] -- Up-to-date: /uolstore/home/users/mn22df/ros2_ws/install/turtlebot3_gazebo/share/turtlebot3_gazebo//models/my_grey_wall/materials/scripts
[1.845s] -- Up-to-date: /uolstore/home/users/mn22df/ros2_ws/install/turtlebot3_gazebo/share/turtlebot3_gazebo//models/my_grey_wall/materials/scripts/brick_box.material
[1.846s] -- Up-to-date: /uolstore/home/users/mn22df/ros2_ws/install/turtlebot3_gazebo/share/turtlebot3_gazebo//models/my_grey_wall/materials/scripts/my_grey_wall.material
[1.847s] -- Up-to-date: /uolstore/home/users/mn22df/ros2_ws/install/turtlebot3_gazebo/share/turtlebot3_gazebo//models/my_grey_wall/materials/scripts/space_box.material
[1.849s] -- Up-to-date: /uolstore/home/users/mn22df/ros2_ws/install/turtlebot3_gazebo/share/turtlebot3_gazebo//models/my_grey_wall/materials/textures
[1.851s] -- Up-to-date: /uolstore/home/users/mn22df/ros2_ws/install/turtlebot3_gazebo/share/turtlebot3_gazebo//models/my_grey_wall/materials/textures/Untitled.jpg
[1.852s] -- Up-to-date: /uolstore/home/users/mn22df/ros2_ws/install/turtlebot3_gazebo/share/turtlebot3_gazebo//models/my_grey_wall/materials/textures/simple_box.jpg
[1.854s] -- Up-to-date: /uolstore/home/users/mn22df/ros2_ws/install/turtlebot3_gazebo/share/turtlebot3_gazebo//models/my_grey_wall/materials/textures/simple_box.png
[1.855s] -- Up-to-date: /uolstore/home/users/mn22df/ros2_ws/install/turtlebot3_gazebo/share/turtlebot3_gazebo//models/my_grey_wall/materials/textures/simple_box.png.old
[1.857s] -- Up-to-date: /uolstore/home/users/mn22df/ros2_ws/install/turtlebot3_gazebo/share/turtlebot3_gazebo//models/my_grey_wall/materials/textures/simple_box1.png
[1.858s] -- Up-to-date: /uolstore/home/users/mn22df/ros2_ws/install/turtlebot3_gazebo/share/turtlebot3_gazebo//models/my_grey_wall/materials/textures/simple_box2.png
[1.860s] -- Up-to-date: /uolstore/home/users/mn22df/ros2_ws/install/turtlebot3_gazebo/share/turtlebot3_gazebo//models/my_grey_wall/materials/textures/spacecraftwall.jpeg
[1.861s] -- Up-to-date: /uolstore/home/users/mn22df/ros2_ws/install/turtlebot3_gazebo/share/turtlebot3_gazebo//models/my_grey_wall/materials/textures/texture.jpg
[1.863s] -- Up-to-date: /uolstore/home/users/mn22df/ros2_ws/install/turtlebot3_gazebo/share/turtlebot3_gazebo//models/my_grey_wall/meshes
[1.865s] -- Up-to-date: /uolstore/home/users/mn22df/ros2_ws/install/turtlebot3_gazebo/share/turtlebot3_gazebo//models/my_grey_wall/meshes/simple_box.dae
[1.867s] -- Up-to-date: /uolstore/home/users/mn22df/ros2_ws/install/turtlebot3_gazebo/share/turtlebot3_gazebo//models/my_grey_wall/model-1_3.sdf
[1.869s] -- Up-to-date: /uolstore/home/users/mn22df/ros2_ws/install/turtlebot3_gazebo/share/turtlebot3_gazebo//models/my_grey_wall/model-1_4.sdf
[1.870s] -- Up-to-date: /uolstore/home/users/mn22df/ros2_ws/install/turtlebot3_gazebo/share/turtlebot3_gazebo//models/my_grey_wall/model.config
[1.871s] -- Up-to-date: /uolstore/home/users/mn22df/ros2_ws/install/turtlebot3_gazebo/share/turtlebot3_gazebo//models/my_grey_wall/model.sdf
[1.872s] -- Up-to-date: /uolstore/home/users/mn22df/ros2_ws/install/turtlebot3_gazebo/share/turtlebot3_gazebo//models/panoframe
[1.875s] -- Up-to-date: /uolstore/home/users/mn22df/ros2_ws/install/turtlebot3_gazebo/share/turtlebot3_gazebo//models/panoframe/materials
[1.877s] -- Up-to-date: /uolstore/home/users/mn22df/ros2_ws/install/turtlebot3_gazebo/share/turtlebot3_gazebo//models/panoframe/materials/scripts
[1.879s] -- Up-to-date: /uolstore/home/users/mn22df/ros2_ws/install/turtlebot3_gazebo/share/turtlebot3_gazebo//models/panoframe/materials/scripts/repeated.material
[1.881s] -- Up-to-date: /uolstore/home/users/mn22df/ros2_ws/install/turtlebot3_gazebo/share/turtlebot3_gazebo//models/panoframe/materials/textures
[1.883s] -- Up-to-date: /uolstore/home/users/mn22df/ros2_ws/install/turtlebot3_gazebo/share/turtlebot3_gazebo//models/panoframe/materials/textures/scene.jpg
[1.885s] -- Up-to-date: /uolstore/home/users/mn22df/ros2_ws/install/turtlebot3_gazebo/share/turtlebot3_gazebo//models/panoframe/model.config
[1.886s] -- Up-to-date: /uolstore/home/users/mn22df/ros2_ws/install/turtlebot3_gazebo/share/turtlebot3_gazebo//models/panoframe/model.sdf
[1.887s] -- Up-to-date: /uolstore/home/users/mn22df/ros2_ws/install/turtlebot3_gazebo/share/turtlebot3_gazebo//models/panorama
[1.889s] -- Up-to-date: /uolstore/home/users/mn22df/ros2_ws/install/turtlebot3_gazebo/share/turtlebot3_gazebo//models/panorama/materials
[1.891s] -- Up-to-date: /uolstore/home/users/mn22df/ros2_ws/install/turtlebot3_gazebo/share/turtlebot3_gazebo//models/panorama/materials/scripts
[1.895s] -- Up-to-date: /uolstore/home/users/mn22df/ros2_ws/install/turtlebot3_gazebo/share/turtlebot3_gazebo//models/panorama/materials/scripts/repeated.material
[1.898s] -- Up-to-date: /uolstore/home/users/mn22df/ros2_ws/install/turtlebot3_gazebo/share/turtlebot3_gazebo//models/panorama/materials/textures
[1.899s] -- Up-to-date: /uolstore/home/users/mn22df/ros2_ws/install/turtlebot3_gazebo/share/turtlebot3_gazebo//models/panorama/materials/textures/2.jpg
[1.900s] -- Up-to-date: /uolstore/home/users/mn22df/ros2_ws/install/turtlebot3_gazebo/share/turtlebot3_gazebo//models/panorama/materials/textures/scene.jpg
[1.901s] -- Up-to-date: /uolstore/home/users/mn22df/ros2_ws/install/turtlebot3_gazebo/share/turtlebot3_gazebo//models/panorama/materials/textures/scene_old.jpg
[1.903s] -- Up-to-date: /uolstore/home/users/mn22df/ros2_ws/install/turtlebot3_gazebo/share/turtlebot3_gazebo//models/panorama/model.config
[1.904s] -- Up-to-date: /uolstore/home/users/mn22df/ros2_ws/install/turtlebot3_gazebo/share/turtlebot3_gazebo//models/panorama/model.sdf
[1.905s] -- Up-to-date: /uolstore/home/users/mn22df/ros2_ws/install/turtlebot3_gazebo/share/turtlebot3_gazebo//models/poster
[1.907s] -- Up-to-date: /uolstore/home/users/mn22df/ros2_ws/install/turtlebot3_gazebo/share/turtlebot3_gazebo//models/poster/materials
[1.909s] -- Up-to-date: /uolstore/home/users/mn22df/ros2_ws/install/turtlebot3_gazebo/share/turtlebot3_gazebo//models/poster/materials/scripts
[1.912s] -- Up-to-date: /uolstore/home/users/mn22df/ros2_ws/install/turtlebot3_gazebo/share/turtlebot3_gazebo//models/poster/materials/scripts/repeated.material
[1.914s] -- Up-to-date: /uolstore/home/users/mn22df/ros2_ws/install/turtlebot3_gazebo/share/turtlebot3_gazebo//models/poster/materials/textures
[1.917s] -- Up-to-date: /uolstore/home/users/mn22df/ros2_ws/install/turtlebot3_gazebo/share/turtlebot3_gazebo//models/poster/materials/textures/poster.png
[1.918s] -- Up-to-date: /uolstore/home/users/mn22df/ros2_ws/install/turtlebot3_gazebo/share/turtlebot3_gazebo//models/poster/model.config
[1.919s] -- Up-to-date: /uolstore/home/users/mn22df/ros2_ws/install/turtlebot3_gazebo/share/turtlebot3_gazebo//models/poster/model.sdf
[1.920s] -- Up-to-date: /uolstore/home/users/mn22df/ros2_ws/install/turtlebot3_gazebo/share/turtlebot3_gazebo//models/red_image
[1.922s] -- Up-to-date: /uolstore/home/users/mn22df/ros2_ws/install/turtlebot3_gazebo/share/turtlebot3_gazebo//models/red_image/materials
[1.925s] -- Up-to-date: /uolstore/home/users/mn22df/ros2_ws/install/turtlebot3_gazebo/share/turtlebot3_gazebo//models/red_image/materials/scripts
[1.927s] -- Up-to-date: /uolstore/home/users/mn22df/ros2_ws/install/turtlebot3_gazebo/share/turtlebot3_gazebo//models/red_image/materials/scripts/red_image.material
[1.928s] -- Up-to-date: /uolstore/home/users/mn22df/ros2_ws/install/turtlebot3_gazebo/share/turtlebot3_gazebo//models/red_image/materials/textures
[1.930s] -- Up-to-date: /uolstore/home/users/mn22df/ros2_ws/install/turtlebot3_gazebo/share/turtlebot3_gazebo//models/red_image/materials/textures/red_image.jpg
[1.932s] -- Up-to-date: /uolstore/home/users/mn22df/ros2_ws/install/turtlebot3_gazebo/share/turtlebot3_gazebo//models/red_image/model.config
[1.933s] -- Up-to-date: /uolstore/home/users/mn22df/ros2_ws/install/turtlebot3_gazebo/share/turtlebot3_gazebo//models/red_image/model.sdf
[1.935s] -- Up-to-date: /uolstore/home/users/mn22df/ros2_ws/install/turtlebot3_gazebo/share/turtlebot3_gazebo//models/red_image/red_image
[1.937s] -- Up-to-date: /uolstore/home/users/mn22df/ros2_ws/install/turtlebot3_gazebo/share/turtlebot3_gazebo//models/red_image/red_image/materials
[1.940s] -- Up-to-date: /uolstore/home/users/mn22df/ros2_ws/install/turtlebot3_gazebo/share/turtlebot3_gazebo//models/red_image/red_image/materials/scripts
[1.942s] -- Up-to-date: /uolstore/home/users/mn22df/ros2_ws/install/turtlebot3_gazebo/share/turtlebot3_gazebo//models/red_image/red_image/materials/scripts/red_image.material
[1.944s] -- Up-to-date: /uolstore/home/users/mn22df/ros2_ws/install/turtlebot3_gazebo/share/turtlebot3_gazebo//models/red_image/red_image/materials/textures
[1.946s] -- Up-to-date: /uolstore/home/users/mn22df/ros2_ws/install/turtlebot3_gazebo/share/turtlebot3_gazebo//models/red_image/red_image/materials/textures/red_image.jpg
[1.948s] -- Up-to-date: /uolstore/home/users/mn22df/ros2_ws/install/turtlebot3_gazebo/share/turtlebot3_gazebo//models/red_image/red_image/model.config
[1.949s] -- Up-to-date: /uolstore/home/users/mn22df/ros2_ws/install/turtlebot3_gazebo/share/turtlebot3_gazebo//models/red_image/red_image/model.sdf
[1.950s] -- Up-to-date: /uolstore/home/users/mn22df/ros2_ws/install/turtlebot3_gazebo/share/turtlebot3_gazebo//models/space_box_3x1x3
[1.952s] -- Up-to-date: /uolstore/home/users/mn22df/ros2_ws/install/turtlebot3_gazebo/share/turtlebot3_gazebo//models/space_box_3x1x3/materials
[1.955s] -- Up-to-date: /uolstore/home/users/mn22df/ros2_ws/install/turtlebot3_gazebo/share/turtlebot3_gazebo//models/space_box_3x1x3/materials/scripts
[1.958s] -- Up-to-date: /uolstore/home/users/mn22df/ros2_ws/install/turtlebot3_gazebo/share/turtlebot3_gazebo//models/space_box_3x1x3/materials/scripts/brick_box.material
[1.959s] -- Up-to-date: /uolstore/home/users/mn22df/ros2_ws/install/turtlebot3_gazebo/share/turtlebot3_gazebo//models/space_box_3x1x3/materials/scripts/space_box.material
[1.961s] -- Up-to-date: /uolstore/home/users/mn22df/ros2_ws/install/turtlebot3_gazebo/share/turtlebot3_gazebo//models/space_box_3x1x3/materials/textures
[1.963s] -- Up-to-date: /uolstore/home/users/mn22df/ros2_ws/install/turtlebot3_gazebo/share/turtlebot3_gazebo//models/space_box_3x1x3/materials/textures/Untitled.jpg
[1.965s] -- Up-to-date: /uolstore/home/users/mn22df/ros2_ws/install/turtlebot3_gazebo/share/turtlebot3_gazebo//models/space_box_3x1x3/materials/textures/simple_box.jpg
[1.966s] -- Up-to-date: /uolstore/home/users/mn22df/ros2_ws/install/turtlebot3_gazebo/share/turtlebot3_gazebo//models/space_box_3x1x3/materials/textures/simple_box.png
[1.967s] -- Up-to-date: /uolstore/home/users/mn22df/ros2_ws/install/turtlebot3_gazebo/share/turtlebot3_gazebo//models/space_box_3x1x3/materials/textures/simple_box.png.old
[1.969s] -- Up-to-date: /uolstore/home/users/mn22df/ros2_ws/install/turtlebot3_gazebo/share/turtlebot3_gazebo//models/space_box_3x1x3/materials/textures/simple_box1.png
[1.971s] -- Up-to-date: /uolstore/home/users/mn22df/ros2_ws/install/turtlebot3_gazebo/share/turtlebot3_gazebo//models/space_box_3x1x3/materials/textures/simple_box2.png
[1.972s] -- Up-to-date: /uolstore/home/users/mn22df/ros2_ws/install/turtlebot3_gazebo/share/turtlebot3_gazebo//models/space_box_3x1x3/materials/textures/spacecraftwall.jpeg
[1.974s] -- Up-to-date: /uolstore/home/users/mn22df/ros2_ws/install/turtlebot3_gazebo/share/turtlebot3_gazebo//models/space_box_3x1x3/materials/textures/texture.jpg
[1.975s] -- Up-to-date: /uolstore/home/users/mn22df/ros2_ws/install/turtlebot3_gazebo/share/turtlebot3_gazebo//models/space_box_3x1x3/meshes
[1.977s] -- Up-to-date: /uolstore/home/users/mn22df/ros2_ws/install/turtlebot3_gazebo/share/turtlebot3_gazebo//models/space_box_3x1x3/meshes/simple_box.dae
[1.979s] -- Up-to-date: /uolstore/home/users/mn22df/ros2_ws/install/turtlebot3_gazebo/share/turtlebot3_gazebo//models/space_box_3x1x3/model-1_3.sdf
[1.981s] -- Up-to-date: /uolstore/home/users/mn22df/ros2_ws/install/turtlebot3_gazebo/share/turtlebot3_gazebo//models/space_box_3x1x3/model-1_4.sdf
[1.982s] -- Up-to-date: /uolstore/home/users/mn22df/ros2_ws/install/turtlebot3_gazebo/share/turtlebot3_gazebo//models/space_box_3x1x3/model.config
[1.983s] -- Up-to-date: /uolstore/home/users/mn22df/ros2_ws/install/turtlebot3_gazebo/share/turtlebot3_gazebo//models/space_box_3x1x3/model.sdf
[1.984s] -- Up-to-date: /uolstore/home/users/mn22df/ros2_ws/install/turtlebot3_gazebo/share/turtlebot3_gazebo//models/turtlebot3_burger
[1.987s] -- Up-to-date: /uolstore/home/users/mn22df/ros2_ws/install/turtlebot3_gazebo/share/turtlebot3_gazebo//models/turtlebot3_burger/meshes
[1.989s] -- Up-to-date: /uolstore/home/users/mn22df/ros2_ws/install/turtlebot3_gazebo/share/turtlebot3_gazebo//models/turtlebot3_burger/meshes/bases
[1.991s] -- Up-to-date: /uolstore/home/users/mn22df/ros2_ws/install/turtlebot3_gazebo/share/turtlebot3_gazebo//models/turtlebot3_burger/meshes/bases/burger_base.stl
[1.993s] -- Up-to-date: /uolstore/home/users/mn22df/ros2_ws/install/turtlebot3_gazebo/share/turtlebot3_gazebo//models/turtlebot3_burger/meshes/bases/waffle_base.stl
[1.994s] -- Up-to-date: /uolstore/home/users/mn22df/ros2_ws/install/turtlebot3_gazebo/share/turtlebot3_gazebo//models/turtlebot3_burger/meshes/bases/waffle_base_for_open_manipulator.stl
[1.995s] -- Up-to-date: /uolstore/home/users/mn22df/ros2_ws/install/turtlebot3_gazebo/share/turtlebot3_gazebo//models/turtlebot3_burger/meshes/bases/waffle_pi_base.stl
[1.997s] -- Up-to-date: /uolstore/home/users/mn22df/ros2_ws/install/turtlebot3_gazebo/share/turtlebot3_gazebo//models/turtlebot3_burger/meshes/bases/waffle_pi_base_for_open_manipulator.stl
[1.998s] -- Up-to-date: /uolstore/home/users/mn22df/ros2_ws/install/turtlebot3_gazebo/share/turtlebot3_gazebo//models/turtlebot3_burger/meshes/burger_base.dae
[2.000s] -- Up-to-date: /uolstore/home/users/mn22df/ros2_ws/install/turtlebot3_gazebo/share/turtlebot3_gazebo//models/turtlebot3_burger/meshes/lds.dae
[2.001s] -- Up-to-date: /uolstore/home/users/mn22df/ros2_ws/install/turtlebot3_gazebo/share/turtlebot3_gazebo//models/turtlebot3_burger/meshes/sensors
[2.003s] -- Up-to-date: /uolstore/home/users/mn22df/ros2_ws/install/turtlebot3_gazebo/share/turtlebot3_gazebo//models/turtlebot3_burger/meshes/sensors/astra.dae
[2.004s] -- Up-to-date: /uolstore/home/users/mn22df/ros2_ws/install/turtlebot3_gazebo/share/turtlebot3_gazebo//models/turtlebot3_burger/meshes/sensors/astra.jpg
[2.006s] -- Up-to-date: /uolstore/home/users/mn22df/ros2_ws/install/turtlebot3_gazebo/share/turtlebot3_gazebo//models/turtlebot3_burger/meshes/sensors/lds.stl
[2.007s] -- Up-to-date: /uolstore/home/users/mn22df/ros2_ws/install/turtlebot3_gazebo/share/turtlebot3_gazebo//models/turtlebot3_burger/meshes/sensors/r200.dae
[2.009s] -- Up-to-date: /uolstore/home/users/mn22df/ros2_ws/install/turtlebot3_gazebo/share/turtlebot3_gazebo//models/turtlebot3_burger/meshes/sensors/r200.jpg
[2.010s] -- Up-to-date: /uolstore/home/users/mn22df/ros2_ws/install/turtlebot3_gazebo/share/turtlebot3_gazebo//models/turtlebot3_burger/meshes/tire.dae
[2.012s] -- Up-to-date: /uolstore/home/users/mn22df/ros2_ws/install/turtlebot3_gazebo/share/turtlebot3_gazebo//models/turtlebot3_burger/meshes/wheels
[2.014s] -- Up-to-date: /uolstore/home/users/mn22df/ros2_ws/install/turtlebot3_gazebo/share/turtlebot3_gazebo//models/turtlebot3_burger/meshes/wheels/left_tire.stl
[2.015s] -- Up-to-date: /uolstore/home/users/mn22df/ros2_ws/install/turtlebot3_gazebo/share/turtlebot3_gazebo//models/turtlebot3_burger/meshes/wheels/right_tire.stl
[2.017s] -- Up-to-date: /uolstore/home/users/mn22df/ros2_ws/install/turtlebot3_gazebo/share/turtlebot3_gazebo//models/turtlebot3_burger/model-1_4.sdf
[2.018s] -- Up-to-date: /uolstore/home/users/mn22df/ros2_ws/install/turtlebot3_gazebo/share/turtlebot3_gazebo//models/turtlebot3_burger/model.config
[2.019s] -- Up-to-date: /uolstore/home/users/mn22df/ros2_ws/install/turtlebot3_gazebo/share/turtlebot3_gazebo//models/turtlebot3_burger/model.sdf
[2.020s] -- Up-to-date: /uolstore/home/users/mn22df/ros2_ws/install/turtlebot3_gazebo/share/turtlebot3_gazebo//models/turtlebot3_common
[2.022s] -- Up-to-date: /uolstore/home/users/mn22df/ros2_ws/install/turtlebot3_gazebo/share/turtlebot3_gazebo//models/turtlebot3_common/meshes
[2.025s] -- Up-to-date: /uolstore/home/users/mn22df/ros2_ws/install/turtlebot3_gazebo/share/turtlebot3_gazebo//models/turtlebot3_common/meshes/burger_base.dae
[2.026s] -- Up-to-date: /uolstore/home/users/mn22df/ros2_ws/install/turtlebot3_gazebo/share/turtlebot3_gazebo//models/turtlebot3_common/meshes/lds.dae
[2.032s] -- Up-to-date: /uolstore/home/users/mn22df/ros2_ws/install/turtlebot3_gazebo/share/turtlebot3_gazebo//models/turtlebot3_common/meshes/r200.dae
[2.032s] -- Up-to-date: /uolstore/home/users/mn22df/ros2_ws/install/turtlebot3_gazebo/share/turtlebot3_gazebo//models/turtlebot3_common/meshes/tire.dae
[2.032s] -- Up-to-date: /uolstore/home/users/mn22df/ros2_ws/install/turtlebot3_gazebo/share/turtlebot3_gazebo//models/turtlebot3_common/meshes/waffle_base.dae
[2.032s] -- Up-to-date: /uolstore/home/users/mn22df/ros2_ws/install/turtlebot3_gazebo/share/turtlebot3_gazebo//models/turtlebot3_common/meshes/waffle_pi_base.dae
[2.033s] -- Up-to-date: /uolstore/home/users/mn22df/ros2_ws/install/turtlebot3_gazebo/share/turtlebot3_gazebo//models/turtlebot3_common/model.config
[2.034s] -- Up-to-date: /uolstore/home/users/mn22df/ros2_ws/install/turtlebot3_gazebo/share/turtlebot3_gazebo//models/turtlebot3_dqn_world
[2.036s] -- Up-to-date: /uolstore/home/users/mn22df/ros2_ws/install/turtlebot3_gazebo/share/turtlebot3_gazebo//models/turtlebot3_dqn_world/goal_box
[2.038s] -- Up-to-date: /uolstore/home/users/mn22df/ros2_ws/install/turtlebot3_gazebo/share/turtlebot3_gazebo//models/turtlebot3_dqn_world/goal_box/model.config
[2.039s] -- Up-to-date: /uolstore/home/users/mn22df/ros2_ws/install/turtlebot3_gazebo/share/turtlebot3_gazebo//models/turtlebot3_dqn_world/goal_box/model.sdf
[2.041s] -- Up-to-date: /uolstore/home/users/mn22df/ros2_ws/install/turtlebot3_gazebo/share/turtlebot3_gazebo//models/turtlebot3_dqn_world/inner_walls
[2.044s] -- Up-to-date: /uolstore/home/users/mn22df/ros2_ws/install/turtlebot3_gazebo/share/turtlebot3_gazebo//models/turtlebot3_dqn_world/inner_walls/model.config
[2.045s] -- Up-to-date: /uolstore/home/users/mn22df/ros2_ws/install/turtlebot3_gazebo/share/turtlebot3_gazebo//models/turtlebot3_dqn_world/inner_walls/model.sdf
[2.047s] -- Up-to-date: /uolstore/home/users/mn22df/ros2_ws/install/turtlebot3_gazebo/share/turtlebot3_gazebo//models/turtlebot3_dqn_world/model.config
[2.049s] -- Up-to-date: /uolstore/home/users/mn22df/ros2_ws/install/turtlebot3_gazebo/share/turtlebot3_gazebo//models/turtlebot3_dqn_world/model.sdf
[2.050s] -- Up-to-date: /uolstore/home/users/mn22df/ros2_ws/install/turtlebot3_gazebo/share/turtlebot3_gazebo//models/turtlebot3_dqn_world/obstacle1
[2.052s] -- Up-to-date: /uolstore/home/users/mn22df/ros2_ws/install/turtlebot3_gazebo/share/turtlebot3_gazebo//models/turtlebot3_dqn_world/obstacle1/model.config
[2.054s] -- Up-to-date: /uolstore/home/users/mn22df/ros2_ws/install/turtlebot3_gazebo/share/turtlebot3_gazebo//models/turtlebot3_dqn_world/obstacle1/model.sdf
[2.055s] -- Up-to-date: /uolstore/home/users/mn22df/ros2_ws/install/turtlebot3_gazebo/share/turtlebot3_gazebo//models/turtlebot3_dqn_world/obstacle2
[2.058s] -- Up-to-date: /uolstore/home/users/mn22df/ros2_ws/install/turtlebot3_gazebo/share/turtlebot3_gazebo//models/turtlebot3_dqn_world/obstacle2/model.config
[2.060s] -- Up-to-date: /uolstore/home/users/mn22df/ros2_ws/install/turtlebot3_gazebo/share/turtlebot3_gazebo//models/turtlebot3_dqn_world/obstacle2/model.sdf
[2.061s] -- Up-to-date: /uolstore/home/users/mn22df/ros2_ws/install/turtlebot3_gazebo/share/turtlebot3_gazebo//models/turtlebot3_dqn_world/obstacle_plugin
[2.063s] -- Up-to-date: /uolstore/home/users/mn22df/ros2_ws/install/turtlebot3_gazebo/share/turtlebot3_gazebo//models/turtlebot3_dqn_world/obstacle_plugin/CMakeLists.txt
[2.065s] -- Up-to-date: /uolstore/home/users/mn22df/ros2_ws/install/turtlebot3_gazebo/share/turtlebot3_gazebo//models/turtlebot3_dqn_world/obstacle_plugin/obstacle1.cc
[2.065s] -- Up-to-date: /uolstore/home/users/mn22df/ros2_ws/install/turtlebot3_gazebo/share/turtlebot3_gazebo//models/turtlebot3_dqn_world/obstacle_plugin/obstacle2.cc
[2.066s] -- Up-to-date: /uolstore/home/users/mn22df/ros2_ws/install/turtlebot3_gazebo/share/turtlebot3_gazebo//models/turtlebot3_dqn_world/obstacle_plugin/obstacles.cc
[2.068s] -- Up-to-date: /uolstore/home/users/mn22df/ros2_ws/install/turtlebot3_gazebo/share/turtlebot3_gazebo//models/turtlebot3_dqn_world/obstacles
[2.070s] -- Up-to-date: /uolstore/home/users/mn22df/ros2_ws/install/turtlebot3_gazebo/share/turtlebot3_gazebo//models/turtlebot3_dqn_world/obstacles/model.config
[2.072s] -- Up-to-date: /uolstore/home/users/mn22df/ros2_ws/install/turtlebot3_gazebo/share/turtlebot3_gazebo//models/turtlebot3_dqn_world/obstacles/model.sdf
[2.073s] -- Up-to-date: /uolstore/home/users/mn22df/ros2_ws/install/turtlebot3_gazebo/share/turtlebot3_gazebo//models/turtlebot3_house
[2.076s] -- Up-to-date: /uolstore/home/users/mn22df/ros2_ws/install/turtlebot3_gazebo/share/turtlebot3_gazebo//models/turtlebot3_house/model.config
[2.077s] -- Up-to-date: /uolstore/home/users/mn22df/ros2_ws/install/turtlebot3_gazebo/share/turtlebot3_gazebo//models/turtlebot3_house/model.sdf
[2.078s] -- Up-to-date: /uolstore/home/users/mn22df/ros2_ws/install/turtlebot3_gazebo/share/turtlebot3_gazebo//models/turtlebot3_waffle
[2.080s] -- Up-to-date: /uolstore/home/users/mn22df/ros2_ws/install/turtlebot3_gazebo/share/turtlebot3_gazebo//models/turtlebot3_waffle/model-1_4.sdf
[2.081s] -- Up-to-date: /uolstore/home/users/mn22df/ros2_ws/install/turtlebot3_gazebo/share/turtlebot3_gazebo//models/turtlebot3_waffle/model.config
[2.083s] -- Up-to-date: /uolstore/home/users/mn22df/ros2_ws/install/turtlebot3_gazebo/share/turtlebot3_gazebo//models/turtlebot3_waffle/model.sdf
[2.084s] -- Up-to-date: /uolstore/home/users/mn22df/ros2_ws/install/turtlebot3_gazebo/share/turtlebot3_gazebo//models/turtlebot3_waffle_pi
[2.086s] -- Up-to-date: /uolstore/home/users/mn22df/ros2_ws/install/turtlebot3_gazebo/share/turtlebot3_gazebo//models/turtlebot3_waffle_pi/model-1_4_.sdf
[2.088s] -- Up-to-date: /uolstore/home/users/mn22df/ros2_ws/install/turtlebot3_gazebo/share/turtlebot3_gazebo//models/turtlebot3_waffle_pi/model.config
[2.089s] -- Up-to-date: /uolstore/home/users/mn22df/ros2_ws/install/turtlebot3_gazebo/share/turtlebot3_gazebo//models/turtlebot3_waffle_pi/model.sdf
[2.090s] -- Up-to-date: /uolstore/home/users/mn22df/ros2_ws/install/turtlebot3_gazebo/share/turtlebot3_gazebo//models/turtlebot3_world
[2.092s] -- Up-to-date: /uolstore/home/users/mn22df/ros2_ws/install/turtlebot3_gazebo/share/turtlebot3_gazebo//models/turtlebot3_world/meshes
[2.094s] -- Up-to-date: /uolstore/home/users/mn22df/ros2_ws/install/turtlebot3_gazebo/share/turtlebot3_gazebo//models/turtlebot3_world/meshes/hexagon.dae
[2.115s] -- Up-to-date: /uolstore/home/users/mn22df/ros2_ws/install/turtlebot3_gazebo/share/turtlebot3_gazebo//models/turtlebot3_world/meshes/wall.dae
[2.185s] -- Up-to-date: /uolstore/home/users/mn22df/ros2_ws/install/turtlebot3_gazebo/share/turtlebot3_gazebo//models/turtlebot3_world/model-1_4.sdf
[2.185s] -- Up-to-date: /uolstore/home/users/mn22df/ros2_ws/install/turtlebot3_gazebo/share/turtlebot3_gazebo//models/turtlebot3_world/model.config
[2.186s] -- Up-to-date: /uolstore/home/users/mn22df/ros2_ws/install/turtlebot3_gazebo/share/turtlebot3_gazebo//models/turtlebot3_world/model.sdf
[2.186s] -- Up-to-date: /uolstore/home/users/mn22df/ros2_ws/install/turtlebot3_gazebo/share/turtlebot3_gazebo//models/window1
[2.257s] -- Up-to-date: /uolstore/home/users/mn22df/ros2_ws/install/turtlebot3_gazebo/share/turtlebot3_gazebo//models/window1/materials
[2.327s] -- Up-to-date: /uolstore/home/users/mn22df/ros2_ws/install/turtlebot3_gazebo/share/turtlebot3_gazebo//models/window1/materials/scripts
[2.327s] -- Up-to-date: /uolstore/home/users/mn22df/ros2_ws/install/turtlebot3_gazebo/share/turtlebot3_gazebo//models/window1/materials/scripts/repeated.material
[2.327s] -- Up-to-date: /uolstore/home/users/mn22df/ros2_ws/install/turtlebot3_gazebo/share/turtlebot3_gazebo//models/window1/materials/textures
[2.327s] -- Up-to-date: /uolstore/home/users/mn22df/ros2_ws/install/turtlebot3_gazebo/share/turtlebot3_gazebo//models/window1/materials/textures/1.jpg
[2.327s] -- Up-to-date: /uolstore/home/users/mn22df/ros2_ws/install/turtlebot3_gazebo/share/turtlebot3_gazebo//models/window1/materials/textures/2.jpg
[2.327s] -- Up-to-date: /uolstore/home/users/mn22df/ros2_ws/install/turtlebot3_gazebo/share/turtlebot3_gazebo//models/window1/materials/textures/3.jpg
[2.328s] -- Up-to-date: /uolstore/home/users/mn22df/ros2_ws/install/turtlebot3_gazebo/share/turtlebot3_gazebo//models/window1/model.config
[2.328s] -- Up-to-date: /uolstore/home/users/mn22df/ros2_ws/install/turtlebot3_gazebo/share/turtlebot3_gazebo//models/window1/model.sdf
[2.328s] -- Up-to-date: /uolstore/home/users/mn22df/ros2_ws/install/turtlebot3_gazebo/share/turtlebot3_gazebo//models/window2
[2.328s] -- Up-to-date: /uolstore/home/users/mn22df/ros2_ws/install/turtlebot3_gazebo/share/turtlebot3_gazebo//models/window2/materials
[2.328s] -- Up-to-date: /uolstore/home/users/mn22df/ros2_ws/install/turtlebot3_gazebo/share/turtlebot3_gazebo//models/window2/materials/scripts
[2.328s] -- Up-to-date: /uolstore/home/users/mn22df/ros2_ws/install/turtlebot3_gazebo/share/turtlebot3_gazebo//models/window2/materials/scripts/repeated.material
[2.328s] -- Up-to-date: /uolstore/home/users/mn22df/ros2_ws/install/turtlebot3_gazebo/share/turtlebot3_gazebo//models/window2/materials/textures
[2.328s] -- Up-to-date: /uolstore/home/users/mn22df/ros2_ws/install/turtlebot3_gazebo/share/turtlebot3_gazebo//models/window2/materials/textures/1.jpg
[2.328s] -- Up-to-date: /uolstore/home/users/mn22df/ros2_ws/install/turtlebot3_gazebo/share/turtlebot3_gazebo//models/window2/materials/textures/2.jpg
[2.328s] -- Up-to-date: /uolstore/home/users/mn22df/ros2_ws/install/turtlebot3_gazebo/share/turtlebot3_gazebo//models/window2/materials/textures/3.jpg
[2.328s] -- Up-to-date: /uolstore/home/users/mn22df/ros2_ws/install/turtlebot3_gazebo/share/turtlebot3_gazebo//models/window2/model.config
[2.328s] -- Up-to-date: /uolstore/home/users/mn22df/ros2_ws/install/turtlebot3_gazebo/share/turtlebot3_gazebo//models/window2/model.sdf
[2.328s] -- Up-to-date: /uolstore/home/users/mn22df/ros2_ws/install/turtlebot3_gazebo/share/turtlebot3_gazebo//models/window3
[2.328s] -- Up-to-date: /uolstore/home/users/mn22df/ros2_ws/install/turtlebot3_gazebo/share/turtlebot3_gazebo//models/window3/materials
[2.328s] -- Up-to-date: /uolstore/home/users/mn22df/ros2_ws/install/turtlebot3_gazebo/share/turtlebot3_gazebo//models/window3/materials/scripts
[2.329s] -- Up-to-date: /uolstore/home/users/mn22df/ros2_ws/install/turtlebot3_gazebo/share/turtlebot3_gazebo//models/window3/materials/scripts/repeated.material
[2.329s] -- Up-to-date: /uolstore/home/users/mn22df/ros2_ws/install/turtlebot3_gazebo/share/turtlebot3_gazebo//models/window3/materials/textures
[2.329s] -- Up-to-date: /uolstore/home/users/mn22df/ros2_ws/install/turtlebot3_gazebo/share/turtlebot3_gazebo//models/window3/materials/textures/1.jpg
[2.329s] -- Up-to-date: /uolstore/home/users/mn22df/ros2_ws/install/turtlebot3_gazebo/share/turtlebot3_gazebo//models/window3/materials/textures/2.jpg
[2.329s] -- Up-to-date: /uolstore/home/users/mn22df/ros2_ws/install/turtlebot3_gazebo/share/turtlebot3_gazebo//models/window3/materials/textures/3.jpg
[2.329s] -- Up-to-date: /uolstore/home/users/mn22df/ros2_ws/install/turtlebot3_gazebo/share/turtlebot3_gazebo//models/window3/model.config
[2.329s] -- Up-to-date: /uolstore/home/users/mn22df/ros2_ws/install/turtlebot3_gazebo/share/turtlebot3_gazebo//models/window3/model.sdf
[2.329s] -- Up-to-date: /uolstore/home/users/mn22df/ros2_ws/install/turtlebot3_gazebo/share/turtlebot3_gazebo//rviz
[2.329s] -- Up-to-date: /uolstore/home/users/mn22df/ros2_ws/install/turtlebot3_gazebo/share/turtlebot3_gazebo//rviz/tb3_gazebo.rviz
[2.329s] -- Up-to-date: /uolstore/home/users/mn22df/ros2_ws/install/turtlebot3_gazebo/share/turtlebot3_gazebo//urdf
[2.329s] -- Up-to-date: /uolstore/home/users/mn22df/ros2_ws/install/turtlebot3_gazebo/share/turtlebot3_gazebo//urdf/common_properties.urdf
[2.329s] -- Up-to-date: /uolstore/home/users/mn22df/ros2_ws/install/turtlebot3_gazebo/share/turtlebot3_gazebo//urdf/turtlebot3_burger.urdf
[2.329s] -- Up-to-date: /uolstore/home/users/mn22df/ros2_ws/install/turtlebot3_gazebo/share/turtlebot3_gazebo//urdf/turtlebot3_waffle.urdf
[2.329s] -- Up-to-date: /uolstore/home/users/mn22df/ros2_ws/install/turtlebot3_gazebo/share/turtlebot3_gazebo//urdf/turtlebot3_waffle_pi.urdf
[2.329s] -- Up-to-date: /uolstore/home/users/mn22df/ros2_ws/install/turtlebot3_gazebo/share/turtlebot3_gazebo//worlds
[2.329s] -- Up-to-date: /uolstore/home/users/mn22df/ros2_ws/install/turtlebot3_gazebo/share/turtlebot3_gazebo//worlds/empty_world.world
[2.329s] -- Up-to-date: /uolstore/home/users/mn22df/ros2_ws/install/turtlebot3_gazebo/share/turtlebot3_gazebo//worlds/rgb.world
[2.329s] -- Up-to-date: /uolstore/home/users/mn22df/ros2_ws/install/turtlebot3_gazebo/share/turtlebot3_gazebo//worlds/turtlebot3_dqn_stage1.world
[2.329s] -- Up-to-date: /uolstore/home/users/mn22df/ros2_ws/install/turtlebot3_gazebo/share/turtlebot3_gazebo//worlds/turtlebot3_dqn_stage2.world
[2.329s] -- Up-to-date: /uolstore/home/users/mn22df/ros2_ws/install/turtlebot3_gazebo/share/turtlebot3_gazebo//worlds/turtlebot3_dqn_stage3.world
[2.329s] -- Up-to-date: /uolstore/home/users/mn22df/ros2_ws/install/turtlebot3_gazebo/share/turtlebot3_gazebo//worlds/turtlebot3_dqn_stage4.world
[2.329s] -- Up-to-date: /uolstore/home/users/mn22df/ros2_ws/install/turtlebot3_gazebo/share/turtlebot3_gazebo//worlds/turtlebot3_house.world
[2.329s] -- Up-to-date: /uolstore/home/users/mn22df/ros2_ws/install/turtlebot3_gazebo/share/turtlebot3_gazebo//worlds/turtlebot3_panorama
[2.329s] -- Up-to-date: /uolstore/home/users/mn22df/ros2_ws/install/turtlebot3_gazebo/share/turtlebot3_gazebo//worlds/turtlebot3_panorama/turtlebot3_panorama.world
[2.329s] -- Up-to-date: /uolstore/home/users/mn22df/ros2_ws/install/turtlebot3_gazebo/share/turtlebot3_gazebo//worlds/turtlebot3_space
[2.329s] -- Up-to-date: /uolstore/home/users/mn22df/ros2_ws/install/turtlebot3_gazebo/share/turtlebot3_gazebo//worlds/turtlebot3_space/turtlebot3_space.world
[2.329s] -- Up-to-date: /uolstore/home/users/mn22df/ros2_ws/install/turtlebot3_gazebo/share/turtlebot3_gazebo//worlds/turtlebot3_world.world
[2.329s] -- Up-to-date: /uolstore/home/users/mn22df/ros2_ws/install/turtlebot3_gazebo/include/
[2.329s] -- Up-to-date: /uolstore/home/users/mn22df/ros2_ws/install/turtlebot3_gazebo/include//turtlebot3_gazebo
[2.329s] -- Up-to-date: /uolstore/home/users/mn22df/ros2_ws/install/turtlebot3_gazebo/include//turtlebot3_gazebo/turtlebot3_drive.hpp
[2.329s] -- Up-to-date: /uolstore/home/users/mn22df/ros2_ws/install/turtlebot3_gazebo/share/ament_index/resource_index/package_run_dependencies/turtlebot3_gazebo
[2.329s] -- Up-to-date: /uolstore/home/users/mn22df/ros2_ws/install/turtlebot3_gazebo/share/ament_index/resource_index/parent_prefix_path/turtlebot3_gazebo
[2.329s] -- Up-to-date: /uolstore/home/users/mn22df/ros2_ws/install/turtlebot3_gazebo/share/turtlebot3_gazebo/environment/ament_prefix_path.sh
[2.329s] -- Up-to-date: /uolstore/home/users/mn22df/ros2_ws/install/turtlebot3_gazebo/share/turtlebot3_gazebo/environment/ament_prefix_path.dsv
[2.329s] -- Up-to-date: /uolstore/home/users/mn22df/ros2_ws/install/turtlebot3_gazebo/share/turtlebot3_gazebo/environment/path.sh
[2.329s] -- Up-to-date: /uolstore/home/users/mn22df/ros2_ws/install/turtlebot3_gazebo/share/turtlebot3_gazebo/environment/path.dsv
[2.329s] -- Up-to-date: /uolstore/home/users/mn22df/ros2_ws/install/turtlebot3_gazebo/share/turtlebot3_gazebo/local_setup.bash
[2.329s] -- Up-to-date: /uolstore/home/users/mn22df/ros2_ws/install/turtlebot3_gazebo/share/turtlebot3_gazebo/local_setup.sh
[2.329s] -- Up-to-date: /uolstore/home/users/mn22df/ros2_ws/install/turtlebot3_gazebo/share/turtlebot3_gazebo/local_setup.zsh
[2.329s] -- Up-to-date: /uolstore/home/users/mn22df/ros2_ws/install/turtlebot3_gazebo/share/turtlebot3_gazebo/local_setup.dsv
[2.329s] -- Installing: /uolstore/home/users/mn22df/ros2_ws/install/turtlebot3_gazebo/share/turtlebot3_gazebo/package.dsv
[2.329s] -- Up-to-date: /uolstore/home/users/mn22df/ros2_ws/install/turtlebot3_gazebo/share/ament_index/resource_index/packages/turtlebot3_gazebo
[2.329s] -- Up-to-date: /uolstore/home/users/mn22df/ros2_ws/install/turtlebot3_gazebo/share/turtlebot3_gazebo/cmake/ament_cmake_export_include_directories-extras.cmake
[2.330s] -- Up-to-date: /uolstore/home/users/mn22df/ros2_ws/install/turtlebot3_gazebo/share/turtlebot3_gazebo/cmake/ament_cmake_export_dependencies-extras.cmake
[2.330s] -- Up-to-date: /uolstore/home/users/mn22df/ros2_ws/install/turtlebot3_gazebo/share/turtlebot3_gazebo/cmake/turtlebot3_gazeboConfig.cmake
[2.330s] -- Up-to-date: /uolstore/home/users/mn22df/ros2_ws/install/turtlebot3_gazebo/share/turtlebot3_gazebo/cmake/turtlebot3_gazeboConfig-version.cmake
[2.330s] -- Up-to-date: /uolstore/home/users/mn22df/ros2_ws/install/turtlebot3_gazebo/share/turtlebot3_gazebo/package.xml
[2.330s] Invoked command in '/uolstore/home/users/mn22df/ros2_ws/build/turtlebot3_gazebo' returned '0': CMAKE_PREFIX_PATH=${CMAKE_PREFIX_PATH}:/uolstore/home/users/mn22df/ros2_ws/install/lab3:/uolstore/home/users/mn22df/ros2_ws/install/lab2:/uolstore/home/users/mn22df/ros2_ws/install/lab1:/opt/ros/humble /usr/bin/cmake --install /uolstore/home/users/mn22df/ros2_ws/build/turtlebot3_gazebo
