[0.580s] Invoking command in '/uolstore/home/users/mn22df/ros2_ws/build/turtlebot3_fake_node': CMAKE_PREFIX_PATH=${CMAKE_PREFIX_PATH}:/uolstore/home/users/mn22df/ros2_ws/install/lab3:/uolstore/home/users/mn22df/ros2_ws/install/lab2:/uolstore/home/users/mn22df/ros2_ws/install/lab1:/opt/ros/humble /usr/bin/cmake --build /uolstore/home/users/mn22df/ros2_ws/build/turtlebot3_fake_node -- -j20 -l20
[1.257s] [100%] Built target turtlebot3_fake_node
[1.257s] Invoked command in '/uolstore/home/users/mn22df/ros2_ws/build/turtlebot3_fake_node' returned '0': CMAKE_PREFIX_PATH=${CMAKE_PREFIX_PATH}:/uolstore/home/users/mn22df/ros2_ws/install/lab3:/uolstore/home/users/mn22df/ros2_ws/install/lab2:/uolstore/home/users/mn22df/ros2_ws/install/lab1:/opt/ros/humble /usr/bin/cmake --build /uolstore/home/users/mn22df/ros2_ws/build/turtlebot3_fake_node -- -j20 -l20
[1.634s] Invoking command in '/uolstore/home/users/mn22df/ros2_ws/build/turtlebot3_fake_node': CMAKE_PREFIX_PATH=${CMAKE_PREFIX_PATH}:/uolstore/home/users/mn22df/ros2_ws/install/lab3:/uolstore/home/users/mn22df/ros2_ws/install/lab2:/uolstore/home/users/mn22df/ros2_ws/install/lab1:/opt/ros/humble /usr/bin/cmake --install /uolstore/home/users/mn22df/ros2_ws/build/turtlebot3_fake_node
[1.657s] -- Install configuration: ""
[1.658s] -- Up-to-date: /uolstore/home/users/mn22df/ros2_ws/install/turtlebot3_fake_node/lib/turtlebot3_fake_node/turtlebot3_fake_node
[1.662s] -- Up-to-date: /uolstore/home/users/mn22df/ros2_ws/install/turtlebot3_fake_node/share/turtlebot3_fake_node/launch
[1.663s] -- Up-to-date: /uolstore/home/users/mn22df/ros2_ws/install/turtlebot3_fake_node/share/turtlebot3_fake_node/launch/rviz2.launch.py
[1.663s] -- Up-to-date: /uolstore/home/users/mn22df/ros2_ws/install/turtlebot3_fake_node/share/turtlebot3_fake_node/launch/turtlebot3_fake_node.launch.py
[1.664s] -- Up-to-date: /uolstore/home/users/mn22df/ros2_ws/install/turtlebot3_fake_node/share/turtlebot3_fake_node/param
[1.666s] -- Up-to-date: /uolstore/home/users/mn22df/ros2_ws/install/turtlebot3_fake_node/share/turtlebot3_fake_node/param/burger.yaml
[1.667s] -- Up-to-date: /uolstore/home/users/mn22df/ros2_ws/install/turtlebot3_fake_node/share/turtlebot3_fake_node/param/waffle.yaml
[1.669s] -- Up-to-date: /uolstore/home/users/mn22df/ros2_ws/install/turtlebot3_fake_node/share/turtlebot3_fake_node/param/waffle_pi.yaml
[1.670s] -- Up-to-date: /uolstore/home/users/mn22df/ros2_ws/install/turtlebot3_fake_node/include/
[1.672s] -- Up-to-date: /uolstore/home/users/mn22df/ros2_ws/install/turtlebot3_fake_node/include//turtlebot3_fake_node
[1.673s] -- Up-to-date: /uolstore/home/users/mn22df/ros2_ws/install/turtlebot3_fake_node/include//turtlebot3_fake_node/turtlebot3_fake_node.hpp
[1.675s] -- Up-to-date: /uolstore/home/users/mn22df/ros2_ws/install/turtlebot3_fake_node/share/ament_index/resource_index/package_run_dependencies/turtlebot3_fake_node
[1.676s] -- Up-to-date: /uolstore/home/users/mn22df/ros2_ws/install/turtlebot3_fake_node/share/ament_index/resource_index/parent_prefix_path/turtlebot3_fake_node
[1.677s] -- Up-to-date: /uolstore/home/users/mn22df/ros2_ws/install/turtlebot3_fake_node/share/turtlebot3_fake_node/environment/ament_prefix_path.sh
[1.679s] -- Up-to-date: /uolstore/home/users/mn22df/ros2_ws/install/turtlebot3_fake_node/share/turtlebot3_fake_node/environment/ament_prefix_path.dsv
[1.680s] -- Up-to-date: /uolstore/home/users/mn22df/ros2_ws/install/turtlebot3_fake_node/share/turtlebot3_fake_node/environment/path.sh
[1.682s] -- Up-to-date: /uolstore/home/users/mn22df/ros2_ws/install/turtlebot3_fake_node/share/turtlebot3_fake_node/environment/path.dsv
[1.682s] -- Up-to-date: /uolstore/home/users/mn22df/ros2_ws/install/turtlebot3_fake_node/share/turtlebot3_fake_node/local_setup.bash
[1.684s] -- Up-to-date: /uolstore/home/users/mn22df/ros2_ws/install/turtlebot3_fake_node/share/turtlebot3_fake_node/local_setup.sh
[1.686s] -- Up-to-date: /uolstore/home/users/mn22df/ros2_ws/install/turtlebot3_fake_node/share/turtlebot3_fake_node/local_setup.zsh
[1.687s] -- Up-to-date: /uolstore/home/users/mn22df/ros2_ws/install/turtlebot3_fake_node/share/turtlebot3_fake_node/local_setup.dsv
[1.689s] -- Installing: /uolstore/home/users/mn22df/ros2_ws/install/turtlebot3_fake_node/share/turtlebot3_fake_node/package.dsv
[1.713s] -- Up-to-date: /uolstore/home/users/mn22df/ros2_ws/install/turtlebot3_fake_node/share/ament_index/resource_index/packages/turtlebot3_fake_node
[1.713s] -- Up-to-date: /uolstore/home/users/mn22df/ros2_ws/install/turtlebot3_fake_node/share/turtlebot3_fake_node/cmake/ament_cmake_export_include_directories-extras.cmake
[1.714s] -- Up-to-date: /uolstore/home/users/mn22df/ros2_ws/install/turtlebot3_fake_node/share/turtlebot3_fake_node/cmake/ament_cmake_export_dependencies-extras.cmake
[1.715s] -- Up-to-date: /uolstore/home/users/mn22df/ros2_ws/install/turtlebot3_fake_node/share/turtlebot3_fake_node/cmake/turtlebot3_fake_nodeConfig.cmake
[1.717s] -- Up-to-date: /uolstore/home/users/mn22df/ros2_ws/install/turtlebot3_fake_node/share/turtlebot3_fake_node/cmake/turtlebot3_fake_nodeConfig-version.cmake
[1.718s] -- Up-to-date: /uolstore/home/users/mn22df/ros2_ws/install/turtlebot3_fake_node/share/turtlebot3_fake_node/package.xml
[1.724s] Invoked command in '/uolstore/home/users/mn22df/ros2_ws/build/turtlebot3_fake_node' returned '0': CMAKE_PREFIX_PATH=${CMAKE_PREFIX_PATH}:/uolstore/home/users/mn22df/ros2_ws/install/lab3:/uolstore/home/users/mn22df/ros2_ws/install/lab2:/uolstore/home/users/mn22df/ros2_ws/install/lab1:/opt/ros/humble /usr/bin/cmake --install /uolstore/home/users/mn22df/ros2_ws/build/turtlebot3_fake_node
