[0.668s] Invoking command in '/uolstore/home/users/mn22df/ros2_ws/src/lab1': PYTHONPATH=/uolstore/home/users/mn22df/ros2_ws/build/lab1/prefix_override:/uolstore/home/users/mn22df/ros2_ws/install/lab1/lib/python3.10/site-packages:${PYTHONPATH} /usr/bin/python3 setup.py egg_info --egg-base ../../build/lab1 build --build-base /uolstore/home/users/mn22df/ros2_ws/build/lab1/build install --record /uolstore/home/users/mn22df/ros2_ws/build/lab1/install.log --single-version-externally-managed
[0.868s] running egg_info
[0.869s] creating ../../build/lab1/lab1.egg-info
[0.870s] writing ../../build/lab1/lab1.egg-info/PKG-INFO
[0.876s] writing dependency_links to ../../build/lab1/lab1.egg-info/dependency_links.txt
[0.879s] writing entry points to ../../build/lab1/lab1.egg-info/entry_points.txt
[0.881s] writing requirements to ../../build/lab1/lab1.egg-info/requires.txt
[0.883s] writing top-level names to ../../build/lab1/lab1.egg-info/top_level.txt
[0.886s] writing manifest file '../../build/lab1/lab1.egg-info/SOURCES.txt'
[0.895s] reading manifest file '../../build/lab1/lab1.egg-info/SOURCES.txt'
[0.898s] writing manifest file '../../build/lab1/lab1.egg-info/SOURCES.txt'
[0.900s] running build
[0.900s] running build_py
[0.901s] creating /uolstore/home/users/mn22df/ros2_ws/build/lab1/build
[0.902s] creating /uolstore/home/users/mn22df/ros2_ws/build/lab1/build/lib
[0.903s] creating /uolstore/home/users/mn22df/ros2_ws/build/lab1/build/lib/lab1
[0.906s] copying lab1/__init__.py -> /uolstore/home/users/mn22df/ros2_ws/build/lab1/build/lib/lab1
[0.909s] copying lab1/hello.py -> /uolstore/home/users/mn22df/ros2_ws/build/lab1/build/lib/lab1
[0.913s] running install
[0.913s] running install_lib
[0.917s] creating /uolstore/home/users/mn22df/ros2_ws/install/lab1/lib/python3.10/site-packages/lab1
[0.919s] copying /uolstore/home/users/mn22df/ros2_ws/build/lab1/build/lib/lab1/__init__.py -> /uolstore/home/users/mn22df/ros2_ws/install/lab1/lib/python3.10/site-packages/lab1
[0.923s] copying /uolstore/home/users/mn22df/ros2_ws/build/lab1/build/lib/lab1/hello.py -> /uolstore/home/users/mn22df/ros2_ws/install/lab1/lib/python3.10/site-packages/lab1
[0.930s] byte-compiling /uolstore/home/users/mn22df/ros2_ws/install/lab1/lib/python3.10/site-packages/lab1/__init__.py to __init__.cpython-310.pyc
[0.936s] byte-compiling /uolstore/home/users/mn22df/ros2_ws/install/lab1/lib/python3.10/site-packages/lab1/hello.py to hello.cpython-310.pyc
[0.942s] running install_data
[0.943s] creating /uolstore/home/users/mn22df/ros2_ws/install/lab1/share/ament_index
[0.944s] creating /uolstore/home/users/mn22df/ros2_ws/install/lab1/share/ament_index/resource_index
[0.945s] creating /uolstore/home/users/mn22df/ros2_ws/install/lab1/share/ament_index/resource_index/packages
[0.947s] copying resource/lab1 -> /uolstore/home/users/mn22df/ros2_ws/install/lab1/share/ament_index/resource_index/packages
[0.951s] copying package.xml -> /uolstore/home/users/mn22df/ros2_ws/install/lab1/share/lab1
[0.955s] running install_egg_info
[0.958s] Copying ../../build/lab1/lab1.egg-info to /uolstore/home/users/mn22df/ros2_ws/install/lab1/lib/python3.10/site-packages/lab1-0.0.0-py3.10.egg-info
[1.007s] running install_scripts
[1.023s] Installing hello script to /uolstore/home/users/mn22df/ros2_ws/install/lab1/lib/lab1
[1.028s] writing list of installed files to '/uolstore/home/users/mn22df/ros2_ws/build/lab1/install.log'
[1.043s] Invoked command in '/uolstore/home/users/mn22df/ros2_ws/src/lab1' returned '0': PYTHONPATH=/uolstore/home/users/mn22df/ros2_ws/build/lab1/prefix_override:/uolstore/home/users/mn22df/ros2_ws/install/lab1/lib/python3.10/site-packages:${PYTHONPATH} /usr/bin/python3 setup.py egg_info --egg-base ../../build/lab1 build --build-base /uolstore/home/users/mn22df/ros2_ws/build/lab1/build install --record /uolstore/home/users/mn22df/ros2_ws/build/lab1/install.log --single-version-externally-managed
