[1.486s] Invoking command in '/uolstore/home/users/mn22df/ros2_ws/src/lab3': PYTHONPATH=/uolstore/home/users/mn22df/ros2_ws/build/lab3/prefix_override:/uolstore/home/users/mn22df/ros2_ws/install/lab3/lib/python3.10/site-packages:${PYTHONPATH} /usr/bin/python3 setup.py egg_info --egg-base ../../build/lab3 build --build-base /uolstore/home/users/mn22df/ros2_ws/build/lab3/build install --record /uolstore/home/users/mn22df/ros2_ws/build/lab3/install.log --single-version-externally-managed
[1.710s] running egg_info
[1.711s] writing ../../build/lab3/lab3.egg-info/PKG-INFO
[1.716s] writing dependency_links to ../../build/lab3/lab3.egg-info/dependency_links.txt
[1.720s] writing entry points to ../../build/lab3/lab3.egg-info/entry_points.txt
[1.723s] writing requirements to ../../build/lab3/lab3.egg-info/requires.txt
[1.726s] writing top-level names to ../../build/lab3/lab3.egg-info/top_level.txt
[1.737s] reading manifest file '../../build/lab3/lab3.egg-info/SOURCES.txt'
[1.741s] writing manifest file '../../build/lab3/lab3.egg-info/SOURCES.txt'
[1.744s] running build
[1.744s] running build_py
[1.746s] copying lab3/exercise1.py -> /uolstore/home/users/mn22df/ros2_ws/build/lab3/build/lib/lab3
[1.750s] running install
[1.751s] running install_lib
[1.754s] copying /uolstore/home/users/mn22df/ros2_ws/build/lab3/build/lib/lab3/exercise1.py -> /uolstore/home/users/mn22df/ros2_ws/install/lab3/lib/python3.10/site-packages/lab3
[1.763s] byte-compiling /uolstore/home/users/mn22df/ros2_ws/install/lab3/lib/python3.10/site-packages/lab3/exercise1.py to exercise1.cpython-310.pyc
[1.768s] running install_data
[1.768s] running install_egg_info
[1.770s] removing '/uolstore/home/users/mn22df/ros2_ws/install/lab3/lib/python3.10/site-packages/lab3-0.0.0-py3.10.egg-info' (and everything under it)
[1.782s] Copying ../../build/lab3/lab3.egg-info to /uolstore/home/users/mn22df/ros2_ws/install/lab3/lib/python3.10/site-packages/lab3-0.0.0-py3.10.egg-info
[1.835s] running install_scripts
[1.851s] Installing exercise1 script to /uolstore/home/users/mn22df/ros2_ws/install/lab3/lib/lab3
[1.855s] Installing firstwalk script to /uolstore/home/users/mn22df/ros2_ws/install/lab3/lib/lab3
[1.860s] writing list of installed files to '/uolstore/home/users/mn22df/ros2_ws/build/lab3/install.log'
[2.105s] Invoked command in '/uolstore/home/users/mn22df/ros2_ws/src/lab3' returned '0': PYTHONPATH=/uolstore/home/users/mn22df/ros2_ws/build/lab3/prefix_override:/uolstore/home/users/mn22df/ros2_ws/install/lab3/lib/python3.10/site-packages:${PYTHONPATH} /usr/bin/python3 setup.py egg_info --egg-base ../../build/lab3 build --build-base /uolstore/home/users/mn22df/ros2_ws/build/lab3/build install --record /uolstore/home/users/mn22df/ros2_ws/build/lab3/install.log --single-version-externally-managed
