[0.817s] DEBUG:colcon:Command line arguments: ['/usr/bin/colcon', 'build']
[0.817s] DEBUG:colcon:Parsed command line arguments: Namespace(log_base=None, log_level=None, verb_name='build', build_base='build', install_base='install', merge_install=False, symlink_install=False, test_result_base=None, continue_on_error=False, executor='parallel', parallel_workers=20, event_handlers=None, ignore_user_meta=False, metas=['./colcon.meta'], base_paths=['.'], packages_ignore=None, packages_ignore_regex=None, paths=None, packages_up_to=None, packages_up_to_regex=None, packages_above=None, packages_above_and_dependencies=None, packages_above_depth=None, packages_select_by_dep=None, packages_skip_by_dep=None, packages_skip_up_to=None, packages_select_build_failed=False, packages_skip_build_finished=False, packages_select_test_failures=False, packages_skip_test_passed=False, packages_select=None, packages_skip=None, packages_select_regex=None, packages_skip_regex=None, packages_start=None, packages_end=None, allow_overriding=[], cmake_args=None, cmake_target=None, cmake_target_skip_unavailable=False, cmake_clean_cache=False, cmake_clean_first=False, cmake_force_configure=False, ament_cmake_args=None, catkin_cmake_args=None, catkin_skip_building_tests=False, verb_parser=<colcon_defaults.argument_parser.defaults.DefaultArgumentsDecorator object at 0x7fdea6e6db70>, verb_extension=<colcon_core.verb.build.BuildVerb object at 0x7fdea70e82b0>, main=<bound method BuildVerb.main of <colcon_core.verb.build.BuildVerb object at 0x7fdea70e82b0>>)
[0.854s] Level 1:colcon.colcon_core.package_discovery:discover_packages(colcon_meta) check parameters
[0.855s] Level 1:colcon.colcon_core.package_discovery:discover_packages(recursive) check parameters
[0.855s] Level 1:colcon.colcon_core.package_discovery:discover_packages(ignore) check parameters
[0.855s] Level 1:colcon.colcon_core.package_discovery:discover_packages(path) check parameters
[0.855s] Level 1:colcon.colcon_core.package_discovery:discover_packages(colcon_meta) discover
[0.855s] Level 1:colcon.colcon_core.package_discovery:discover_packages(recursive) discover
[0.855s] INFO:colcon.colcon_core.package_discovery:Crawling recursively for packages in '/uolstore/home/users/mn22df/ros2_ws'
[0.856s] Level 1:colcon.colcon_core.package_identification:_identify(.) by extensions ['ignore', 'ignore_ament_install']
[0.856s] Level 1:colcon.colcon_core.package_identification:_identify(.) by extension 'ignore'
[0.856s] Level 1:colcon.colcon_core.package_identification:_identify(.) by extension 'ignore_ament_install'
[0.856s] Level 1:colcon.colcon_core.package_identification:_identify(.) by extensions ['colcon_pkg']
[0.856s] Level 1:colcon.colcon_core.package_identification:_identify(.) by extension 'colcon_pkg'
[0.856s] Level 1:colcon.colcon_core.package_identification:_identify(.) by extensions ['colcon_meta']
[0.856s] Level 1:colcon.colcon_core.package_identification:_identify(.) by extension 'colcon_meta'
[0.856s] Level 1:colcon.colcon_core.package_identification:_identify(.) by extensions ['ros']
[0.856s] Level 1:colcon.colcon_core.package_identification:_identify(.) by extension 'ros'
[0.863s] Level 1:colcon.colcon_core.package_identification:_identify(.) by extensions ['cmake', 'python']
[0.863s] Level 1:colcon.colcon_core.package_identification:_identify(.) by extension 'cmake'
[0.863s] Level 1:colcon.colcon_core.package_identification:_identify(.) by extension 'python'
[0.864s] Level 1:colcon.colcon_core.package_identification:_identify(.) by extensions ['python_setup_py']
[0.864s] Level 1:colcon.colcon_core.package_identification:_identify(.) by extension 'python_setup_py'
[0.864s] Level 1:colcon.colcon_core.package_identification:_identify(build) by extensions ['ignore', 'ignore_ament_install']
[0.865s] Level 1:colcon.colcon_core.package_identification:_identify(build) by extension 'ignore'
[0.865s] Level 1:colcon.colcon_core.package_identification:_identify(build) ignored
[0.865s] Level 1:colcon.colcon_core.package_identification:_identify(install) by extensions ['ignore', 'ignore_ament_install']
[0.866s] Level 1:colcon.colcon_core.package_identification:_identify(install) by extension 'ignore'
[0.866s] Level 1:colcon.colcon_core.package_identification:_identify(install) ignored
[0.867s] Level 1:colcon.colcon_core.package_identification:_identify(log) by extensions ['ignore', 'ignore_ament_install']
[0.867s] Level 1:colcon.colcon_core.package_identification:_identify(log) by extension 'ignore'
[0.868s] Level 1:colcon.colcon_core.package_identification:_identify(log) ignored
[0.868s] Level 1:colcon.colcon_core.package_identification:_identify(src) by extensions ['ignore', 'ignore_ament_install']
[0.868s] Level 1:colcon.colcon_core.package_identification:_identify(src) by extension 'ignore'
[0.868s] Level 1:colcon.colcon_core.package_identification:_identify(src) by extension 'ignore_ament_install'
[0.868s] Level 1:colcon.colcon_core.package_identification:_identify(src) by extensions ['colcon_pkg']
[0.868s] Level 1:colcon.colcon_core.package_identification:_identify(src) by extension 'colcon_pkg'
[0.869s] Level 1:colcon.colcon_core.package_identification:_identify(src) by extensions ['colcon_meta']
[0.869s] Level 1:colcon.colcon_core.package_identification:_identify(src) by extension 'colcon_meta'
[0.869s] Level 1:colcon.colcon_core.package_identification:_identify(src) by extensions ['ros']
[0.869s] Level 1:colcon.colcon_core.package_identification:_identify(src) by extension 'ros'
[0.869s] Level 1:colcon.colcon_core.package_identification:_identify(src) by extensions ['cmake', 'python']
[0.869s] Level 1:colcon.colcon_core.package_identification:_identify(src) by extension 'cmake'
[0.869s] Level 1:colcon.colcon_core.package_identification:_identify(src) by extension 'python'
[0.869s] Level 1:colcon.colcon_core.package_identification:_identify(src) by extensions ['python_setup_py']
[0.869s] Level 1:colcon.colcon_core.package_identification:_identify(src) by extension 'python_setup_py'
[0.869s] Level 1:colcon.colcon_core.package_identification:_identify(src/lab1) by extensions ['ignore', 'ignore_ament_install']
[0.869s] Level 1:colcon.colcon_core.package_identification:_identify(src/lab1) by extension 'ignore'
[0.869s] Level 1:colcon.colcon_core.package_identification:_identify(src/lab1) by extension 'ignore_ament_install'
[0.869s] Level 1:colcon.colcon_core.package_identification:_identify(src/lab1) by extensions ['colcon_pkg']
[0.869s] Level 1:colcon.colcon_core.package_identification:_identify(src/lab1) by extension 'colcon_pkg'
[0.869s] Level 1:colcon.colcon_core.package_identification:_identify(src/lab1) by extensions ['colcon_meta']
[0.869s] Level 1:colcon.colcon_core.package_identification:_identify(src/lab1) by extension 'colcon_meta'
[0.869s] Level 1:colcon.colcon_core.package_identification:_identify(src/lab1) by extensions ['ros']
[0.869s] Level 1:colcon.colcon_core.package_identification:_identify(src/lab1) by extension 'ros'
[0.872s] DEBUG:colcon.colcon_core.package_identification:Package 'src/lab1' with type 'ros.ament_python' and name 'lab1'
[0.873s] Level 1:colcon.colcon_core.package_identification:_identify(src/lab2) by extensions ['ignore', 'ignore_ament_install']
[0.873s] Level 1:colcon.colcon_core.package_identification:_identify(src/lab2) by extension 'ignore'
[0.873s] Level 1:colcon.colcon_core.package_identification:_identify(src/lab2) by extension 'ignore_ament_install'
[0.873s] Level 1:colcon.colcon_core.package_identification:_identify(src/lab2) by extensions ['colcon_pkg']
[0.873s] Level 1:colcon.colcon_core.package_identification:_identify(src/lab2) by extension 'colcon_pkg'
[0.873s] Level 1:colcon.colcon_core.package_identification:_identify(src/lab2) by extensions ['colcon_meta']
[0.873s] Level 1:colcon.colcon_core.package_identification:_identify(src/lab2) by extension 'colcon_meta'
[0.873s] Level 1:colcon.colcon_core.package_identification:_identify(src/lab2) by extensions ['ros']
[0.873s] Level 1:colcon.colcon_core.package_identification:_identify(src/lab2) by extension 'ros'
[0.875s] DEBUG:colcon.colcon_core.package_identification:Package 'src/lab2' with type 'ros.ament_python' and name 'lab2'
[0.875s] Level 1:colcon.colcon_core.package_identification:_identify(src/lab3) by extensions ['ignore', 'ignore_ament_install']
[0.875s] Level 1:colcon.colcon_core.package_identification:_identify(src/lab3) by extension 'ignore'
[0.876s] Level 1:colcon.colcon_core.package_identification:_identify(src/lab3) by extension 'ignore_ament_install'
[0.877s] Level 1:colcon.colcon_core.package_identification:_identify(src/lab3) by extensions ['colcon_pkg']
[0.877s] Level 1:colcon.colcon_core.package_identification:_identify(src/lab3) by extension 'colcon_pkg'
[0.878s] Level 1:colcon.colcon_core.package_identification:_identify(src/lab3) by extensions ['colcon_meta']
[0.878s] Level 1:colcon.colcon_core.package_identification:_identify(src/lab3) by extension 'colcon_meta'
[0.878s] Level 1:colcon.colcon_core.package_identification:_identify(src/lab3) by extensions ['ros']
[0.878s] Level 1:colcon.colcon_core.package_identification:_identify(src/lab3) by extension 'ros'
[0.881s] DEBUG:colcon.colcon_core.package_identification:Package 'src/lab3' with type 'ros.ament_python' and name 'lab3'
[0.881s] Level 1:colcon.colcon_core.package_discovery:discover_packages(recursive) using defaults
[0.881s] Level 1:colcon.colcon_core.package_discovery:discover_packages(ignore) discover
[0.881s] Level 1:colcon.colcon_core.package_discovery:discover_packages(ignore) using defaults
[0.881s] Level 1:colcon.colcon_core.package_discovery:discover_packages(path) discover
[0.882s] Level 1:colcon.colcon_core.package_discovery:discover_packages(path) using defaults
[0.954s] Level 1:colcon.colcon_core.package_discovery:discover_packages(prefix_path) check parameters
[0.954s] Level 1:colcon.colcon_core.package_discovery:discover_packages(prefix_path) discover
[0.989s] DEBUG:colcon.colcon_installed_package_information.package_discovery:Found 2 installed packages in /uolstore/home/users/mn22df/ros2_ws/install
[1.003s] DEBUG:colcon.colcon_installed_package_information.package_discovery:Found 383 installed packages in /opt/ros/humble
[1.010s] Level 1:colcon.colcon_core.package_discovery:discover_packages(prefix_path) using defaults
[1.086s] Level 5:colcon.colcon_core.verb:set package 'lab1' build argument 'cmake_args' from command line to 'None'
[1.086s] Level 5:colcon.colcon_core.verb:set package 'lab1' build argument 'cmake_target' from command line to 'None'
[1.086s] Level 5:colcon.colcon_core.verb:set package 'lab1' build argument 'cmake_target_skip_unavailable' from command line to 'False'
[1.086s] Level 5:colcon.colcon_core.verb:set package 'lab1' build argument 'cmake_clean_cache' from command line to 'False'
[1.086s] Level 5:colcon.colcon_core.verb:set package 'lab1' build argument 'cmake_clean_first' from command line to 'False'
[1.086s] Level 5:colcon.colcon_core.verb:set package 'lab1' build argument 'cmake_force_configure' from command line to 'False'
[1.086s] Level 5:colcon.colcon_core.verb:set package 'lab1' build argument 'ament_cmake_args' from command line to 'None'
[1.086s] Level 5:colcon.colcon_core.verb:set package 'lab1' build argument 'catkin_cmake_args' from command line to 'None'
[1.086s] Level 5:colcon.colcon_core.verb:set package 'lab1' build argument 'catkin_skip_building_tests' from command line to 'False'
[1.086s] DEBUG:colcon.colcon_core.verb:Building package 'lab1' with the following arguments: {'ament_cmake_args': None, 'build_base': '/uolstore/home/users/mn22df/ros2_ws/build/lab1', 'catkin_cmake_args': None, 'catkin_skip_building_tests': False, 'cmake_args': None, 'cmake_clean_cache': False, 'cmake_clean_first': False, 'cmake_force_configure': False, 'cmake_target': None, 'cmake_target_skip_unavailable': False, 'install_base': '/uolstore/home/users/mn22df/ros2_ws/install/lab1', 'merge_install': False, 'path': '/uolstore/home/users/mn22df/ros2_ws/src/lab1', 'symlink_install': False, 'test_result_base': None}
[1.098s] Level 5:colcon.colcon_core.verb:set package 'lab2' build argument 'cmake_args' from command line to 'None'
[1.098s] Level 5:colcon.colcon_core.verb:set package 'lab2' build argument 'cmake_target' from command line to 'None'
[1.099s] Level 5:colcon.colcon_core.verb:set package 'lab2' build argument 'cmake_target_skip_unavailable' from command line to 'False'
[1.099s] Level 5:colcon.colcon_core.verb:set package 'lab2' build argument 'cmake_clean_cache' from command line to 'False'
[1.099s] Level 5:colcon.colcon_core.verb:set package 'lab2' build argument 'cmake_clean_first' from command line to 'False'
[1.099s] Level 5:colcon.colcon_core.verb:set package 'lab2' build argument 'cmake_force_configure' from command line to 'False'
[1.099s] Level 5:colcon.colcon_core.verb:set package 'lab2' build argument 'ament_cmake_args' from command line to 'None'
[1.099s] Level 5:colcon.colcon_core.verb:set package 'lab2' build argument 'catkin_cmake_args' from command line to 'None'
[1.099s] Level 5:colcon.colcon_core.verb:set package 'lab2' build argument 'catkin_skip_building_tests' from command line to 'False'
[1.099s] DEBUG:colcon.colcon_core.verb:Building package 'lab2' with the following arguments: {'ament_cmake_args': None, 'build_base': '/uolstore/home/users/mn22df/ros2_ws/build/lab2', 'catkin_cmake_args': None, 'catkin_skip_building_tests': False, 'cmake_args': None, 'cmake_clean_cache': False, 'cmake_clean_first': False, 'cmake_force_configure': False, 'cmake_target': None, 'cmake_target_skip_unavailable': False, 'install_base': '/uolstore/home/users/mn22df/ros2_ws/install/lab2', 'merge_install': False, 'path': '/uolstore/home/users/mn22df/ros2_ws/src/lab2', 'symlink_install': False, 'test_result_base': None}
[1.110s] Level 5:colcon.colcon_core.verb:set package 'lab3' build argument 'cmake_args' from command line to 'None'
[1.111s] Level 5:colcon.colcon_core.verb:set package 'lab3' build argument 'cmake_target' from command line to 'None'
[1.111s] Level 5:colcon.colcon_core.verb:set package 'lab3' build argument 'cmake_target_skip_unavailable' from command line to 'False'
[1.111s] Level 5:colcon.colcon_core.verb:set package 'lab3' build argument 'cmake_clean_cache' from command line to 'False'
[1.111s] Level 5:colcon.colcon_core.verb:set package 'lab3' build argument 'cmake_clean_first' from command line to 'False'
[1.111s] Level 5:colcon.colcon_core.verb:set package 'lab3' build argument 'cmake_force_configure' from command line to 'False'
[1.111s] Level 5:colcon.colcon_core.verb:set package 'lab3' build argument 'ament_cmake_args' from command line to 'None'
[1.111s] Level 5:colcon.colcon_core.verb:set package 'lab3' build argument 'catkin_cmake_args' from command line to 'None'
[1.111s] Level 5:colcon.colcon_core.verb:set package 'lab3' build argument 'catkin_skip_building_tests' from command line to 'False'
[1.111s] DEBUG:colcon.colcon_core.verb:Building package 'lab3' with the following arguments: {'ament_cmake_args': None, 'build_base': '/uolstore/home/users/mn22df/ros2_ws/build/lab3', 'catkin_cmake_args': None, 'catkin_skip_building_tests': False, 'cmake_args': None, 'cmake_clean_cache': False, 'cmake_clean_first': False, 'cmake_force_configure': False, 'cmake_target': None, 'cmake_target_skip_unavailable': False, 'install_base': '/uolstore/home/users/mn22df/ros2_ws/install/lab3', 'merge_install': False, 'path': '/uolstore/home/users/mn22df/ros2_ws/src/lab3', 'symlink_install': False, 'test_result_base': None}
[1.122s] INFO:colcon.colcon_core.executor:Executing jobs using 'parallel' executor
[1.135s] DEBUG:colcon.colcon_parallel_executor.executor.parallel:run_until_complete
[1.135s] INFO:colcon.colcon_ros.task.ament_python.build:Building ROS package in '/uolstore/home/users/mn22df/ros2_ws/src/lab1' with build type 'ament_python'
[1.135s] Level 1:colcon.colcon_core.shell:create_environment_hook('lab1', 'ament_prefix_path')
[1.149s] INFO:colcon.colcon_core.plugin_system:Skipping extension 'colcon_core.shell.bat': Not used on non-Windows systems
[1.149s] INFO:colcon.colcon_core.shell:Creating environment hook '/uolstore/home/users/mn22df/ros2_ws/install/lab1/share/lab1/hook/ament_prefix_path.ps1'
[1.154s] INFO:colcon.colcon_core.shell:Creating environment descriptor '/uolstore/home/users/mn22df/ros2_ws/install/lab1/share/lab1/hook/ament_prefix_path.dsv'
[1.157s] INFO:colcon.colcon_core.shell:Creating environment hook '/uolstore/home/users/mn22df/ros2_ws/install/lab1/share/lab1/hook/ament_prefix_path.sh'
[1.173s] INFO:colcon.colcon_core.shell:Skip shell extension 'powershell' for command environment: Not usable outside of PowerShell
[1.173s] DEBUG:colcon.colcon_core.shell:Skip shell extension 'dsv' for command environment
[1.220s] INFO:colcon.colcon_ros.task.ament_python.build:Building ROS package in '/uolstore/home/users/mn22df/ros2_ws/src/lab2' with build type 'ament_python'
[1.220s] Level 1:colcon.colcon_core.shell:create_environment_hook('lab2', 'ament_prefix_path')
[1.233s] INFO:colcon.colcon_core.shell:Creating environment hook '/uolstore/home/users/mn22df/ros2_ws/install/lab2/share/lab2/hook/ament_prefix_path.ps1'
[1.236s] INFO:colcon.colcon_core.shell:Creating environment descriptor '/uolstore/home/users/mn22df/ros2_ws/install/lab2/share/lab2/hook/ament_prefix_path.dsv'
[1.239s] INFO:colcon.colcon_core.shell:Creating environment hook '/uolstore/home/users/mn22df/ros2_ws/install/lab2/share/lab2/hook/ament_prefix_path.sh'
[1.256s] INFO:colcon.colcon_core.shell:Skip shell extension 'powershell' for command environment: Not usable outside of PowerShell
[1.256s] DEBUG:colcon.colcon_core.shell:Skip shell extension 'dsv' for command environment
[1.305s] INFO:colcon.colcon_ros.task.ament_python.build:Building ROS package in '/uolstore/home/users/mn22df/ros2_ws/src/lab3' with build type 'ament_python'
[1.306s] Level 1:colcon.colcon_core.shell:create_environment_hook('lab3', 'ament_prefix_path')
[1.319s] INFO:colcon.colcon_core.shell:Creating environment hook '/uolstore/home/users/mn22df/ros2_ws/install/lab3/share/lab3/hook/ament_prefix_path.ps1'
[1.327s] INFO:colcon.colcon_core.shell:Creating environment descriptor '/uolstore/home/users/mn22df/ros2_ws/install/lab3/share/lab3/hook/ament_prefix_path.dsv'
[1.331s] INFO:colcon.colcon_core.shell:Creating environment hook '/uolstore/home/users/mn22df/ros2_ws/install/lab3/share/lab3/hook/ament_prefix_path.sh'
[1.347s] INFO:colcon.colcon_core.shell:Skip shell extension 'powershell' for command environment: Not usable outside of PowerShell
[1.347s] DEBUG:colcon.colcon_core.shell:Skip shell extension 'dsv' for command environment
[1.615s] INFO:colcon.colcon_core.task.python.build:Building Python package in '/uolstore/home/users/mn22df/ros2_ws/src/lab1'
[1.629s] INFO:colcon.colcon_core.shell:Skip shell extension 'powershell' for command environment: Not usable outside of PowerShell
[1.630s] DEBUG:colcon.colcon_core.shell:Skip shell extension 'dsv' for command environment
[1.900s] INFO:colcon.colcon_core.task.python.build:Building Python package in '/uolstore/home/users/mn22df/ros2_ws/src/lab2'
[1.914s] INFO:colcon.colcon_core.shell:Skip shell extension 'powershell' for command environment: Not usable outside of PowerShell
[1.914s] DEBUG:colcon.colcon_core.shell:Skip shell extension 'dsv' for command environment
[2.187s] INFO:colcon.colcon_core.task.python.build:Building Python package in '/uolstore/home/users/mn22df/ros2_ws/src/lab3'
[2.201s] INFO:colcon.colcon_core.shell:Skip shell extension 'powershell' for command environment: Not usable outside of PowerShell
[2.201s] DEBUG:colcon.colcon_core.shell:Skip shell extension 'dsv' for command environment
[2.569s] DEBUG:colcon.colcon_core.event_handler.log_command:Invoking command in '/uolstore/home/users/mn22df/ros2_ws/src/lab1': PYTHONPATH=/uolstore/home/users/mn22df/ros2_ws/build/lab1/prefix_override:/uolstore/home/users/mn22df/ros2_ws/install/lab1/lib/python3.10/site-packages:${PYTHONPATH} /usr/bin/python3 setup.py egg_info --egg-base ../../build/lab1 build --build-base /uolstore/home/users/mn22df/ros2_ws/build/lab1/build install --record /uolstore/home/users/mn22df/ros2_ws/build/lab1/install.log --single-version-externally-managed
[2.582s] DEBUG:colcon.colcon_core.event_handler.log_command:Invoking command in '/uolstore/home/users/mn22df/ros2_ws/src/lab2': PYTHONPATH=/uolstore/home/users/mn22df/ros2_ws/build/lab2/prefix_override:/uolstore/home/users/mn22df/ros2_ws/install/lab2/lib/python3.10/site-packages:${PYTHONPATH} /usr/bin/python3 setup.py egg_info --egg-base ../../build/lab2 build --build-base /uolstore/home/users/mn22df/ros2_ws/build/lab2/build install --record /uolstore/home/users/mn22df/ros2_ws/build/lab2/install.log --single-version-externally-managed
[2.595s] DEBUG:colcon.colcon_core.event_handler.log_command:Invoking command in '/uolstore/home/users/mn22df/ros2_ws/src/lab3': PYTHONPATH=/uolstore/home/users/mn22df/ros2_ws/build/lab3/prefix_override:/uolstore/home/users/mn22df/ros2_ws/install/lab3/lib/python3.10/site-packages:${PYTHONPATH} /usr/bin/python3 setup.py egg_info --egg-base ../../build/lab3 build --build-base /uolstore/home/users/mn22df/ros2_ws/build/lab3/build install --record /uolstore/home/users/mn22df/ros2_ws/build/lab3/install.log --single-version-externally-managed
[2.926s] DEBUG:colcon.colcon_core.event_handler.log_command:Invoked command in '/uolstore/home/users/mn22df/ros2_ws/src/lab1' returned '0': PYTHONPATH=/uolstore/home/users/mn22df/ros2_ws/build/lab1/prefix_override:/uolstore/home/users/mn22df/ros2_ws/install/lab1/lib/python3.10/site-packages:${PYTHONPATH} /usr/bin/python3 setup.py egg_info --egg-base ../../build/lab1 build --build-base /uolstore/home/users/mn22df/ros2_ws/build/lab1/build install --record /uolstore/home/users/mn22df/ros2_ws/build/lab1/install.log --single-version-externally-managed
[2.944s] Level 1:colcon.colcon_core.environment:checking '/uolstore/home/users/mn22df/ros2_ws/install/lab1' for CMake module files
[2.948s] Level 1:colcon.colcon_core.environment:checking '/uolstore/home/users/mn22df/ros2_ws/install/lab1' for CMake config files
[2.957s] Level 1:colcon.colcon_core.environment:checking '/uolstore/home/users/mn22df/ros2_ws/install/lab1/lib'
[2.958s] Level 1:colcon.colcon_core.environment:checking '/uolstore/home/users/mn22df/ros2_ws/install/lab1/bin'
[2.958s] Level 1:colcon.colcon_core.environment:checking '/uolstore/home/users/mn22df/ros2_ws/install/lab1/lib/pkgconfig/lab1.pc'
[2.959s] Level 1:colcon.colcon_core.environment:checking '/uolstore/home/users/mn22df/ros2_ws/install/lab1/lib/python3.10/site-packages'
[2.959s] Level 1:colcon.colcon_core.shell:create_environment_hook('lab1', 'pythonpath')
[2.971s] INFO:colcon.colcon_core.shell:Creating environment hook '/uolstore/home/users/mn22df/ros2_ws/install/lab1/share/lab1/hook/pythonpath.ps1'
[2.975s] INFO:colcon.colcon_core.shell:Creating environment descriptor '/uolstore/home/users/mn22df/ros2_ws/install/lab1/share/lab1/hook/pythonpath.dsv'
[2.979s] INFO:colcon.colcon_core.shell:Creating environment hook '/uolstore/home/users/mn22df/ros2_ws/install/lab1/share/lab1/hook/pythonpath.sh'
[2.983s] Level 1:colcon.colcon_core.environment:checking '/uolstore/home/users/mn22df/ros2_ws/install/lab1/bin'
[2.983s] Level 1:colcon.colcon_core.environment:create_environment_scripts_only(lab1)
[2.995s] INFO:colcon.colcon_core.shell:Creating package script '/uolstore/home/users/mn22df/ros2_ws/install/lab1/share/lab1/package.ps1'
[2.999s] INFO:colcon.colcon_core.shell:Creating package descriptor '/uolstore/home/users/mn22df/ros2_ws/install/lab1/share/lab1/package.dsv'
[3.002s] INFO:colcon.colcon_core.shell:Creating package script '/uolstore/home/users/mn22df/ros2_ws/install/lab1/share/lab1/package.sh'
[3.005s] INFO:colcon.colcon_core.shell:Creating package script '/uolstore/home/users/mn22df/ros2_ws/install/lab1/share/lab1/package.bash'
[3.008s] INFO:colcon.colcon_core.shell:Creating package script '/uolstore/home/users/mn22df/ros2_ws/install/lab1/share/lab1/package.zsh'
[3.011s] Level 1:colcon.colcon_core.environment:create_file_with_runtime_dependencies(/uolstore/home/users/mn22df/ros2_ws/install/lab1/share/colcon-core/packages/lab1)
[3.018s] DEBUG:colcon.colcon_core.event_handler.log_command:Invoked command in '/uolstore/home/users/mn22df/ros2_ws/src/lab2' returned '0': PYTHONPATH=/uolstore/home/users/mn22df/ros2_ws/build/lab2/prefix_override:/uolstore/home/users/mn22df/ros2_ws/install/lab2/lib/python3.10/site-packages:${PYTHONPATH} /usr/bin/python3 setup.py egg_info --egg-base ../../build/lab2 build --build-base /uolstore/home/users/mn22df/ros2_ws/build/lab2/build install --record /uolstore/home/users/mn22df/ros2_ws/build/lab2/install.log --single-version-externally-managed
[3.025s] Level 1:colcon.colcon_core.environment:checking '/uolstore/home/users/mn22df/ros2_ws/install/lab2' for CMake module files
[3.028s] Level 1:colcon.colcon_core.environment:checking '/uolstore/home/users/mn22df/ros2_ws/install/lab2' for CMake config files
[3.037s] Level 1:colcon.colcon_core.environment:checking '/uolstore/home/users/mn22df/ros2_ws/install/lab2/lib'
[3.037s] Level 1:colcon.colcon_core.environment:checking '/uolstore/home/users/mn22df/ros2_ws/install/lab2/bin'
[3.037s] Level 1:colcon.colcon_core.environment:checking '/uolstore/home/users/mn22df/ros2_ws/install/lab2/lib/pkgconfig/lab2.pc'
[3.038s] Level 1:colcon.colcon_core.environment:checking '/uolstore/home/users/mn22df/ros2_ws/install/lab2/lib/python3.10/site-packages'
[3.038s] Level 1:colcon.colcon_core.shell:create_environment_hook('lab2', 'pythonpath')
[3.050s] INFO:colcon.colcon_core.shell:Creating environment hook '/uolstore/home/users/mn22df/ros2_ws/install/lab2/share/lab2/hook/pythonpath.ps1'
[3.053s] INFO:colcon.colcon_core.shell:Creating environment descriptor '/uolstore/home/users/mn22df/ros2_ws/install/lab2/share/lab2/hook/pythonpath.dsv'
[3.057s] INFO:colcon.colcon_core.shell:Creating environment hook '/uolstore/home/users/mn22df/ros2_ws/install/lab2/share/lab2/hook/pythonpath.sh'
[3.060s] Level 1:colcon.colcon_core.environment:checking '/uolstore/home/users/mn22df/ros2_ws/install/lab2/bin'
[3.060s] Level 1:colcon.colcon_core.environment:create_environment_scripts_only(lab2)
[3.072s] INFO:colcon.colcon_core.shell:Creating package script '/uolstore/home/users/mn22df/ros2_ws/install/lab2/share/lab2/package.ps1'
[3.075s] INFO:colcon.colcon_core.shell:Creating package descriptor '/uolstore/home/users/mn22df/ros2_ws/install/lab2/share/lab2/package.dsv'
[3.078s] INFO:colcon.colcon_core.shell:Creating package script '/uolstore/home/users/mn22df/ros2_ws/install/lab2/share/lab2/package.sh'
[3.081s] INFO:colcon.colcon_core.shell:Creating package script '/uolstore/home/users/mn22df/ros2_ws/install/lab2/share/lab2/package.bash'
[3.084s] INFO:colcon.colcon_core.shell:Creating package script '/uolstore/home/users/mn22df/ros2_ws/install/lab2/share/lab2/package.zsh'
[3.086s] Level 1:colcon.colcon_core.environment:create_file_with_runtime_dependencies(/uolstore/home/users/mn22df/ros2_ws/install/lab2/share/colcon-core/packages/lab2)
[3.094s] DEBUG:colcon.colcon_core.event_handler.log_command:Invoked command in '/uolstore/home/users/mn22df/ros2_ws/src/lab3' returned '0': PYTHONPATH=/uolstore/home/users/mn22df/ros2_ws/build/lab3/prefix_override:/uolstore/home/users/mn22df/ros2_ws/install/lab3/lib/python3.10/site-packages:${PYTHONPATH} /usr/bin/python3 setup.py egg_info --egg-base ../../build/lab3 build --build-base /uolstore/home/users/mn22df/ros2_ws/build/lab3/build install --record /uolstore/home/users/mn22df/ros2_ws/build/lab3/install.log --single-version-externally-managed
[3.102s] Level 1:colcon.colcon_core.environment:checking '/uolstore/home/users/mn22df/ros2_ws/install/lab3' for CMake module files
[3.108s] Level 1:colcon.colcon_core.environment:checking '/uolstore/home/users/mn22df/ros2_ws/install/lab3' for CMake config files
[3.119s] Level 1:colcon.colcon_core.environment:checking '/uolstore/home/users/mn22df/ros2_ws/install/lab3/lib'
[3.119s] Level 1:colcon.colcon_core.environment:checking '/uolstore/home/users/mn22df/ros2_ws/install/lab3/bin'
[3.120s] Level 1:colcon.colcon_core.environment:checking '/uolstore/home/users/mn22df/ros2_ws/install/lab3/lib/pkgconfig/lab3.pc'
[3.121s] Level 1:colcon.colcon_core.environment:checking '/uolstore/home/users/mn22df/ros2_ws/install/lab3/lib/python3.10/site-packages'
[3.121s] Level 1:colcon.colcon_core.shell:create_environment_hook('lab3', 'pythonpath')
[3.134s] INFO:colcon.colcon_core.shell:Creating environment hook '/uolstore/home/users/mn22df/ros2_ws/install/lab3/share/lab3/hook/pythonpath.ps1'
[3.137s] INFO:colcon.colcon_core.shell:Creating environment descriptor '/uolstore/home/users/mn22df/ros2_ws/install/lab3/share/lab3/hook/pythonpath.dsv'
[3.140s] INFO:colcon.colcon_core.shell:Creating environment hook '/uolstore/home/users/mn22df/ros2_ws/install/lab3/share/lab3/hook/pythonpath.sh'
[3.143s] Level 1:colcon.colcon_core.environment:checking '/uolstore/home/users/mn22df/ros2_ws/install/lab3/bin'
[3.143s] Level 1:colcon.colcon_core.environment:create_environment_scripts_only(lab3)
[3.156s] INFO:colcon.colcon_core.shell:Creating package script '/uolstore/home/users/mn22df/ros2_ws/install/lab3/share/lab3/package.ps1'
[3.159s] INFO:colcon.colcon_core.shell:Creating package descriptor '/uolstore/home/users/mn22df/ros2_ws/install/lab3/share/lab3/package.dsv'
[3.162s] INFO:colcon.colcon_core.shell:Creating package script '/uolstore/home/users/mn22df/ros2_ws/install/lab3/share/lab3/package.sh'
[3.165s] INFO:colcon.colcon_core.shell:Creating package script '/uolstore/home/users/mn22df/ros2_ws/install/lab3/share/lab3/package.bash'
[3.168s] INFO:colcon.colcon_core.shell:Creating package script '/uolstore/home/users/mn22df/ros2_ws/install/lab3/share/lab3/package.zsh'
[3.171s] Level 1:colcon.colcon_core.environment:create_file_with_runtime_dependencies(/uolstore/home/users/mn22df/ros2_ws/install/lab3/share/colcon-core/packages/lab3)
[3.175s] DEBUG:colcon.colcon_parallel_executor.executor.parallel:closing loop
[3.175s] DEBUG:colcon.colcon_parallel_executor.executor.parallel:loop closed
[3.176s] DEBUG:colcon.colcon_parallel_executor.executor.parallel:run_until_complete finished with '0'
[3.176s] DEBUG:colcon.colcon_core.event_reactor:joining thread
[3.198s] INFO:colcon.colcon_core.plugin_system:Skipping extension 'colcon_notification.desktop_notification.notify_send': Could not find 'notify-send'
[3.198s] INFO:colcon.colcon_core.plugin_system:Skipping extension 'colcon_notification.desktop_notification.terminal_notifier': Not used on non-Darwin systems
[3.198s] INFO:colcon.colcon_core.plugin_system:Skipping extension 'colcon_notification.desktop_notification.win32': Not used on non-Windows systems
[3.198s] INFO:colcon.colcon_notification.desktop_notification:Sending desktop notification using 'notify2'
[3.205s] DEBUG:colcon.colcon_core.event_reactor:joined thread
[3.218s] INFO:colcon.colcon_core.shell:Creating prefix script '/uolstore/home/users/mn22df/ros2_ws/install/local_setup.ps1'
[3.221s] INFO:colcon.colcon_core.shell:Creating prefix util module '/uolstore/home/users/mn22df/ros2_ws/install/_local_setup_util_ps1.py'
[3.225s] INFO:colcon.colcon_core.shell:Creating prefix chain script '/uolstore/home/users/mn22df/ros2_ws/install/setup.ps1'
[3.243s] INFO:colcon.colcon_core.shell:Creating prefix script '/uolstore/home/users/mn22df/ros2_ws/install/local_setup.sh'
[3.247s] INFO:colcon.colcon_core.shell:Creating prefix util module '/uolstore/home/users/mn22df/ros2_ws/install/_local_setup_util_sh.py'
[3.250s] INFO:colcon.colcon_core.shell:Creating prefix chain script '/uolstore/home/users/mn22df/ros2_ws/install/setup.sh'
[3.268s] INFO:colcon.colcon_core.shell:Creating prefix script '/uolstore/home/users/mn22df/ros2_ws/install/local_setup.bash'
[3.271s] INFO:colcon.colcon_core.shell:Creating prefix chain script '/uolstore/home/users/mn22df/ros2_ws/install/setup.bash'
[3.290s] INFO:colcon.colcon_core.shell:Creating prefix script '/uolstore/home/users/mn22df/ros2_ws/install/local_setup.zsh'
[3.294s] INFO:colcon.colcon_core.shell:Creating prefix chain script '/uolstore/home/users/mn22df/ros2_ws/install/setup.zsh'
