[1.998s] Invoking command in '/uolstore/home/users/mn22df/ros2_ws/src/lab3': PYTHONPATH=/uolstore/home/users/mn22df/ros2_ws/build/lab3/prefix_override:/uolstore/home/users/mn22df/ros2_ws/install/lab3/lib/python3.10/site-packages:${PYTHONPATH} /usr/bin/python3 setup.py egg_info --egg-base ../../build/lab3 build --build-base /uolstore/home/users/mn22df/ros2_ws/build/lab3/build install --record /uolstore/home/users/mn22df/ros2_ws/build/lab3/install.log --single-version-externally-managed
[2.102s] running egg_info
[2.103s] writing ../../build/lab3/lab3.egg-info/PKG-INFO
[2.112s] writing dependency_links to ../../build/lab3/lab3.egg-info/dependency_links.txt
[2.132s] writing entry points to ../../build/lab3/lab3.egg-info/entry_points.txt
[2.156s] writing requirements to ../../build/lab3/lab3.egg-info/requires.txt
[2.170s] writing top-level names to ../../build/lab3/lab3.egg-info/top_level.txt
[2.202s] reading manifest file '../../build/lab3/lab3.egg-info/SOURCES.txt'
[2.232s] writing manifest file '../../build/lab3/lab3.egg-info/SOURCES.txt'
[2.238s] running build
[2.238s] running build_py
[2.241s] copying lab3/exercise2.py -> /uolstore/home/users/mn22df/ros2_ws/build/lab3/build/lib/lab3
[2.277s] running install
[2.278s] running install_lib
[2.283s] copying /uolstore/home/users/mn22df/ros2_ws/build/lab3/build/lib/lab3/exercise2.py -> /uolstore/home/users/mn22df/ros2_ws/install/lab3/lib/python3.10/site-packages/lab3
[2.319s] byte-compiling /uolstore/home/users/mn22df/ros2_ws/install/lab3/lib/python3.10/site-packages/lab3/exercise2.py to exercise2.cpython-310.pyc
[2.361s] running install_data
[2.362s] running install_egg_info
[2.364s] removing '/uolstore/home/users/mn22df/ros2_ws/install/lab3/lib/python3.10/site-packages/lab3-0.0.0-py3.10.egg-info' (and everything under it)
[2.374s] Copying ../../build/lab3/lab3.egg-info to /uolstore/home/users/mn22df/ros2_ws/install/lab3/lib/python3.10/site-packages/lab3-0.0.0-py3.10.egg-info
[2.462s] running install_scripts
[2.478s] Installing exercise1 script to /uolstore/home/users/mn22df/ros2_ws/install/lab3/lib/lab3
[2.482s] Installing exercise2 script to /uolstore/home/users/mn22df/ros2_ws/install/lab3/lib/lab3
[2.490s] Installing firstwalk script to /uolstore/home/users/mn22df/ros2_ws/install/lab3/lib/lab3
[2.497s] writing list of installed files to '/uolstore/home/users/mn22df/ros2_ws/build/lab3/install.log'
[3.046s] Invoked command in '/uolstore/home/users/mn22df/ros2_ws/src/lab3' returned '0': PYTHONPATH=/uolstore/home/users/mn22df/ros2_ws/build/lab3/prefix_override:/uolstore/home/users/mn22df/ros2_ws/install/lab3/lib/python3.10/site-packages:${PYTHONPATH} /usr/bin/python3 setup.py egg_info --egg-base ../../build/lab3 build --build-base /uolstore/home/users/mn22df/ros2_ws/build/lab3/build install --record /uolstore/home/users/mn22df/ros2_ws/build/lab3/install.log --single-version-externally-managed
