[1.562s] Invoking command in '/uolstore/home/users/mn22df/ros2_ws/src/lab2': PYTHONPATH=/uolstore/home/users/mn22df/ros2_ws/build/lab2/prefix_override:/uolstore/home/users/mn22df/ros2_ws/install/lab2/lib/python3.10/site-packages:${PYTHONPATH} /usr/bin/python3 setup.py egg_info --egg-base ../../build/lab2 build --build-base /uolstore/home/users/mn22df/ros2_ws/build/lab2/build install --record /uolstore/home/users/mn22df/ros2_ws/build/lab2/install.log --single-version-externally-managed
[1.804s] running egg_info
[1.806s] writing ../../build/lab2/lab2.egg-info/PKG-INFO
[1.812s] writing dependency_links to ../../build/lab2/lab2.egg-info/dependency_links.txt
[1.818s] writing entry points to ../../build/lab2/lab2.egg-info/entry_points.txt
[1.823s] writing requirements to ../../build/lab2/lab2.egg-info/requires.txt
[1.828s] writing top-level names to ../../build/lab2/lab2.egg-info/top_level.txt
[1.840s] reading manifest file '../../build/lab2/lab2.egg-info/SOURCES.txt'
[1.845s] writing manifest file '../../build/lab2/lab2.egg-info/SOURCES.txt'
[1.848s] running build
[1.848s] running build_py
[1.852s] running install
[1.852s] running install_lib
[1.859s] running install_data
[1.862s] running install_egg_info
[1.863s] removing '/uolstore/home/users/mn22df/ros2_ws/install/lab2/lib/python3.10/site-packages/lab2-0.0.0-py3.10.egg-info' (and everything under it)
[1.874s] Copying ../../build/lab2/lab2.egg-info to /uolstore/home/users/mn22df/ros2_ws/install/lab2/lib/python3.10/site-packages/lab2-0.0.0-py3.10.egg-info
[1.935s] running install_scripts
[1.951s] Installing listener script to /uolstore/home/users/mn22df/ros2_ws/install/lab2/lib/lab2
[1.955s] Installing numeric_listener script to /uolstore/home/users/mn22df/ros2_ws/install/lab2/lib/lab2
[1.960s] Installing numeric_talker script to /uolstore/home/users/mn22df/ros2_ws/install/lab2/lib/lab2
[1.965s] Installing talker script to /uolstore/home/users/mn22df/ros2_ws/install/lab2/lib/lab2
[1.969s] writing list of installed files to '/uolstore/home/users/mn22df/ros2_ws/build/lab2/install.log'
[2.097s] Invoked command in '/uolstore/home/users/mn22df/ros2_ws/src/lab2' returned '0': PYTHONPATH=/uolstore/home/users/mn22df/ros2_ws/build/lab2/prefix_override:/uolstore/home/users/mn22df/ros2_ws/install/lab2/lib/python3.10/site-packages:${PYTHONPATH} /usr/bin/python3 setup.py egg_info --egg-base ../../build/lab2 build --build-base /uolstore/home/users/mn22df/ros2_ws/build/lab2/build install --record /uolstore/home/users/mn22df/ros2_ws/build/lab2/install.log --single-version-externally-managed
