[0.942s] DEBUG:colcon:Command line arguments: ['/usr/bin/colcon', 'build']
[0.943s] DEBUG:colcon:Parsed command line arguments: Namespace(log_base=None, log_level=None, verb_name='build', build_base='build', install_base='install', merge_install=False, symlink_install=False, test_result_base=None, continue_on_error=False, executor='parallel', parallel_workers=20, event_handlers=None, ignore_user_meta=False, metas=['./colcon.meta'], base_paths=['.'], packages_ignore=None, packages_ignore_regex=None, paths=None, packages_up_to=None, packages_up_to_regex=None, packages_above=None, packages_above_and_dependencies=None, packages_above_depth=None, packages_select_by_dep=None, packages_skip_by_dep=None, packages_skip_up_to=None, packages_select_build_failed=False, packages_skip_build_finished=False, packages_select_test_failures=False, packages_skip_test_passed=False, packages_select=None, packages_skip=None, packages_select_regex=None, packages_skip_regex=None, packages_start=None, packages_end=None, allow_overriding=[], cmake_args=None, cmake_target=None, cmake_target_skip_unavailable=False, cmake_clean_cache=False, cmake_clean_first=False, cmake_force_configure=False, ament_cmake_args=None, catkin_cmake_args=None, catkin_skip_building_tests=False, verb_parser=<colcon_defaults.argument_parser.defaults.DefaultArgumentsDecorator object at 0x7f3a91911b70>, verb_extension=<colcon_core.verb.build.BuildVerb object at 0x7f3a91b70160>, main=<bound method BuildVerb.main of <colcon_core.verb.build.BuildVerb object at 0x7f3a91b70160>>)
[0.990s] Level 1:colcon.colcon_core.package_discovery:discover_packages(colcon_meta) check parameters
[0.990s] Level 1:colcon.colcon_core.package_discovery:discover_packages(recursive) check parameters
[0.990s] Level 1:colcon.colcon_core.package_discovery:discover_packages(ignore) check parameters
[0.990s] Level 1:colcon.colcon_core.package_discovery:discover_packages(path) check parameters
[0.991s] Level 1:colcon.colcon_core.package_discovery:discover_packages(colcon_meta) discover
[0.991s] Level 1:colcon.colcon_core.package_discovery:discover_packages(recursive) discover
[0.991s] INFO:colcon.colcon_core.package_discovery:Crawling recursively for packages in '/uolstore/home/users/mn22df/ros2_ws'
[0.992s] Level 1:colcon.colcon_core.package_identification:_identify(.) by extensions ['ignore', 'ignore_ament_install']
[0.992s] Level 1:colcon.colcon_core.package_identification:_identify(.) by extension 'ignore'
[0.992s] Level 1:colcon.colcon_core.package_identification:_identify(.) by extension 'ignore_ament_install'
[0.992s] Level 1:colcon.colcon_core.package_identification:_identify(.) by extensions ['colcon_pkg']
[0.992s] Level 1:colcon.colcon_core.package_identification:_identify(.) by extension 'colcon_pkg'
[0.992s] Level 1:colcon.colcon_core.package_identification:_identify(.) by extensions ['colcon_meta']
[0.992s] Level 1:colcon.colcon_core.package_identification:_identify(.) by extension 'colcon_meta'
[0.992s] Level 1:colcon.colcon_core.package_identification:_identify(.) by extensions ['ros']
[0.992s] Level 1:colcon.colcon_core.package_identification:_identify(.) by extension 'ros'
[1.000s] Level 1:colcon.colcon_core.package_identification:_identify(.) by extensions ['cmake', 'python']
[1.000s] Level 1:colcon.colcon_core.package_identification:_identify(.) by extension 'cmake'
[1.000s] Level 1:colcon.colcon_core.package_identification:_identify(.) by extension 'python'
[1.000s] Level 1:colcon.colcon_core.package_identification:_identify(.) by extensions ['python_setup_py']
[1.000s] Level 1:colcon.colcon_core.package_identification:_identify(.) by extension 'python_setup_py'
[1.001s] Level 1:colcon.colcon_core.package_identification:_identify(build) by extensions ['ignore', 'ignore_ament_install']
[1.001s] Level 1:colcon.colcon_core.package_identification:_identify(build) by extension 'ignore'
[1.001s] Level 1:colcon.colcon_core.package_identification:_identify(build) ignored
[1.002s] Level 1:colcon.colcon_core.package_identification:_identify(install) by extensions ['ignore', 'ignore_ament_install']
[1.002s] Level 1:colcon.colcon_core.package_identification:_identify(install) by extension 'ignore'
[1.002s] Level 1:colcon.colcon_core.package_identification:_identify(install) ignored
[1.004s] Level 1:colcon.colcon_core.package_identification:_identify(log) by extensions ['ignore', 'ignore_ament_install']
[1.004s] Level 1:colcon.colcon_core.package_identification:_identify(log) by extension 'ignore'
[1.005s] Level 1:colcon.colcon_core.package_identification:_identify(log) ignored
[1.005s] Level 1:colcon.colcon_core.package_identification:_identify(src) by extensions ['ignore', 'ignore_ament_install']
[1.006s] Level 1:colcon.colcon_core.package_identification:_identify(src) by extension 'ignore'
[1.006s] Level 1:colcon.colcon_core.package_identification:_identify(src) by extension 'ignore_ament_install'
[1.006s] Level 1:colcon.colcon_core.package_identification:_identify(src) by extensions ['colcon_pkg']
[1.006s] Level 1:colcon.colcon_core.package_identification:_identify(src) by extension 'colcon_pkg'
[1.006s] Level 1:colcon.colcon_core.package_identification:_identify(src) by extensions ['colcon_meta']
[1.006s] Level 1:colcon.colcon_core.package_identification:_identify(src) by extension 'colcon_meta'
[1.006s] Level 1:colcon.colcon_core.package_identification:_identify(src) by extensions ['ros']
[1.006s] Level 1:colcon.colcon_core.package_identification:_identify(src) by extension 'ros'
[1.006s] Level 1:colcon.colcon_core.package_identification:_identify(src) by extensions ['cmake', 'python']
[1.006s] Level 1:colcon.colcon_core.package_identification:_identify(src) by extension 'cmake'
[1.006s] Level 1:colcon.colcon_core.package_identification:_identify(src) by extension 'python'
[1.006s] Level 1:colcon.colcon_core.package_identification:_identify(src) by extensions ['python_setup_py']
[1.006s] Level 1:colcon.colcon_core.package_identification:_identify(src) by extension 'python_setup_py'
[1.006s] Level 1:colcon.colcon_core.package_identification:_identify(src/lab1) by extensions ['ignore', 'ignore_ament_install']
[1.007s] Level 1:colcon.colcon_core.package_identification:_identify(src/lab1) by extension 'ignore'
[1.007s] Level 1:colcon.colcon_core.package_identification:_identify(src/lab1) by extension 'ignore_ament_install'
[1.007s] Level 1:colcon.colcon_core.package_identification:_identify(src/lab1) by extensions ['colcon_pkg']
[1.007s] Level 1:colcon.colcon_core.package_identification:_identify(src/lab1) by extension 'colcon_pkg'
[1.007s] Level 1:colcon.colcon_core.package_identification:_identify(src/lab1) by extensions ['colcon_meta']
[1.007s] Level 1:colcon.colcon_core.package_identification:_identify(src/lab1) by extension 'colcon_meta'
[1.007s] Level 1:colcon.colcon_core.package_identification:_identify(src/lab1) by extensions ['ros']
[1.007s] Level 1:colcon.colcon_core.package_identification:_identify(src/lab1) by extension 'ros'
[1.009s] DEBUG:colcon.colcon_core.package_identification:Package 'src/lab1' with type 'ros.ament_python' and name 'lab1'
[1.010s] Level 1:colcon.colcon_core.package_identification:_identify(src/lab2) by extensions ['ignore', 'ignore_ament_install']
[1.010s] Level 1:colcon.colcon_core.package_identification:_identify(src/lab2) by extension 'ignore'
[1.010s] Level 1:colcon.colcon_core.package_identification:_identify(src/lab2) by extension 'ignore_ament_install'
[1.010s] Level 1:colcon.colcon_core.package_identification:_identify(src/lab2) by extensions ['colcon_pkg']
[1.010s] Level 1:colcon.colcon_core.package_identification:_identify(src/lab2) by extension 'colcon_pkg'
[1.010s] Level 1:colcon.colcon_core.package_identification:_identify(src/lab2) by extensions ['colcon_meta']
[1.010s] Level 1:colcon.colcon_core.package_identification:_identify(src/lab2) by extension 'colcon_meta'
[1.010s] Level 1:colcon.colcon_core.package_identification:_identify(src/lab2) by extensions ['ros']
[1.010s] Level 1:colcon.colcon_core.package_identification:_identify(src/lab2) by extension 'ros'
[1.012s] DEBUG:colcon.colcon_core.package_identification:Package 'src/lab2' with type 'ros.ament_python' and name 'lab2'
[1.012s] Level 1:colcon.colcon_core.package_identification:_identify(src/lab3) by extensions ['ignore', 'ignore_ament_install']
[1.012s] Level 1:colcon.colcon_core.package_identification:_identify(src/lab3) by extension 'ignore'
[1.012s] Level 1:colcon.colcon_core.package_identification:_identify(src/lab3) by extension 'ignore_ament_install'
[1.012s] Level 1:colcon.colcon_core.package_identification:_identify(src/lab3) by extensions ['colcon_pkg']
[1.012s] Level 1:colcon.colcon_core.package_identification:_identify(src/lab3) by extension 'colcon_pkg'
[1.012s] Level 1:colcon.colcon_core.package_identification:_identify(src/lab3) by extensions ['colcon_meta']
[1.012s] Level 1:colcon.colcon_core.package_identification:_identify(src/lab3) by extension 'colcon_meta'
[1.012s] Level 1:colcon.colcon_core.package_identification:_identify(src/lab3) by extensions ['ros']
[1.012s] Level 1:colcon.colcon_core.package_identification:_identify(src/lab3) by extension 'ros'
[1.014s] DEBUG:colcon.colcon_core.package_identification:Package 'src/lab3' with type 'ros.ament_python' and name 'lab3'
[1.014s] Level 1:colcon.colcon_core.package_identification:_identify(src/turtlebot3_simulations) by extensions ['ignore', 'ignore_ament_install']
[1.014s] Level 1:colcon.colcon_core.package_identification:_identify(src/turtlebot3_simulations) by extension 'ignore'
[1.014s] Level 1:colcon.colcon_core.package_identification:_identify(src/turtlebot3_simulations) by extension 'ignore_ament_install'
[1.014s] Level 1:colcon.colcon_core.package_identification:_identify(src/turtlebot3_simulations) by extensions ['colcon_pkg']
[1.014s] Level 1:colcon.colcon_core.package_identification:_identify(src/turtlebot3_simulations) by extension 'colcon_pkg'
[1.014s] Level 1:colcon.colcon_core.package_identification:_identify(src/turtlebot3_simulations) by extensions ['colcon_meta']
[1.014s] Level 1:colcon.colcon_core.package_identification:_identify(src/turtlebot3_simulations) by extension 'colcon_meta'
[1.014s] Level 1:colcon.colcon_core.package_identification:_identify(src/turtlebot3_simulations) by extensions ['ros']
[1.014s] Level 1:colcon.colcon_core.package_identification:_identify(src/turtlebot3_simulations) by extension 'ros'
[1.015s] Level 1:colcon.colcon_core.package_identification:_identify(src/turtlebot3_simulations) by extensions ['cmake', 'python']
[1.015s] Level 1:colcon.colcon_core.package_identification:_identify(src/turtlebot3_simulations) by extension 'cmake'
[1.015s] Level 1:colcon.colcon_core.package_identification:_identify(src/turtlebot3_simulations) by extension 'python'
[1.015s] Level 1:colcon.colcon_core.package_identification:_identify(src/turtlebot3_simulations) by extensions ['python_setup_py']
[1.015s] Level 1:colcon.colcon_core.package_identification:_identify(src/turtlebot3_simulations) by extension 'python_setup_py'
[1.015s] Level 1:colcon.colcon_core.package_identification:_identify(src/turtlebot3_simulations/turtlebot3_fake_node) by extensions ['ignore', 'ignore_ament_install']
[1.015s] Level 1:colcon.colcon_core.package_identification:_identify(src/turtlebot3_simulations/turtlebot3_fake_node) by extension 'ignore'
[1.015s] Level 1:colcon.colcon_core.package_identification:_identify(src/turtlebot3_simulations/turtlebot3_fake_node) by extension 'ignore_ament_install'
[1.015s] Level 1:colcon.colcon_core.package_identification:_identify(src/turtlebot3_simulations/turtlebot3_fake_node) by extensions ['colcon_pkg']
[1.016s] Level 1:colcon.colcon_core.package_identification:_identify(src/turtlebot3_simulations/turtlebot3_fake_node) by extension 'colcon_pkg'
[1.016s] Level 1:colcon.colcon_core.package_identification:_identify(src/turtlebot3_simulations/turtlebot3_fake_node) by extensions ['colcon_meta']
[1.016s] Level 1:colcon.colcon_core.package_identification:_identify(src/turtlebot3_simulations/turtlebot3_fake_node) by extension 'colcon_meta'
[1.016s] Level 1:colcon.colcon_core.package_identification:_identify(src/turtlebot3_simulations/turtlebot3_fake_node) by extensions ['ros']
[1.016s] Level 1:colcon.colcon_core.package_identification:_identify(src/turtlebot3_simulations/turtlebot3_fake_node) by extension 'ros'
[1.017s] DEBUG:colcon.colcon_core.package_identification:Package 'src/turtlebot3_simulations/turtlebot3_fake_node' with type 'ros.ament_cmake' and name 'turtlebot3_fake_node'
[1.017s] Level 1:colcon.colcon_core.package_identification:_identify(src/turtlebot3_simulations/turtlebot3_gazebo) by extensions ['ignore', 'ignore_ament_install']
[1.018s] Level 1:colcon.colcon_core.package_identification:_identify(src/turtlebot3_simulations/turtlebot3_gazebo) by extension 'ignore'
[1.018s] Level 1:colcon.colcon_core.package_identification:_identify(src/turtlebot3_simulations/turtlebot3_gazebo) by extension 'ignore_ament_install'
[1.018s] Level 1:colcon.colcon_core.package_identification:_identify(src/turtlebot3_simulations/turtlebot3_gazebo) by extensions ['colcon_pkg']
[1.018s] Level 1:colcon.colcon_core.package_identification:_identify(src/turtlebot3_simulations/turtlebot3_gazebo) by extension 'colcon_pkg'
[1.018s] Level 1:colcon.colcon_core.package_identification:_identify(src/turtlebot3_simulations/turtlebot3_gazebo) by extensions ['colcon_meta']
[1.018s] Level 1:colcon.colcon_core.package_identification:_identify(src/turtlebot3_simulations/turtlebot3_gazebo) by extension 'colcon_meta'
[1.018s] Level 1:colcon.colcon_core.package_identification:_identify(src/turtlebot3_simulations/turtlebot3_gazebo) by extensions ['ros']
[1.018s] Level 1:colcon.colcon_core.package_identification:_identify(src/turtlebot3_simulations/turtlebot3_gazebo) by extension 'ros'
[1.019s] DEBUG:colcon.colcon_core.package_identification:Package 'src/turtlebot3_simulations/turtlebot3_gazebo' with type 'ros.ament_cmake' and name 'turtlebot3_gazebo'
[1.020s] Level 1:colcon.colcon_core.package_identification:_identify(src/turtlebot3_simulations/turtlebot3_simulations) by extensions ['ignore', 'ignore_ament_install']
[1.020s] Level 1:colcon.colcon_core.package_identification:_identify(src/turtlebot3_simulations/turtlebot3_simulations) by extension 'ignore'
[1.020s] Level 1:colcon.colcon_core.package_identification:_identify(src/turtlebot3_simulations/turtlebot3_simulations) by extension 'ignore_ament_install'
[1.020s] Level 1:colcon.colcon_core.package_identification:_identify(src/turtlebot3_simulations/turtlebot3_simulations) by extensions ['colcon_pkg']
[1.020s] Level 1:colcon.colcon_core.package_identification:_identify(src/turtlebot3_simulations/turtlebot3_simulations) by extension 'colcon_pkg'
[1.020s] Level 1:colcon.colcon_core.package_identification:_identify(src/turtlebot3_simulations/turtlebot3_simulations) by extensions ['colcon_meta']
[1.020s] Level 1:colcon.colcon_core.package_identification:_identify(src/turtlebot3_simulations/turtlebot3_simulations) by extension 'colcon_meta'
[1.020s] Level 1:colcon.colcon_core.package_identification:_identify(src/turtlebot3_simulations/turtlebot3_simulations) by extensions ['ros']
[1.020s] Level 1:colcon.colcon_core.package_identification:_identify(src/turtlebot3_simulations/turtlebot3_simulations) by extension 'ros'
[1.021s] DEBUG:colcon.colcon_core.package_identification:Package 'src/turtlebot3_simulations/turtlebot3_simulations' with type 'ros.ament_cmake' and name 'turtlebot3_simulations'
[1.021s] Level 1:colcon.colcon_core.package_discovery:discover_packages(recursive) using defaults
[1.021s] Level 1:colcon.colcon_core.package_discovery:discover_packages(ignore) discover
[1.021s] Level 1:colcon.colcon_core.package_discovery:discover_packages(ignore) using defaults
[1.022s] Level 1:colcon.colcon_core.package_discovery:discover_packages(path) discover
[1.022s] Level 1:colcon.colcon_core.package_discovery:discover_packages(path) using defaults
[1.103s] Level 1:colcon.colcon_core.package_discovery:discover_packages(prefix_path) check parameters
[1.103s] Level 1:colcon.colcon_core.package_discovery:discover_packages(prefix_path) discover
[1.146s] DEBUG:colcon.colcon_installed_package_information.package_discovery:Found 6 installed packages in /uolstore/home/users/mn22df/ros2_ws/install
[1.162s] DEBUG:colcon.colcon_installed_package_information.package_discovery:Found 383 installed packages in /opt/ros/humble
[1.169s] Level 1:colcon.colcon_core.package_discovery:discover_packages(prefix_path) using defaults
[1.251s] Level 5:colcon.colcon_core.verb:set package 'lab1' build argument 'cmake_args' from command line to 'None'
[1.251s] Level 5:colcon.colcon_core.verb:set package 'lab1' build argument 'cmake_target' from command line to 'None'
[1.251s] Level 5:colcon.colcon_core.verb:set package 'lab1' build argument 'cmake_target_skip_unavailable' from command line to 'False'
[1.252s] Level 5:colcon.colcon_core.verb:set package 'lab1' build argument 'cmake_clean_cache' from command line to 'False'
[1.252s] Level 5:colcon.colcon_core.verb:set package 'lab1' build argument 'cmake_clean_first' from command line to 'False'
[1.252s] Level 5:colcon.colcon_core.verb:set package 'lab1' build argument 'cmake_force_configure' from command line to 'False'
[1.252s] Level 5:colcon.colcon_core.verb:set package 'lab1' build argument 'ament_cmake_args' from command line to 'None'
[1.252s] Level 5:colcon.colcon_core.verb:set package 'lab1' build argument 'catkin_cmake_args' from command line to 'None'
[1.252s] Level 5:colcon.colcon_core.verb:set package 'lab1' build argument 'catkin_skip_building_tests' from command line to 'False'
[1.252s] DEBUG:colcon.colcon_core.verb:Building package 'lab1' with the following arguments: {'ament_cmake_args': None, 'build_base': '/uolstore/home/users/mn22df/ros2_ws/build/lab1', 'catkin_cmake_args': None, 'catkin_skip_building_tests': False, 'cmake_args': None, 'cmake_clean_cache': False, 'cmake_clean_first': False, 'cmake_force_configure': False, 'cmake_target': None, 'cmake_target_skip_unavailable': False, 'install_base': '/uolstore/home/users/mn22df/ros2_ws/install/lab1', 'merge_install': False, 'path': '/uolstore/home/users/mn22df/ros2_ws/src/lab1', 'symlink_install': False, 'test_result_base': None}
[1.265s] Level 5:colcon.colcon_core.verb:set package 'lab2' build argument 'cmake_args' from command line to 'None'
[1.265s] Level 5:colcon.colcon_core.verb:set package 'lab2' build argument 'cmake_target' from command line to 'None'
[1.265s] Level 5:colcon.colcon_core.verb:set package 'lab2' build argument 'cmake_target_skip_unavailable' from command line to 'False'
[1.265s] Level 5:colcon.colcon_core.verb:set package 'lab2' build argument 'cmake_clean_cache' from command line to 'False'
[1.265s] Level 5:colcon.colcon_core.verb:set package 'lab2' build argument 'cmake_clean_first' from command line to 'False'
[1.265s] Level 5:colcon.colcon_core.verb:set package 'lab2' build argument 'cmake_force_configure' from command line to 'False'
[1.265s] Level 5:colcon.colcon_core.verb:set package 'lab2' build argument 'ament_cmake_args' from command line to 'None'
[1.265s] Level 5:colcon.colcon_core.verb:set package 'lab2' build argument 'catkin_cmake_args' from command line to 'None'
[1.265s] Level 5:colcon.colcon_core.verb:set package 'lab2' build argument 'catkin_skip_building_tests' from command line to 'False'
[1.265s] DEBUG:colcon.colcon_core.verb:Building package 'lab2' with the following arguments: {'ament_cmake_args': None, 'build_base': '/uolstore/home/users/mn22df/ros2_ws/build/lab2', 'catkin_cmake_args': None, 'catkin_skip_building_tests': False, 'cmake_args': None, 'cmake_clean_cache': False, 'cmake_clean_first': False, 'cmake_force_configure': False, 'cmake_target': None, 'cmake_target_skip_unavailable': False, 'install_base': '/uolstore/home/users/mn22df/ros2_ws/install/lab2', 'merge_install': False, 'path': '/uolstore/home/users/mn22df/ros2_ws/src/lab2', 'symlink_install': False, 'test_result_base': None}
[1.278s] Level 5:colcon.colcon_core.verb:set package 'lab3' build argument 'cmake_args' from command line to 'None'
[1.278s] Level 5:colcon.colcon_core.verb:set package 'lab3' build argument 'cmake_target' from command line to 'None'
[1.278s] Level 5:colcon.colcon_core.verb:set package 'lab3' build argument 'cmake_target_skip_unavailable' from command line to 'False'
[1.278s] Level 5:colcon.colcon_core.verb:set package 'lab3' build argument 'cmake_clean_cache' from command line to 'False'
[1.278s] Level 5:colcon.colcon_core.verb:set package 'lab3' build argument 'cmake_clean_first' from command line to 'False'
[1.278s] Level 5:colcon.colcon_core.verb:set package 'lab3' build argument 'cmake_force_configure' from command line to 'False'
[1.278s] Level 5:colcon.colcon_core.verb:set package 'lab3' build argument 'ament_cmake_args' from command line to 'None'
[1.279s] Level 5:colcon.colcon_core.verb:set package 'lab3' build argument 'catkin_cmake_args' from command line to 'None'
[1.279s] Level 5:colcon.colcon_core.verb:set package 'lab3' build argument 'catkin_skip_building_tests' from command line to 'False'
[1.279s] DEBUG:colcon.colcon_core.verb:Building package 'lab3' with the following arguments: {'ament_cmake_args': None, 'build_base': '/uolstore/home/users/mn22df/ros2_ws/build/lab3', 'catkin_cmake_args': None, 'catkin_skip_building_tests': False, 'cmake_args': None, 'cmake_clean_cache': False, 'cmake_clean_first': False, 'cmake_force_configure': False, 'cmake_target': None, 'cmake_target_skip_unavailable': False, 'install_base': '/uolstore/home/users/mn22df/ros2_ws/install/lab3', 'merge_install': False, 'path': '/uolstore/home/users/mn22df/ros2_ws/src/lab3', 'symlink_install': False, 'test_result_base': None}
[1.292s] Level 5:colcon.colcon_core.verb:set package 'turtlebot3_fake_node' build argument 'cmake_args' from command line to 'None'
[1.292s] Level 5:colcon.colcon_core.verb:set package 'turtlebot3_fake_node' build argument 'cmake_target' from command line to 'None'
[1.292s] Level 5:colcon.colcon_core.verb:set package 'turtlebot3_fake_node' build argument 'cmake_target_skip_unavailable' from command line to 'False'
[1.292s] Level 5:colcon.colcon_core.verb:set package 'turtlebot3_fake_node' build argument 'cmake_clean_cache' from command line to 'False'
[1.292s] Level 5:colcon.colcon_core.verb:set package 'turtlebot3_fake_node' build argument 'cmake_clean_first' from command line to 'False'
[1.292s] Level 5:colcon.colcon_core.verb:set package 'turtlebot3_fake_node' build argument 'cmake_force_configure' from command line to 'False'
[1.292s] Level 5:colcon.colcon_core.verb:set package 'turtlebot3_fake_node' build argument 'ament_cmake_args' from command line to 'None'
[1.292s] Level 5:colcon.colcon_core.verb:set package 'turtlebot3_fake_node' build argument 'catkin_cmake_args' from command line to 'None'
[1.292s] Level 5:colcon.colcon_core.verb:set package 'turtlebot3_fake_node' build argument 'catkin_skip_building_tests' from command line to 'False'
[1.292s] DEBUG:colcon.colcon_core.verb:Building package 'turtlebot3_fake_node' with the following arguments: {'ament_cmake_args': None, 'build_base': '/uolstore/home/users/mn22df/ros2_ws/build/turtlebot3_fake_node', 'catkin_cmake_args': None, 'catkin_skip_building_tests': False, 'cmake_args': None, 'cmake_clean_cache': False, 'cmake_clean_first': False, 'cmake_force_configure': False, 'cmake_target': None, 'cmake_target_skip_unavailable': False, 'install_base': '/uolstore/home/users/mn22df/ros2_ws/install/turtlebot3_fake_node', 'merge_install': False, 'path': '/uolstore/home/users/mn22df/ros2_ws/src/turtlebot3_simulations/turtlebot3_fake_node', 'symlink_install': False, 'test_result_base': None}
[1.306s] Level 5:colcon.colcon_core.verb:set package 'turtlebot3_gazebo' build argument 'cmake_args' from command line to 'None'
[1.306s] Level 5:colcon.colcon_core.verb:set package 'turtlebot3_gazebo' build argument 'cmake_target' from command line to 'None'
[1.306s] Level 5:colcon.colcon_core.verb:set package 'turtlebot3_gazebo' build argument 'cmake_target_skip_unavailable' from command line to 'False'
[1.306s] Level 5:colcon.colcon_core.verb:set package 'turtlebot3_gazebo' build argument 'cmake_clean_cache' from command line to 'False'
[1.306s] Level 5:colcon.colcon_core.verb:set package 'turtlebot3_gazebo' build argument 'cmake_clean_first' from command line to 'False'
[1.306s] Level 5:colcon.colcon_core.verb:set package 'turtlebot3_gazebo' build argument 'cmake_force_configure' from command line to 'False'
[1.307s] Level 5:colcon.colcon_core.verb:set package 'turtlebot3_gazebo' build argument 'ament_cmake_args' from command line to 'None'
[1.307s] Level 5:colcon.colcon_core.verb:set package 'turtlebot3_gazebo' build argument 'catkin_cmake_args' from command line to 'None'
[1.307s] Level 5:colcon.colcon_core.verb:set package 'turtlebot3_gazebo' build argument 'catkin_skip_building_tests' from command line to 'False'
[1.307s] DEBUG:colcon.colcon_core.verb:Building package 'turtlebot3_gazebo' with the following arguments: {'ament_cmake_args': None, 'build_base': '/uolstore/home/users/mn22df/ros2_ws/build/turtlebot3_gazebo', 'catkin_cmake_args': None, 'catkin_skip_building_tests': False, 'cmake_args': None, 'cmake_clean_cache': False, 'cmake_clean_first': False, 'cmake_force_configure': False, 'cmake_target': None, 'cmake_target_skip_unavailable': False, 'install_base': '/uolstore/home/users/mn22df/ros2_ws/install/turtlebot3_gazebo', 'merge_install': False, 'path': '/uolstore/home/users/mn22df/ros2_ws/src/turtlebot3_simulations/turtlebot3_gazebo', 'symlink_install': False, 'test_result_base': None}
[1.320s] Level 5:colcon.colcon_core.verb:set package 'turtlebot3_simulations' build argument 'cmake_args' from command line to 'None'
[1.320s] Level 5:colcon.colcon_core.verb:set package 'turtlebot3_simulations' build argument 'cmake_target' from command line to 'None'
[1.320s] Level 5:colcon.colcon_core.verb:set package 'turtlebot3_simulations' build argument 'cmake_target_skip_unavailable' from command line to 'False'
[1.320s] Level 5:colcon.colcon_core.verb:set package 'turtlebot3_simulations' build argument 'cmake_clean_cache' from command line to 'False'
[1.320s] Level 5:colcon.colcon_core.verb:set package 'turtlebot3_simulations' build argument 'cmake_clean_first' from command line to 'False'
[1.320s] Level 5:colcon.colcon_core.verb:set package 'turtlebot3_simulations' build argument 'cmake_force_configure' from command line to 'False'
[1.320s] Level 5:colcon.colcon_core.verb:set package 'turtlebot3_simulations' build argument 'ament_cmake_args' from command line to 'None'
[1.321s] Level 5:colcon.colcon_core.verb:set package 'turtlebot3_simulations' build argument 'catkin_cmake_args' from command line to 'None'
[1.321s] Level 5:colcon.colcon_core.verb:set package 'turtlebot3_simulations' build argument 'catkin_skip_building_tests' from command line to 'False'
[1.321s] DEBUG:colcon.colcon_core.verb:Building package 'turtlebot3_simulations' with the following arguments: {'ament_cmake_args': None, 'build_base': '/uolstore/home/users/mn22df/ros2_ws/build/turtlebot3_simulations', 'catkin_cmake_args': None, 'catkin_skip_building_tests': False, 'cmake_args': None, 'cmake_clean_cache': False, 'cmake_clean_first': False, 'cmake_force_configure': False, 'cmake_target': None, 'cmake_target_skip_unavailable': False, 'install_base': '/uolstore/home/users/mn22df/ros2_ws/install/turtlebot3_simulations', 'merge_install': False, 'path': '/uolstore/home/users/mn22df/ros2_ws/src/turtlebot3_simulations/turtlebot3_simulations', 'symlink_install': False, 'test_result_base': None}
[1.334s] INFO:colcon.colcon_core.executor:Executing jobs using 'parallel' executor
[1.347s] DEBUG:colcon.colcon_parallel_executor.executor.parallel:run_until_complete
[1.348s] INFO:colcon.colcon_ros.task.ament_cmake.build:Building ROS package in '/uolstore/home/users/mn22df/ros2_ws/src/turtlebot3_simulations/turtlebot3_fake_node' with build type 'ament_cmake'
[1.348s] INFO:colcon.colcon_cmake.task.cmake.build:Building CMake package in '/uolstore/home/users/mn22df/ros2_ws/src/turtlebot3_simulations/turtlebot3_fake_node'
[1.366s] INFO:colcon.colcon_core.plugin_system:Skipping extension 'colcon_core.shell.bat': Not used on non-Windows systems
[1.366s] INFO:colcon.colcon_core.shell:Skip shell extension 'powershell' for command environment: Not usable outside of PowerShell
[1.366s] DEBUG:colcon.colcon_core.shell:Skip shell extension 'dsv' for command environment
[1.425s] INFO:colcon.colcon_ros.task.ament_cmake.build:Building ROS package in '/uolstore/home/users/mn22df/ros2_ws/src/turtlebot3_simulations/turtlebot3_gazebo' with build type 'ament_cmake'
[1.425s] INFO:colcon.colcon_cmake.task.cmake.build:Building CMake package in '/uolstore/home/users/mn22df/ros2_ws/src/turtlebot3_simulations/turtlebot3_gazebo'
[1.440s] INFO:colcon.colcon_core.shell:Skip shell extension 'powershell' for command environment: Not usable outside of PowerShell
[1.440s] DEBUG:colcon.colcon_core.shell:Skip shell extension 'dsv' for command environment
[1.508s] INFO:colcon.colcon_ros.task.ament_python.build:Building ROS package in '/uolstore/home/users/mn22df/ros2_ws/src/lab1' with build type 'ament_python'
[1.508s] Level 1:colcon.colcon_core.shell:create_environment_hook('lab1', 'ament_prefix_path')
[1.522s] INFO:colcon.colcon_core.shell:Creating environment hook '/uolstore/home/users/mn22df/ros2_ws/install/lab1/share/lab1/hook/ament_prefix_path.ps1'
[1.537s] INFO:colcon.colcon_core.shell:Creating environment descriptor '/uolstore/home/users/mn22df/ros2_ws/install/lab1/share/lab1/hook/ament_prefix_path.dsv'
[1.547s] INFO:colcon.colcon_core.shell:Creating environment hook '/uolstore/home/users/mn22df/ros2_ws/install/lab1/share/lab1/hook/ament_prefix_path.sh'
[1.577s] INFO:colcon.colcon_core.shell:Skip shell extension 'powershell' for command environment: Not usable outside of PowerShell
[1.577s] DEBUG:colcon.colcon_core.shell:Skip shell extension 'dsv' for command environment
[1.654s] INFO:colcon.colcon_ros.task.ament_python.build:Building ROS package in '/uolstore/home/users/mn22df/ros2_ws/src/lab2' with build type 'ament_python'
[1.654s] Level 1:colcon.colcon_core.shell:create_environment_hook('lab2', 'ament_prefix_path')
[1.673s] INFO:colcon.colcon_core.shell:Creating environment hook '/uolstore/home/users/mn22df/ros2_ws/install/lab2/share/lab2/hook/ament_prefix_path.ps1'
[1.682s] INFO:colcon.colcon_core.shell:Creating environment descriptor '/uolstore/home/users/mn22df/ros2_ws/install/lab2/share/lab2/hook/ament_prefix_path.dsv'
[1.691s] INFO:colcon.colcon_core.shell:Creating environment hook '/uolstore/home/users/mn22df/ros2_ws/install/lab2/share/lab2/hook/ament_prefix_path.sh'
[1.710s] INFO:colcon.colcon_core.shell:Skip shell extension 'powershell' for command environment: Not usable outside of PowerShell
[1.710s] DEBUG:colcon.colcon_core.shell:Skip shell extension 'dsv' for command environment
[1.785s] INFO:colcon.colcon_ros.task.ament_python.build:Building ROS package in '/uolstore/home/users/mn22df/ros2_ws/src/lab3' with build type 'ament_python'
[1.785s] Level 1:colcon.colcon_core.shell:create_environment_hook('lab3', 'ament_prefix_path')
[1.799s] INFO:colcon.colcon_core.shell:Creating environment hook '/uolstore/home/users/mn22df/ros2_ws/install/lab3/share/lab3/hook/ament_prefix_path.ps1'
[1.806s] INFO:colcon.colcon_core.shell:Creating environment descriptor '/uolstore/home/users/mn22df/ros2_ws/install/lab3/share/lab3/hook/ament_prefix_path.dsv'
[1.812s] INFO:colcon.colcon_core.shell:Creating environment hook '/uolstore/home/users/mn22df/ros2_ws/install/lab3/share/lab3/hook/ament_prefix_path.sh'
[1.831s] INFO:colcon.colcon_core.shell:Skip shell extension 'powershell' for command environment: Not usable outside of PowerShell
[1.832s] DEBUG:colcon.colcon_core.shell:Skip shell extension 'dsv' for command environment
[1.993s] DEBUG:colcon.colcon_core.event_handler.log_command:Invoking command in '/uolstore/home/users/mn22df/ros2_ws/build/turtlebot3_fake_node': CMAKE_PREFIX_PATH=${CMAKE_PREFIX_PATH}:/uolstore/home/users/mn22df/ros2_ws/install/lab3:/uolstore/home/users/mn22df/ros2_ws/install/lab2:/uolstore/home/users/mn22df/ros2_ws/install/lab1:/opt/ros/humble /usr/bin/cmake --build /uolstore/home/users/mn22df/ros2_ws/build/turtlebot3_fake_node -- -j20 -l20
[2.065s] DEBUG:colcon.colcon_core.event_handler.log_command:Invoking command in '/uolstore/home/users/mn22df/ros2_ws/build/turtlebot3_gazebo': CMAKE_PREFIX_PATH=${CMAKE_PREFIX_PATH}:/uolstore/home/users/mn22df/ros2_ws/install/lab3:/uolstore/home/users/mn22df/ros2_ws/install/lab2:/uolstore/home/users/mn22df/ros2_ws/install/lab1:/opt/ros/humble /usr/bin/cmake --build /uolstore/home/users/mn22df/ros2_ws/build/turtlebot3_gazebo -- -j20 -l20
[2.320s] INFO:colcon.colcon_core.task.python.build:Building Python package in '/uolstore/home/users/mn22df/ros2_ws/src/lab1'
[2.334s] INFO:colcon.colcon_core.shell:Skip shell extension 'powershell' for command environment: Not usable outside of PowerShell
[2.334s] DEBUG:colcon.colcon_core.shell:Skip shell extension 'dsv' for command environment
[2.633s] INFO:colcon.colcon_core.task.python.build:Building Python package in '/uolstore/home/users/mn22df/ros2_ws/src/lab2'
[2.647s] INFO:colcon.colcon_core.shell:Skip shell extension 'powershell' for command environment: Not usable outside of PowerShell
[2.648s] DEBUG:colcon.colcon_core.shell:Skip shell extension 'dsv' for command environment
[2.956s] INFO:colcon.colcon_core.task.python.build:Building Python package in '/uolstore/home/users/mn22df/ros2_ws/src/lab3'
[2.970s] INFO:colcon.colcon_core.shell:Skip shell extension 'powershell' for command environment: Not usable outside of PowerShell
[2.970s] DEBUG:colcon.colcon_core.shell:Skip shell extension 'dsv' for command environment
[3.054s] DEBUG:colcon.colcon_core.event_handler.log_command:Invoked command in '/uolstore/home/users/mn22df/ros2_ws/build/turtlebot3_fake_node' returned '0': CMAKE_PREFIX_PATH=${CMAKE_PREFIX_PATH}:/uolstore/home/users/mn22df/ros2_ws/install/lab3:/uolstore/home/users/mn22df/ros2_ws/install/lab2:/uolstore/home/users/mn22df/ros2_ws/install/lab1:/opt/ros/humble /usr/bin/cmake --build /uolstore/home/users/mn22df/ros2_ws/build/turtlebot3_fake_node -- -j20 -l20
[3.057s] DEBUG:colcon.colcon_core.event_handler.log_command:Invoked command in '/uolstore/home/users/mn22df/ros2_ws/build/turtlebot3_gazebo' returned '0': CMAKE_PREFIX_PATH=${CMAKE_PREFIX_PATH}:/uolstore/home/users/mn22df/ros2_ws/install/lab3:/uolstore/home/users/mn22df/ros2_ws/install/lab2:/uolstore/home/users/mn22df/ros2_ws/install/lab1:/opt/ros/humble /usr/bin/cmake --build /uolstore/home/users/mn22df/ros2_ws/build/turtlebot3_gazebo -- -j20 -l20
[3.150s] DEBUG:colcon.colcon_core.event_handler.log_command:Invoking command in '/uolstore/home/users/mn22df/ros2_ws/build/turtlebot3_fake_node': CMAKE_PREFIX_PATH=${CMAKE_PREFIX_PATH}:/uolstore/home/users/mn22df/ros2_ws/install/lab3:/uolstore/home/users/mn22df/ros2_ws/install/lab2:/uolstore/home/users/mn22df/ros2_ws/install/lab1:/opt/ros/humble /usr/bin/cmake --install /uolstore/home/users/mn22df/ros2_ws/build/turtlebot3_fake_node
[3.154s] DEBUG:colcon.colcon_core.event_handler.log_command:Invoking command in '/uolstore/home/users/mn22df/ros2_ws/build/turtlebot3_gazebo': CMAKE_PREFIX_PATH=${CMAKE_PREFIX_PATH}:/uolstore/home/users/mn22df/ros2_ws/install/lab3:/uolstore/home/users/mn22df/ros2_ws/install/lab2:/uolstore/home/users/mn22df/ros2_ws/install/lab1:/opt/ros/humble /usr/bin/cmake --install /uolstore/home/users/mn22df/ros2_ws/build/turtlebot3_gazebo
[3.223s] Level 1:colcon.colcon_core.environment:create_environment_scripts_only(turtlebot3_fake_node)
[3.223s] DEBUG:colcon.colcon_core.event_handler.log_command:Invoked command in '/uolstore/home/users/mn22df/ros2_ws/build/turtlebot3_fake_node' returned '0': CMAKE_PREFIX_PATH=${CMAKE_PREFIX_PATH}:/uolstore/home/users/mn22df/ros2_ws/install/lab3:/uolstore/home/users/mn22df/ros2_ws/install/lab2:/uolstore/home/users/mn22df/ros2_ws/install/lab1:/opt/ros/humble /usr/bin/cmake --install /uolstore/home/users/mn22df/ros2_ws/build/turtlebot3_fake_node
[3.246s] Level 1:colcon.colcon_core.environment:checking '/uolstore/home/users/mn22df/ros2_ws/install/turtlebot3_fake_node' for CMake module files
[3.249s] Level 1:colcon.colcon_core.environment:checking '/uolstore/home/users/mn22df/ros2_ws/install/turtlebot3_fake_node' for CMake config files
[3.255s] Level 1:colcon.colcon_core.shell:create_environment_hook('turtlebot3_fake_node', 'cmake_prefix_path')
[3.271s] INFO:colcon.colcon_core.shell:Creating environment hook '/uolstore/home/users/mn22df/ros2_ws/install/turtlebot3_fake_node/share/turtlebot3_fake_node/hook/cmake_prefix_path.ps1'
[3.284s] INFO:colcon.colcon_core.shell:Creating environment descriptor '/uolstore/home/users/mn22df/ros2_ws/install/turtlebot3_fake_node/share/turtlebot3_fake_node/hook/cmake_prefix_path.dsv'
[3.290s] INFO:colcon.colcon_core.shell:Creating environment hook '/uolstore/home/users/mn22df/ros2_ws/install/turtlebot3_fake_node/share/turtlebot3_fake_node/hook/cmake_prefix_path.sh'
[3.297s] Level 1:colcon.colcon_core.environment:checking '/uolstore/home/users/mn22df/ros2_ws/install/turtlebot3_fake_node/lib'
[3.298s] Level 1:colcon.colcon_core.environment:checking '/uolstore/home/users/mn22df/ros2_ws/install/turtlebot3_fake_node/bin'
[3.298s] Level 1:colcon.colcon_core.environment:checking '/uolstore/home/users/mn22df/ros2_ws/install/turtlebot3_fake_node/lib/pkgconfig/turtlebot3_fake_node.pc'
[3.298s] Level 1:colcon.colcon_core.environment:checking '/uolstore/home/users/mn22df/ros2_ws/install/turtlebot3_fake_node/lib/python3.10/site-packages'
[3.298s] Level 1:colcon.colcon_core.environment:checking '/uolstore/home/users/mn22df/ros2_ws/install/turtlebot3_fake_node/bin'
[3.316s] INFO:colcon.colcon_core.shell:Creating package script '/uolstore/home/users/mn22df/ros2_ws/install/turtlebot3_fake_node/share/turtlebot3_fake_node/package.ps1'
[3.322s] INFO:colcon.colcon_core.shell:Creating package descriptor '/uolstore/home/users/mn22df/ros2_ws/install/turtlebot3_fake_node/share/turtlebot3_fake_node/package.dsv'
[3.328s] INFO:colcon.colcon_core.shell:Creating package script '/uolstore/home/users/mn22df/ros2_ws/install/turtlebot3_fake_node/share/turtlebot3_fake_node/package.sh'
[3.344s] INFO:colcon.colcon_core.shell:Creating package script '/uolstore/home/users/mn22df/ros2_ws/install/turtlebot3_fake_node/share/turtlebot3_fake_node/package.bash'
[3.352s] INFO:colcon.colcon_core.shell:Creating package script '/uolstore/home/users/mn22df/ros2_ws/install/turtlebot3_fake_node/share/turtlebot3_fake_node/package.zsh'
[3.358s] Level 1:colcon.colcon_core.environment:create_file_with_runtime_dependencies(/uolstore/home/users/mn22df/ros2_ws/install/turtlebot3_fake_node/share/colcon-core/packages/turtlebot3_fake_node)
[3.419s] Level 1:colcon.colcon_core.environment:create_environment_scripts_only(turtlebot3_fake_node)
[3.437s] Level 1:colcon.colcon_core.environment:checking '/uolstore/home/users/mn22df/ros2_ws/install/turtlebot3_fake_node' for CMake module files
[3.443s] Level 1:colcon.colcon_core.environment:checking '/uolstore/home/users/mn22df/ros2_ws/install/turtlebot3_fake_node' for CMake config files
[3.447s] Level 1:colcon.colcon_core.shell:create_environment_hook('turtlebot3_fake_node', 'cmake_prefix_path')
[3.466s] INFO:colcon.colcon_core.shell:Creating environment hook '/uolstore/home/users/mn22df/ros2_ws/install/turtlebot3_fake_node/share/turtlebot3_fake_node/hook/cmake_prefix_path.ps1'
[3.477s] INFO:colcon.colcon_core.shell:Creating environment descriptor '/uolstore/home/users/mn22df/ros2_ws/install/turtlebot3_fake_node/share/turtlebot3_fake_node/hook/cmake_prefix_path.dsv'
[3.501s] INFO:colcon.colcon_core.shell:Creating environment hook '/uolstore/home/users/mn22df/ros2_ws/install/turtlebot3_fake_node/share/turtlebot3_fake_node/hook/cmake_prefix_path.sh'
[3.510s] Level 1:colcon.colcon_core.environment:checking '/uolstore/home/users/mn22df/ros2_ws/install/turtlebot3_fake_node/lib'
[3.511s] Level 1:colcon.colcon_core.environment:checking '/uolstore/home/users/mn22df/ros2_ws/install/turtlebot3_fake_node/bin'
[3.511s] Level 1:colcon.colcon_core.environment:checking '/uolstore/home/users/mn22df/ros2_ws/install/turtlebot3_fake_node/lib/pkgconfig/turtlebot3_fake_node.pc'
[3.511s] Level 1:colcon.colcon_core.environment:checking '/uolstore/home/users/mn22df/ros2_ws/install/turtlebot3_fake_node/lib/python3.10/site-packages'
[3.511s] Level 1:colcon.colcon_core.environment:checking '/uolstore/home/users/mn22df/ros2_ws/install/turtlebot3_fake_node/bin'
[3.532s] INFO:colcon.colcon_core.shell:Creating package script '/uolstore/home/users/mn22df/ros2_ws/install/turtlebot3_fake_node/share/turtlebot3_fake_node/package.ps1'
[3.556s] INFO:colcon.colcon_core.shell:Creating package descriptor '/uolstore/home/users/mn22df/ros2_ws/install/turtlebot3_fake_node/share/turtlebot3_fake_node/package.dsv'
[3.559s] INFO:colcon.colcon_core.shell:Creating package script '/uolstore/home/users/mn22df/ros2_ws/install/turtlebot3_fake_node/share/turtlebot3_fake_node/package.sh'
[3.569s] INFO:colcon.colcon_core.shell:Creating package script '/uolstore/home/users/mn22df/ros2_ws/install/turtlebot3_fake_node/share/turtlebot3_fake_node/package.bash'
[3.577s] INFO:colcon.colcon_core.shell:Creating package script '/uolstore/home/users/mn22df/ros2_ws/install/turtlebot3_fake_node/share/turtlebot3_fake_node/package.zsh'
[3.591s] Level 1:colcon.colcon_core.environment:create_file_with_runtime_dependencies(/uolstore/home/users/mn22df/ros2_ws/install/turtlebot3_fake_node/share/colcon-core/packages/turtlebot3_fake_node)
[3.665s] DEBUG:colcon.colcon_core.event_handler.log_command:Invoking command in '/uolstore/home/users/mn22df/ros2_ws/src/lab1': PYTHONPATH=/uolstore/home/users/mn22df/ros2_ws/build/lab1/prefix_override:/uolstore/home/users/mn22df/ros2_ws/install/lab1/lib/python3.10/site-packages:${PYTHONPATH} /usr/bin/python3 setup.py egg_info --egg-base ../../build/lab1 build --build-base /uolstore/home/users/mn22df/ros2_ws/build/lab1/build install --record /uolstore/home/users/mn22df/ros2_ws/build/lab1/install.log --single-version-externally-managed
[3.721s] DEBUG:colcon.colcon_core.event_handler.log_command:Invoking command in '/uolstore/home/users/mn22df/ros2_ws/src/lab2': PYTHONPATH=/uolstore/home/users/mn22df/ros2_ws/build/lab2/prefix_override:/uolstore/home/users/mn22df/ros2_ws/install/lab2/lib/python3.10/site-packages:${PYTHONPATH} /usr/bin/python3 setup.py egg_info --egg-base ../../build/lab2 build --build-base /uolstore/home/users/mn22df/ros2_ws/build/lab2/build install --record /uolstore/home/users/mn22df/ros2_ws/build/lab2/install.log --single-version-externally-managed
[3.755s] Level 1:colcon.colcon_core.environment:create_environment_scripts_only(turtlebot3_gazebo)
[3.765s] DEBUG:colcon.colcon_core.event_handler.log_command:Invoking command in '/uolstore/home/users/mn22df/ros2_ws/src/lab3': PYTHONPATH=/uolstore/home/users/mn22df/ros2_ws/build/lab3/prefix_override:/uolstore/home/users/mn22df/ros2_ws/install/lab3/lib/python3.10/site-packages:${PYTHONPATH} /usr/bin/python3 setup.py egg_info --egg-base ../../build/lab3 build --build-base /uolstore/home/users/mn22df/ros2_ws/build/lab3/build install --record /uolstore/home/users/mn22df/ros2_ws/build/lab3/install.log --single-version-externally-managed
[3.768s] DEBUG:colcon.colcon_core.event_handler.log_command:Invoked command in '/uolstore/home/users/mn22df/ros2_ws/build/turtlebot3_gazebo' returned '0': CMAKE_PREFIX_PATH=${CMAKE_PREFIX_PATH}:/uolstore/home/users/mn22df/ros2_ws/install/lab3:/uolstore/home/users/mn22df/ros2_ws/install/lab2:/uolstore/home/users/mn22df/ros2_ws/install/lab1:/opt/ros/humble /usr/bin/cmake --install /uolstore/home/users/mn22df/ros2_ws/build/turtlebot3_gazebo
[3.779s] Level 1:colcon.colcon_core.environment:checking '/uolstore/home/users/mn22df/ros2_ws/install/turtlebot3_gazebo' for CMake module files
[3.782s] Level 1:colcon.colcon_core.environment:checking '/uolstore/home/users/mn22df/ros2_ws/install/turtlebot3_gazebo' for CMake config files
[3.875s] Level 1:colcon.colcon_core.shell:create_environment_hook('turtlebot3_gazebo', 'cmake_prefix_path')
[3.888s] INFO:colcon.colcon_core.shell:Creating environment hook '/uolstore/home/users/mn22df/ros2_ws/install/turtlebot3_gazebo/share/turtlebot3_gazebo/hook/cmake_prefix_path.ps1'
[3.917s] INFO:colcon.colcon_core.shell:Creating environment descriptor '/uolstore/home/users/mn22df/ros2_ws/install/turtlebot3_gazebo/share/turtlebot3_gazebo/hook/cmake_prefix_path.dsv'
[3.929s] INFO:colcon.colcon_core.shell:Creating environment hook '/uolstore/home/users/mn22df/ros2_ws/install/turtlebot3_gazebo/share/turtlebot3_gazebo/hook/cmake_prefix_path.sh'
[3.942s] Level 1:colcon.colcon_core.environment:checking '/uolstore/home/users/mn22df/ros2_ws/install/turtlebot3_gazebo/lib'
[3.942s] Level 1:colcon.colcon_core.environment:checking '/uolstore/home/users/mn22df/ros2_ws/install/turtlebot3_gazebo/bin'
[3.943s] Level 1:colcon.colcon_core.environment:checking '/uolstore/home/users/mn22df/ros2_ws/install/turtlebot3_gazebo/lib/pkgconfig/turtlebot3_gazebo.pc'
[3.943s] Level 1:colcon.colcon_core.environment:checking '/uolstore/home/users/mn22df/ros2_ws/install/turtlebot3_gazebo/lib/python3.10/site-packages'
[3.943s] Level 1:colcon.colcon_core.environment:checking '/uolstore/home/users/mn22df/ros2_ws/install/turtlebot3_gazebo/bin'
[3.959s] INFO:colcon.colcon_core.shell:Creating package script '/uolstore/home/users/mn22df/ros2_ws/install/turtlebot3_gazebo/share/turtlebot3_gazebo/package.ps1'
[3.965s] INFO:colcon.colcon_core.shell:Creating package descriptor '/uolstore/home/users/mn22df/ros2_ws/install/turtlebot3_gazebo/share/turtlebot3_gazebo/package.dsv'
[3.970s] INFO:colcon.colcon_core.shell:Creating package script '/uolstore/home/users/mn22df/ros2_ws/install/turtlebot3_gazebo/share/turtlebot3_gazebo/package.sh'
[3.977s] INFO:colcon.colcon_core.shell:Creating package script '/uolstore/home/users/mn22df/ros2_ws/install/turtlebot3_gazebo/share/turtlebot3_gazebo/package.bash'
[3.987s] INFO:colcon.colcon_core.shell:Creating package script '/uolstore/home/users/mn22df/ros2_ws/install/turtlebot3_gazebo/share/turtlebot3_gazebo/package.zsh'
[3.996s] Level 1:colcon.colcon_core.environment:create_file_with_runtime_dependencies(/uolstore/home/users/mn22df/ros2_ws/install/turtlebot3_gazebo/share/colcon-core/packages/turtlebot3_gazebo)
[4.139s] Level 1:colcon.colcon_core.environment:create_environment_scripts_only(turtlebot3_gazebo)
[4.166s] Level 1:colcon.colcon_core.environment:checking '/uolstore/home/users/mn22df/ros2_ws/install/turtlebot3_gazebo' for CMake module files
[4.171s] Level 1:colcon.colcon_core.environment:checking '/uolstore/home/users/mn22df/ros2_ws/install/turtlebot3_gazebo' for CMake config files
[4.260s] Level 1:colcon.colcon_core.shell:create_environment_hook('turtlebot3_gazebo', 'cmake_prefix_path')
[4.274s] INFO:colcon.colcon_core.shell:Creating environment hook '/uolstore/home/users/mn22df/ros2_ws/install/turtlebot3_gazebo/share/turtlebot3_gazebo/hook/cmake_prefix_path.ps1'
[4.285s] INFO:colcon.colcon_core.shell:Creating environment descriptor '/uolstore/home/users/mn22df/ros2_ws/install/turtlebot3_gazebo/share/turtlebot3_gazebo/hook/cmake_prefix_path.dsv'
[4.297s] INFO:colcon.colcon_core.shell:Creating environment hook '/uolstore/home/users/mn22df/ros2_ws/install/turtlebot3_gazebo/share/turtlebot3_gazebo/hook/cmake_prefix_path.sh'
[4.312s] Level 1:colcon.colcon_core.environment:checking '/uolstore/home/users/mn22df/ros2_ws/install/turtlebot3_gazebo/lib'
[4.312s] Level 1:colcon.colcon_core.environment:checking '/uolstore/home/users/mn22df/ros2_ws/install/turtlebot3_gazebo/bin'
[4.312s] Level 1:colcon.colcon_core.environment:checking '/uolstore/home/users/mn22df/ros2_ws/install/turtlebot3_gazebo/lib/pkgconfig/turtlebot3_gazebo.pc'
[4.313s] Level 1:colcon.colcon_core.environment:checking '/uolstore/home/users/mn22df/ros2_ws/install/turtlebot3_gazebo/lib/python3.10/site-packages'
[4.313s] Level 1:colcon.colcon_core.environment:checking '/uolstore/home/users/mn22df/ros2_ws/install/turtlebot3_gazebo/bin'
[4.327s] INFO:colcon.colcon_core.shell:Creating package script '/uolstore/home/users/mn22df/ros2_ws/install/turtlebot3_gazebo/share/turtlebot3_gazebo/package.ps1'
[4.332s] INFO:colcon.colcon_core.shell:Creating package descriptor '/uolstore/home/users/mn22df/ros2_ws/install/turtlebot3_gazebo/share/turtlebot3_gazebo/package.dsv'
[4.348s] INFO:colcon.colcon_core.shell:Creating package script '/uolstore/home/users/mn22df/ros2_ws/install/turtlebot3_gazebo/share/turtlebot3_gazebo/package.sh'
[4.364s] INFO:colcon.colcon_core.shell:Creating package script '/uolstore/home/users/mn22df/ros2_ws/install/turtlebot3_gazebo/share/turtlebot3_gazebo/package.bash'
[4.370s] INFO:colcon.colcon_core.shell:Creating package script '/uolstore/home/users/mn22df/ros2_ws/install/turtlebot3_gazebo/share/turtlebot3_gazebo/package.zsh'
[4.382s] Level 1:colcon.colcon_core.environment:create_file_with_runtime_dependencies(/uolstore/home/users/mn22df/ros2_ws/install/turtlebot3_gazebo/share/colcon-core/packages/turtlebot3_gazebo)
[4.394s] INFO:colcon.colcon_ros.task.ament_cmake.build:Building ROS package in '/uolstore/home/users/mn22df/ros2_ws/src/turtlebot3_simulations/turtlebot3_simulations' with build type 'ament_cmake'
[4.394s] INFO:colcon.colcon_cmake.task.cmake.build:Building CMake package in '/uolstore/home/users/mn22df/ros2_ws/src/turtlebot3_simulations/turtlebot3_simulations'
[4.409s] INFO:colcon.colcon_core.shell:Skip shell extension 'powershell' for command environment: Not usable outside of PowerShell
[4.409s] DEBUG:colcon.colcon_core.shell:Skip shell extension 'dsv' for command environment
[4.496s] DEBUG:colcon.colcon_core.event_handler.log_command:Invoked command in '/uolstore/home/users/mn22df/ros2_ws/src/lab2' returned '0': PYTHONPATH=/uolstore/home/users/mn22df/ros2_ws/build/lab2/prefix_override:/uolstore/home/users/mn22df/ros2_ws/install/lab2/lib/python3.10/site-packages:${PYTHONPATH} /usr/bin/python3 setup.py egg_info --egg-base ../../build/lab2 build --build-base /uolstore/home/users/mn22df/ros2_ws/build/lab2/build install --record /uolstore/home/users/mn22df/ros2_ws/build/lab2/install.log --single-version-externally-managed
[4.511s] Level 1:colcon.colcon_core.environment:checking '/uolstore/home/users/mn22df/ros2_ws/install/lab2' for CMake module files
[4.515s] Level 1:colcon.colcon_core.environment:checking '/uolstore/home/users/mn22df/ros2_ws/install/lab2' for CMake config files
[4.524s] Level 1:colcon.colcon_core.environment:checking '/uolstore/home/users/mn22df/ros2_ws/install/lab2/lib'
[4.524s] Level 1:colcon.colcon_core.environment:checking '/uolstore/home/users/mn22df/ros2_ws/install/lab2/bin'
[4.525s] Level 1:colcon.colcon_core.environment:checking '/uolstore/home/users/mn22df/ros2_ws/install/lab2/lib/pkgconfig/lab2.pc'
[4.525s] Level 1:colcon.colcon_core.environment:checking '/uolstore/home/users/mn22df/ros2_ws/install/lab2/lib/python3.10/site-packages'
[4.525s] Level 1:colcon.colcon_core.shell:create_environment_hook('lab2', 'pythonpath')
[4.539s] INFO:colcon.colcon_core.shell:Creating environment hook '/uolstore/home/users/mn22df/ros2_ws/install/lab2/share/lab2/hook/pythonpath.ps1'
[4.545s] INFO:colcon.colcon_core.shell:Creating environment descriptor '/uolstore/home/users/mn22df/ros2_ws/install/lab2/share/lab2/hook/pythonpath.dsv'
[4.551s] INFO:colcon.colcon_core.shell:Creating environment hook '/uolstore/home/users/mn22df/ros2_ws/install/lab2/share/lab2/hook/pythonpath.sh'
[4.556s] Level 1:colcon.colcon_core.environment:checking '/uolstore/home/users/mn22df/ros2_ws/install/lab2/bin'
[4.556s] Level 1:colcon.colcon_core.environment:create_environment_scripts_only(lab2)
[4.569s] INFO:colcon.colcon_core.shell:Creating package script '/uolstore/home/users/mn22df/ros2_ws/install/lab2/share/lab2/package.ps1'
[4.574s] INFO:colcon.colcon_core.shell:Creating package descriptor '/uolstore/home/users/mn22df/ros2_ws/install/lab2/share/lab2/package.dsv'
[4.580s] INFO:colcon.colcon_core.shell:Creating package script '/uolstore/home/users/mn22df/ros2_ws/install/lab2/share/lab2/package.sh'
[4.584s] INFO:colcon.colcon_core.shell:Creating package script '/uolstore/home/users/mn22df/ros2_ws/install/lab2/share/lab2/package.bash'
[4.588s] INFO:colcon.colcon_core.shell:Creating package script '/uolstore/home/users/mn22df/ros2_ws/install/lab2/share/lab2/package.zsh'
[4.594s] Level 1:colcon.colcon_core.environment:create_file_with_runtime_dependencies(/uolstore/home/users/mn22df/ros2_ws/install/lab2/share/colcon-core/packages/lab2)
[4.616s] Level 1:colcon.colcon_core.environment:checking '/uolstore/home/users/mn22df/ros2_ws/install/lab1' for CMake module files
[4.618s] DEBUG:colcon.colcon_core.event_handler.log_command:Invoked command in '/uolstore/home/users/mn22df/ros2_ws/src/lab1' returned '0': PYTHONPATH=/uolstore/home/users/mn22df/ros2_ws/build/lab1/prefix_override:/uolstore/home/users/mn22df/ros2_ws/install/lab1/lib/python3.10/site-packages:${PYTHONPATH} /usr/bin/python3 setup.py egg_info --egg-base ../../build/lab1 build --build-base /uolstore/home/users/mn22df/ros2_ws/build/lab1/build install --record /uolstore/home/users/mn22df/ros2_ws/build/lab1/install.log --single-version-externally-managed
[4.619s] Level 1:colcon.colcon_core.environment:checking '/uolstore/home/users/mn22df/ros2_ws/install/lab1' for CMake config files
[4.627s] Level 1:colcon.colcon_core.environment:checking '/uolstore/home/users/mn22df/ros2_ws/install/lab1/lib'
[4.628s] Level 1:colcon.colcon_core.environment:checking '/uolstore/home/users/mn22df/ros2_ws/install/lab1/bin'
[4.628s] Level 1:colcon.colcon_core.environment:checking '/uolstore/home/users/mn22df/ros2_ws/install/lab1/lib/pkgconfig/lab1.pc'
[4.628s] Level 1:colcon.colcon_core.environment:checking '/uolstore/home/users/mn22df/ros2_ws/install/lab1/lib/python3.10/site-packages'
[4.628s] Level 1:colcon.colcon_core.shell:create_environment_hook('lab1', 'pythonpath')
[4.642s] INFO:colcon.colcon_core.shell:Creating environment hook '/uolstore/home/users/mn22df/ros2_ws/install/lab1/share/lab1/hook/pythonpath.ps1'
[4.648s] INFO:colcon.colcon_core.shell:Creating environment descriptor '/uolstore/home/users/mn22df/ros2_ws/install/lab1/share/lab1/hook/pythonpath.dsv'
[4.654s] INFO:colcon.colcon_core.shell:Creating environment hook '/uolstore/home/users/mn22df/ros2_ws/install/lab1/share/lab1/hook/pythonpath.sh'
[4.660s] Level 1:colcon.colcon_core.environment:checking '/uolstore/home/users/mn22df/ros2_ws/install/lab1/bin'
[4.660s] Level 1:colcon.colcon_core.environment:create_environment_scripts_only(lab1)
[4.674s] INFO:colcon.colcon_core.shell:Creating package script '/uolstore/home/users/mn22df/ros2_ws/install/lab1/share/lab1/package.ps1'
[4.683s] INFO:colcon.colcon_core.shell:Creating package descriptor '/uolstore/home/users/mn22df/ros2_ws/install/lab1/share/lab1/package.dsv'
[4.700s] INFO:colcon.colcon_core.shell:Creating package script '/uolstore/home/users/mn22df/ros2_ws/install/lab1/share/lab1/package.sh'
[4.706s] INFO:colcon.colcon_core.shell:Creating package script '/uolstore/home/users/mn22df/ros2_ws/install/lab1/share/lab1/package.bash'
[4.711s] INFO:colcon.colcon_core.shell:Creating package script '/uolstore/home/users/mn22df/ros2_ws/install/lab1/share/lab1/package.zsh'
[4.716s] Level 1:colcon.colcon_core.environment:create_file_with_runtime_dependencies(/uolstore/home/users/mn22df/ros2_ws/install/lab1/share/colcon-core/packages/lab1)
[4.726s] DEBUG:colcon.colcon_core.event_handler.log_command:Invoked command in '/uolstore/home/users/mn22df/ros2_ws/src/lab3' returned '0': PYTHONPATH=/uolstore/home/users/mn22df/ros2_ws/build/lab3/prefix_override:/uolstore/home/users/mn22df/ros2_ws/install/lab3/lib/python3.10/site-packages:${PYTHONPATH} /usr/bin/python3 setup.py egg_info --egg-base ../../build/lab3 build --build-base /uolstore/home/users/mn22df/ros2_ws/build/lab3/build install --record /uolstore/home/users/mn22df/ros2_ws/build/lab3/install.log --single-version-externally-managed
[4.731s] Level 1:colcon.colcon_core.environment:checking '/uolstore/home/users/mn22df/ros2_ws/install/lab3' for CMake module files
[4.734s] Level 1:colcon.colcon_core.environment:checking '/uolstore/home/users/mn22df/ros2_ws/install/lab3' for CMake config files
[4.743s] Level 1:colcon.colcon_core.environment:checking '/uolstore/home/users/mn22df/ros2_ws/install/lab3/lib'
[4.743s] Level 1:colcon.colcon_core.environment:checking '/uolstore/home/users/mn22df/ros2_ws/install/lab3/bin'
[4.744s] Level 1:colcon.colcon_core.environment:checking '/uolstore/home/users/mn22df/ros2_ws/install/lab3/lib/pkgconfig/lab3.pc'
[4.744s] Level 1:colcon.colcon_core.environment:checking '/uolstore/home/users/mn22df/ros2_ws/install/lab3/lib/python3.10/site-packages'
[4.744s] Level 1:colcon.colcon_core.shell:create_environment_hook('lab3', 'pythonpath')
[4.757s] INFO:colcon.colcon_core.shell:Creating environment hook '/uolstore/home/users/mn22df/ros2_ws/install/lab3/share/lab3/hook/pythonpath.ps1'
[4.767s] INFO:colcon.colcon_core.shell:Creating environment descriptor '/uolstore/home/users/mn22df/ros2_ws/install/lab3/share/lab3/hook/pythonpath.dsv'
[4.773s] INFO:colcon.colcon_core.shell:Creating environment hook '/uolstore/home/users/mn22df/ros2_ws/install/lab3/share/lab3/hook/pythonpath.sh'
[4.780s] Level 1:colcon.colcon_core.environment:checking '/uolstore/home/users/mn22df/ros2_ws/install/lab3/bin'
[4.780s] Level 1:colcon.colcon_core.environment:create_environment_scripts_only(lab3)
[4.793s] INFO:colcon.colcon_core.shell:Creating package script '/uolstore/home/users/mn22df/ros2_ws/install/lab3/share/lab3/package.ps1'
[4.802s] INFO:colcon.colcon_core.shell:Creating package descriptor '/uolstore/home/users/mn22df/ros2_ws/install/lab3/share/lab3/package.dsv'
[4.806s] INFO:colcon.colcon_core.shell:Creating package script '/uolstore/home/users/mn22df/ros2_ws/install/lab3/share/lab3/package.sh'
[4.813s] INFO:colcon.colcon_core.shell:Creating package script '/uolstore/home/users/mn22df/ros2_ws/install/lab3/share/lab3/package.bash'
[4.820s] INFO:colcon.colcon_core.shell:Creating package script '/uolstore/home/users/mn22df/ros2_ws/install/lab3/share/lab3/package.zsh'
[4.828s] Level 1:colcon.colcon_core.environment:create_file_with_runtime_dependencies(/uolstore/home/users/mn22df/ros2_ws/install/lab3/share/colcon-core/packages/lab3)
[4.873s] DEBUG:colcon.colcon_core.event_handler.log_command:Invoking command in '/uolstore/home/users/mn22df/ros2_ws/build/turtlebot3_simulations': CMAKE_PREFIX_PATH=/uolstore/home/users/mn22df/ros2_ws/install/turtlebot3_gazebo:/uolstore/home/users/mn22df/ros2_ws/install/turtlebot3_fake_node:/uolstore/home/users/mn22df/ros2_ws/install/turtlebot3_simulations:/uolstore/home/users/mn22df/ros2_ws/install/lab3:/uolstore/home/users/mn22df/ros2_ws/install/lab2:/uolstore/home/users/mn22df/ros2_ws/install/lab1:/opt/ros/humble /usr/bin/cmake --build /uolstore/home/users/mn22df/ros2_ws/build/turtlebot3_simulations -- -j20 -l20
[4.903s] DEBUG:colcon.colcon_core.event_handler.log_command:Invoked command in '/uolstore/home/users/mn22df/ros2_ws/build/turtlebot3_simulations' returned '0': CMAKE_PREFIX_PATH=/uolstore/home/users/mn22df/ros2_ws/install/turtlebot3_gazebo:/uolstore/home/users/mn22df/ros2_ws/install/turtlebot3_fake_node:/uolstore/home/users/mn22df/ros2_ws/install/turtlebot3_simulations:/uolstore/home/users/mn22df/ros2_ws/install/lab3:/uolstore/home/users/mn22df/ros2_ws/install/lab2:/uolstore/home/users/mn22df/ros2_ws/install/lab1:/opt/ros/humble /usr/bin/cmake --build /uolstore/home/users/mn22df/ros2_ws/build/turtlebot3_simulations -- -j20 -l20
[4.930s] DEBUG:colcon.colcon_core.event_handler.log_command:Invoking command in '/uolstore/home/users/mn22df/ros2_ws/build/turtlebot3_simulations': CMAKE_PREFIX_PATH=/uolstore/home/users/mn22df/ros2_ws/install/turtlebot3_gazebo:/uolstore/home/users/mn22df/ros2_ws/install/turtlebot3_fake_node:/uolstore/home/users/mn22df/ros2_ws/install/turtlebot3_simulations:/uolstore/home/users/mn22df/ros2_ws/install/lab3:/uolstore/home/users/mn22df/ros2_ws/install/lab2:/uolstore/home/users/mn22df/ros2_ws/install/lab1:/opt/ros/humble /usr/bin/cmake --install /uolstore/home/users/mn22df/ros2_ws/build/turtlebot3_simulations
[4.975s] Level 1:colcon.colcon_core.environment:create_environment_scripts_only(turtlebot3_simulations)
[4.975s] DEBUG:colcon.colcon_core.event_handler.log_command:Invoked command in '/uolstore/home/users/mn22df/ros2_ws/build/turtlebot3_simulations' returned '0': CMAKE_PREFIX_PATH=/uolstore/home/users/mn22df/ros2_ws/install/turtlebot3_gazebo:/uolstore/home/users/mn22df/ros2_ws/install/turtlebot3_fake_node:/uolstore/home/users/mn22df/ros2_ws/install/turtlebot3_simulations:/uolstore/home/users/mn22df/ros2_ws/install/lab3:/uolstore/home/users/mn22df/ros2_ws/install/lab2:/uolstore/home/users/mn22df/ros2_ws/install/lab1:/opt/ros/humble /usr/bin/cmake --install /uolstore/home/users/mn22df/ros2_ws/build/turtlebot3_simulations
[4.989s] Level 1:colcon.colcon_core.environment:checking '/uolstore/home/users/mn22df/ros2_ws/install/turtlebot3_simulations' for CMake module files
[4.991s] Level 1:colcon.colcon_core.environment:checking '/uolstore/home/users/mn22df/ros2_ws/install/turtlebot3_simulations' for CMake config files
[4.995s] Level 1:colcon.colcon_core.shell:create_environment_hook('turtlebot3_simulations', 'cmake_prefix_path')
[5.010s] INFO:colcon.colcon_core.shell:Creating environment hook '/uolstore/home/users/mn22df/ros2_ws/install/turtlebot3_simulations/share/turtlebot3_simulations/hook/cmake_prefix_path.ps1'
[5.018s] INFO:colcon.colcon_core.shell:Creating environment descriptor '/uolstore/home/users/mn22df/ros2_ws/install/turtlebot3_simulations/share/turtlebot3_simulations/hook/cmake_prefix_path.dsv'
[5.032s] INFO:colcon.colcon_core.shell:Creating environment hook '/uolstore/home/users/mn22df/ros2_ws/install/turtlebot3_simulations/share/turtlebot3_simulations/hook/cmake_prefix_path.sh'
[5.047s] Level 1:colcon.colcon_core.environment:checking '/uolstore/home/users/mn22df/ros2_ws/install/turtlebot3_simulations/bin'
[5.047s] Level 1:colcon.colcon_core.environment:checking '/uolstore/home/users/mn22df/ros2_ws/install/turtlebot3_simulations/lib/pkgconfig/turtlebot3_simulations.pc'
[5.048s] Level 1:colcon.colcon_core.environment:checking '/uolstore/home/users/mn22df/ros2_ws/install/turtlebot3_simulations/lib/python3.10/site-packages'
[5.048s] Level 1:colcon.colcon_core.environment:checking '/uolstore/home/users/mn22df/ros2_ws/install/turtlebot3_simulations/bin'
[5.061s] INFO:colcon.colcon_core.shell:Creating package script '/uolstore/home/users/mn22df/ros2_ws/install/turtlebot3_simulations/share/turtlebot3_simulations/package.ps1'
[5.067s] INFO:colcon.colcon_core.shell:Creating package descriptor '/uolstore/home/users/mn22df/ros2_ws/install/turtlebot3_simulations/share/turtlebot3_simulations/package.dsv'
[5.071s] INFO:colcon.colcon_core.shell:Creating package script '/uolstore/home/users/mn22df/ros2_ws/install/turtlebot3_simulations/share/turtlebot3_simulations/package.sh'
[5.077s] INFO:colcon.colcon_core.shell:Creating package script '/uolstore/home/users/mn22df/ros2_ws/install/turtlebot3_simulations/share/turtlebot3_simulations/package.bash'
[5.083s] INFO:colcon.colcon_core.shell:Creating package script '/uolstore/home/users/mn22df/ros2_ws/install/turtlebot3_simulations/share/turtlebot3_simulations/package.zsh'
[5.089s] Level 1:colcon.colcon_core.environment:create_file_with_runtime_dependencies(/uolstore/home/users/mn22df/ros2_ws/install/turtlebot3_simulations/share/colcon-core/packages/turtlebot3_simulations)
[5.135s] Level 1:colcon.colcon_core.environment:create_environment_scripts_only(turtlebot3_simulations)
[5.148s] Level 1:colcon.colcon_core.environment:checking '/uolstore/home/users/mn22df/ros2_ws/install/turtlebot3_simulations' for CMake module files
[5.152s] Level 1:colcon.colcon_core.environment:checking '/uolstore/home/users/mn22df/ros2_ws/install/turtlebot3_simulations' for CMake config files
[5.156s] Level 1:colcon.colcon_core.shell:create_environment_hook('turtlebot3_simulations', 'cmake_prefix_path')
[5.169s] INFO:colcon.colcon_core.shell:Creating environment hook '/uolstore/home/users/mn22df/ros2_ws/install/turtlebot3_simulations/share/turtlebot3_simulations/hook/cmake_prefix_path.ps1'
[5.173s] INFO:colcon.colcon_core.shell:Creating environment descriptor '/uolstore/home/users/mn22df/ros2_ws/install/turtlebot3_simulations/share/turtlebot3_simulations/hook/cmake_prefix_path.dsv'
[5.190s] INFO:colcon.colcon_core.shell:Creating environment hook '/uolstore/home/users/mn22df/ros2_ws/install/turtlebot3_simulations/share/turtlebot3_simulations/hook/cmake_prefix_path.sh'
[5.210s] Level 1:colcon.colcon_core.environment:checking '/uolstore/home/users/mn22df/ros2_ws/install/turtlebot3_simulations/bin'
[5.210s] Level 1:colcon.colcon_core.environment:checking '/uolstore/home/users/mn22df/ros2_ws/install/turtlebot3_simulations/lib/pkgconfig/turtlebot3_simulations.pc'
[5.210s] Level 1:colcon.colcon_core.environment:checking '/uolstore/home/users/mn22df/ros2_ws/install/turtlebot3_simulations/lib/python3.10/site-packages'
[5.211s] Level 1:colcon.colcon_core.environment:checking '/uolstore/home/users/mn22df/ros2_ws/install/turtlebot3_simulations/bin'
[5.224s] INFO:colcon.colcon_core.shell:Creating package script '/uolstore/home/users/mn22df/ros2_ws/install/turtlebot3_simulations/share/turtlebot3_simulations/package.ps1'
[5.229s] INFO:colcon.colcon_core.shell:Creating package descriptor '/uolstore/home/users/mn22df/ros2_ws/install/turtlebot3_simulations/share/turtlebot3_simulations/package.dsv'
[5.233s] INFO:colcon.colcon_core.shell:Creating package script '/uolstore/home/users/mn22df/ros2_ws/install/turtlebot3_simulations/share/turtlebot3_simulations/package.sh'
[5.243s] INFO:colcon.colcon_core.shell:Creating package script '/uolstore/home/users/mn22df/ros2_ws/install/turtlebot3_simulations/share/turtlebot3_simulations/package.bash'
[5.250s] INFO:colcon.colcon_core.shell:Creating package script '/uolstore/home/users/mn22df/ros2_ws/install/turtlebot3_simulations/share/turtlebot3_simulations/package.zsh'
[5.256s] Level 1:colcon.colcon_core.environment:create_file_with_runtime_dependencies(/uolstore/home/users/mn22df/ros2_ws/install/turtlebot3_simulations/share/colcon-core/packages/turtlebot3_simulations)
[5.270s] DEBUG:colcon.colcon_parallel_executor.executor.parallel:closing loop
[5.270s] DEBUG:colcon.colcon_parallel_executor.executor.parallel:loop closed
[5.270s] DEBUG:colcon.colcon_parallel_executor.executor.parallel:run_until_complete finished with '0'
[5.270s] DEBUG:colcon.colcon_core.event_reactor:joining thread
[5.305s] INFO:colcon.colcon_core.plugin_system:Skipping extension 'colcon_notification.desktop_notification.notify_send': Could not find 'notify-send'
[5.305s] INFO:colcon.colcon_core.plugin_system:Skipping extension 'colcon_notification.desktop_notification.terminal_notifier': Not used on non-Darwin systems
[5.305s] INFO:colcon.colcon_core.plugin_system:Skipping extension 'colcon_notification.desktop_notification.win32': Not used on non-Windows systems
[5.306s] INFO:colcon.colcon_notification.desktop_notification:Sending desktop notification using 'notify2'
[5.312s] DEBUG:colcon.colcon_core.event_reactor:joined thread
[5.327s] INFO:colcon.colcon_core.shell:Creating prefix script '/uolstore/home/users/mn22df/ros2_ws/install/local_setup.ps1'
[5.336s] INFO:colcon.colcon_core.shell:Creating prefix util module '/uolstore/home/users/mn22df/ros2_ws/install/_local_setup_util_ps1.py'
[5.352s] INFO:colcon.colcon_core.shell:Creating prefix chain script '/uolstore/home/users/mn22df/ros2_ws/install/setup.ps1'
[5.384s] INFO:colcon.colcon_core.shell:Creating prefix script '/uolstore/home/users/mn22df/ros2_ws/install/local_setup.sh'
[5.398s] INFO:colcon.colcon_core.shell:Creating prefix util module '/uolstore/home/users/mn22df/ros2_ws/install/_local_setup_util_sh.py'
[5.409s] INFO:colcon.colcon_core.shell:Creating prefix chain script '/uolstore/home/users/mn22df/ros2_ws/install/setup.sh'
[5.440s] INFO:colcon.colcon_core.shell:Creating prefix script '/uolstore/home/users/mn22df/ros2_ws/install/local_setup.bash'
[5.469s] INFO:colcon.colcon_core.shell:Creating prefix chain script '/uolstore/home/users/mn22df/ros2_ws/install/setup.bash'
[5.504s] INFO:colcon.colcon_core.shell:Creating prefix script '/uolstore/home/users/mn22df/ros2_ws/install/local_setup.zsh'
[5.511s] INFO:colcon.colcon_core.shell:Creating prefix chain script '/uolstore/home/users/mn22df/ros2_ws/install/setup.zsh'
