[0.568s] Invoking command in '/uolstore/home/users/mn22df/ros2_ws/build/turtlebot3_simulations': CMAKE_PREFIX_PATH=/uolstore/home/users/mn22df/ros2_ws/install/turtlebot3_gazebo:/uolstore/home/users/mn22df/ros2_ws/install/turtlebot3_fake_node:/uolstore/home/users/mn22df/ros2_ws/install/turtlebot3_simulations:/uolstore/home/users/mn22df/ros2_ws/install/lab3:/uolstore/home/users/mn22df/ros2_ws/install/lab2:/uolstore/home/users/mn22df/ros2_ws/install/lab1:/opt/ros/humble /usr/bin/cmake --build /uolstore/home/users/mn22df/ros2_ws/build/turtlebot3_simulations -- -j20 -l20
[0.598s] Invoked command in '/uolstore/home/users/mn22df/ros2_ws/build/turtlebot3_simulations' returned '0': CMAKE_PREFIX_PATH=/uolstore/home/users/mn22df/ros2_ws/install/turtlebot3_gazebo:/uolstore/home/users/mn22df/ros2_ws/install/turtlebot3_fake_node:/uolstore/home/users/mn22df/ros2_ws/install/turtlebot3_simulations:/uolstore/home/users/mn22df/ros2_ws/install/lab3:/uolstore/home/users/mn22df/ros2_ws/install/lab2:/uolstore/home/users/mn22df/ros2_ws/install/lab1:/opt/ros/humble /usr/bin/cmake --build /uolstore/home/users/mn22df/ros2_ws/build/turtlebot3_simulations -- -j20 -l20
[0.625s] Invoking command in '/uolstore/home/users/mn22df/ros2_ws/build/turtlebot3_simulations': CMAKE_PREFIX_PATH=/uolstore/home/users/mn22df/ros2_ws/install/turtlebot3_gazebo:/uolstore/home/users/mn22df/ros2_ws/install/turtlebot3_fake_node:/uolstore/home/users/mn22df/ros2_ws/install/turtlebot3_simulations:/uolstore/home/users/mn22df/ros2_ws/install/lab3:/uolstore/home/users/mn22df/ros2_ws/install/lab2:/uolstore/home/users/mn22df/ros2_ws/install/lab1:/opt/ros/humble /usr/bin/cmake --install /uolstore/home/users/mn22df/ros2_ws/build/turtlebot3_simulations
[0.635s] -- Install configuration: ""
[0.636s] -- Up-to-date: /uolstore/home/users/mn22df/ros2_ws/install/turtlebot3_simulations/share/ament_index/resource_index/package_run_dependencies/turtlebot3_simulations
[0.637s] -- Up-to-date: /uolstore/home/users/mn22df/ros2_ws/install/turtlebot3_simulations/share/ament_index/resource_index/parent_prefix_path/turtlebot3_simulations
[0.638s] -- Up-to-date: /uolstore/home/users/mn22df/ros2_ws/install/turtlebot3_simulations/share/turtlebot3_simulations/environment/ament_prefix_path.sh
[0.639s] -- Up-to-date: /uolstore/home/users/mn22df/ros2_ws/install/turtlebot3_simulations/share/turtlebot3_simulations/environment/ament_prefix_path.dsv
[0.640s] -- Up-to-date: /uolstore/home/users/mn22df/ros2_ws/install/turtlebot3_simulations/share/turtlebot3_simulations/environment/path.sh
[0.641s] -- Up-to-date: /uolstore/home/users/mn22df/ros2_ws/install/turtlebot3_simulations/share/turtlebot3_simulations/environment/path.dsv
[0.642s] -- Up-to-date: /uolstore/home/users/mn22df/ros2_ws/install/turtlebot3_simulations/share/turtlebot3_simulations/local_setup.bash
[0.643s] -- Up-to-date: /uolstore/home/users/mn22df/ros2_ws/install/turtlebot3_simulations/share/turtlebot3_simulations/local_setup.sh
[0.644s] -- Up-to-date: /uolstore/home/users/mn22df/ros2_ws/install/turtlebot3_simulations/share/turtlebot3_simulations/local_setup.zsh
[0.645s] -- Up-to-date: /uolstore/home/users/mn22df/ros2_ws/install/turtlebot3_simulations/share/turtlebot3_simulations/local_setup.dsv
[0.647s] -- Installing: /uolstore/home/users/mn22df/ros2_ws/install/turtlebot3_simulations/share/turtlebot3_simulations/package.dsv
[0.663s] -- Up-to-date: /uolstore/home/users/mn22df/ros2_ws/install/turtlebot3_simulations/share/ament_index/resource_index/packages/turtlebot3_simulations
[0.664s] -- Up-to-date: /uolstore/home/users/mn22df/ros2_ws/install/turtlebot3_simulations/share/turtlebot3_simulations/cmake/turtlebot3_simulationsConfig.cmake
[0.665s] -- Up-to-date: /uolstore/home/users/mn22df/ros2_ws/install/turtlebot3_simulations/share/turtlebot3_simulations/cmake/turtlebot3_simulationsConfig-version.cmake
[0.666s] -- Up-to-date: /uolstore/home/users/mn22df/ros2_ws/install/turtlebot3_simulations/share/turtlebot3_simulations/package.xml
[0.676s] Invoked command in '/uolstore/home/users/mn22df/ros2_ws/build/turtlebot3_simulations' returned '0': CMAKE_PREFIX_PATH=/uolstore/home/users/mn22df/ros2_ws/install/turtlebot3_gazebo:/uolstore/home/users/mn22df/ros2_ws/install/turtlebot3_fake_node:/uolstore/home/users/mn22df/ros2_ws/install/turtlebot3_simulations:/uolstore/home/users/mn22df/ros2_ws/install/lab3:/uolstore/home/users/mn22df/ros2_ws/install/lab2:/uolstore/home/users/mn22df/ros2_ws/install/lab1:/opt/ros/humble /usr/bin/cmake --install /uolstore/home/users/mn22df/ros2_ws/build/turtlebot3_simulations
