[1.626s] Invoking command in '/uolstore/home/users/mn22df/ros2_ws/src/lab1': PYTHONPATH=/uolstore/home/users/mn22df/ros2_ws/build/lab1/prefix_override:/uolstore/home/users/mn22df/ros2_ws/install/lab1/lib/python3.10/site-packages:${PYTHONPATH} /usr/bin/python3 setup.py egg_info --egg-base ../../build/lab1 build --build-base /uolstore/home/users/mn22df/ros2_ws/build/lab1/build install --record /uolstore/home/users/mn22df/ros2_ws/build/lab1/install.log --single-version-externally-managed
[1.860s] running egg_info
[1.862s] writing ../../build/lab1/lab1.egg-info/PKG-INFO
[1.866s] writing dependency_links to ../../build/lab1/lab1.egg-info/dependency_links.txt
[1.869s] writing entry points to ../../build/lab1/lab1.egg-info/entry_points.txt
[1.873s] writing requirements to ../../build/lab1/lab1.egg-info/requires.txt
[1.875s] writing top-level names to ../../build/lab1/lab1.egg-info/top_level.txt
[1.885s] reading manifest file '../../build/lab1/lab1.egg-info/SOURCES.txt'
[1.890s] writing manifest file '../../build/lab1/lab1.egg-info/SOURCES.txt'
[1.892s] running build
[1.892s] running build_py
[1.895s] running install
[1.895s] running install_lib
[1.898s] running install_data
[1.900s] running install_egg_info
[1.902s] removing '/uolstore/home/users/mn22df/ros2_ws/install/lab1/lib/python3.10/site-packages/lab1-0.0.0-py3.10.egg-info' (and everything under it)
[1.913s] Copying ../../build/lab1/lab1.egg-info to /uolstore/home/users/mn22df/ros2_ws/install/lab1/lib/python3.10/site-packages/lab1-0.0.0-py3.10.egg-info
[1.966s] running install_scripts
[1.985s] Installing hello script to /uolstore/home/users/mn22df/ros2_ws/install/lab1/lib/lab1
[1.989s] writing list of installed files to '/uolstore/home/users/mn22df/ros2_ws/build/lab1/install.log'
[2.076s] Invoked command in '/uolstore/home/users/mn22df/ros2_ws/src/lab1' returned '0': PYTHONPATH=/uolstore/home/users/mn22df/ros2_ws/build/lab1/prefix_override:/uolstore/home/users/mn22df/ros2_ws/install/lab1/lib/python3.10/site-packages:${PYTHONPATH} /usr/bin/python3 setup.py egg_info --egg-base ../../build/lab1 build --build-base /uolstore/home/users/mn22df/ros2_ws/build/lab1/build install --record /uolstore/home/users/mn22df/ros2_ws/build/lab1/install.log --single-version-externally-managed
