[1.913s] Invoking command in '/uolstore/home/users/mn22df/ros2_ws/src/lab2': PYTHONPATH=/uolstore/home/users/mn22df/ros2_ws/build/lab2/prefix_override:/uolstore/home/users/mn22df/ros2_ws/install/lab2/lib/python3.10/site-packages:${PYTHONPATH} /usr/bin/python3 setup.py egg_info --egg-base ../../build/lab2 build --build-base /uolstore/home/users/mn22df/ros2_ws/build/lab2/build install --record /uolstore/home/users/mn22df/ros2_ws/build/lab2/install.log --single-version-externally-managed
[2.102s] running egg_info
[2.103s] writing ../../build/lab2/lab2.egg-info/PKG-INFO
[2.116s] writing dependency_links to ../../build/lab2/lab2.egg-info/dependency_links.txt
[2.122s] writing entry points to ../../build/lab2/lab2.egg-info/entry_points.txt
[2.128s] writing requirements to ../../build/lab2/lab2.egg-info/requires.txt
[2.133s] writing top-level names to ../../build/lab2/lab2.egg-info/top_level.txt
[2.149s] reading manifest file '../../build/lab2/lab2.egg-info/SOURCES.txt'
[2.153s] writing manifest file '../../build/lab2/lab2.egg-info/SOURCES.txt'
[2.158s] running build
[2.158s] running build_py
[2.163s] running install
[2.163s] running install_lib
[2.170s] running install_data
[2.172s] running install_egg_info
[2.173s] removing '/uolstore/home/users/mn22df/ros2_ws/install/lab2/lib/python3.10/site-packages/lab2-0.0.0-py3.10.egg-info' (and everything under it)
[2.186s] Copying ../../build/lab2/lab2.egg-info to /uolstore/home/users/mn22df/ros2_ws/install/lab2/lib/python3.10/site-packages/lab2-0.0.0-py3.10.egg-info
[2.334s] running install_scripts
[2.362s] Installing listener script to /uolstore/home/users/mn22df/ros2_ws/install/lab2/lib/lab2
[2.373s] Installing numeric_listener script to /uolstore/home/users/mn22df/ros2_ws/install/lab2/lib/lab2
[2.377s] Installing numeric_talker script to /uolstore/home/users/mn22df/ros2_ws/install/lab2/lib/lab2
[2.390s] Installing talker script to /uolstore/home/users/mn22df/ros2_ws/install/lab2/lib/lab2
[2.401s] writing list of installed files to '/uolstore/home/users/mn22df/ros2_ws/build/lab2/install.log'
[2.871s] Invoked command in '/uolstore/home/users/mn22df/ros2_ws/src/lab2' returned '0': PYTHONPATH=/uolstore/home/users/mn22df/ros2_ws/build/lab2/prefix_override:/uolstore/home/users/mn22df/ros2_ws/install/lab2/lib/python3.10/site-packages:${PYTHONPATH} /usr/bin/python3 setup.py egg_info --egg-base ../../build/lab2 build --build-base /uolstore/home/users/mn22df/ros2_ws/build/lab2/build install --record /uolstore/home/users/mn22df/ros2_ws/build/lab2/install.log --single-version-externally-managed
