[2.111s] Invoking command in '/uolstore/home/users/mn22df/ros2_ws/src/lab1': PYTHONPATH=/uolstore/home/users/mn22df/ros2_ws/build/lab1/prefix_override:/uolstore/home/users/mn22df/ros2_ws/install/lab1/lib/python3.10/site-packages:${PYTHONPATH} /usr/bin/python3 setup.py egg_info --egg-base ../../build/lab1 build --build-base /uolstore/home/users/mn22df/ros2_ws/build/lab1/build install --record /uolstore/home/users/mn22df/ros2_ws/build/lab1/install.log --single-version-externally-managed
[2.293s] running egg_info
[2.294s] writing ../../build/lab1/lab1.egg-info/PKG-INFO
[2.305s] writing dependency_links to ../../build/lab1/lab1.egg-info/dependency_links.txt
[2.316s] writing entry points to ../../build/lab1/lab1.egg-info/entry_points.txt
[2.344s] writing requirements to ../../build/lab1/lab1.egg-info/requires.txt
[2.364s] writing top-level names to ../../build/lab1/lab1.egg-info/top_level.txt
[2.381s] reading manifest file '../../build/lab1/lab1.egg-info/SOURCES.txt'
[2.384s] writing manifest file '../../build/lab1/lab1.egg-info/SOURCES.txt'
[2.389s] running build
[2.390s] running build_py
[2.392s] running install
[2.392s] running install_lib
[2.396s] running install_data
[2.397s] running install_egg_info
[2.398s] removing '/uolstore/home/users/mn22df/ros2_ws/install/lab1/lib/python3.10/site-packages/lab1-0.0.0-py3.10.egg-info' (and everything under it)
[2.414s] Copying ../../build/lab1/lab1.egg-info to /uolstore/home/users/mn22df/ros2_ws/install/lab1/lib/python3.10/site-packages/lab1-0.0.0-py3.10.egg-info
[2.616s] running install_scripts
[2.633s] Installing hello script to /uolstore/home/users/mn22df/ros2_ws/install/lab1/lib/lab1
[2.649s] writing list of installed files to '/uolstore/home/users/mn22df/ros2_ws/build/lab1/install.log'
[2.979s] Invoked command in '/uolstore/home/users/mn22df/ros2_ws/src/lab1' returned '0': PYTHONPATH=/uolstore/home/users/mn22df/ros2_ws/build/lab1/prefix_override:/uolstore/home/users/mn22df/ros2_ws/install/lab1/lib/python3.10/site-packages:${PYTHONPATH} /usr/bin/python3 setup.py egg_info --egg-base ../../build/lab1 build --build-base /uolstore/home/users/mn22df/ros2_ws/build/lab1/build install --record /uolstore/home/users/mn22df/ros2_ws/build/lab1/install.log --single-version-externally-managed
