[0.180s] Invoking command in '/uolstore/home/users/mn22df/ros2_ws/build/turtlebot3_simulations': CMAKE_PREFIX_PATH=/uolstore/home/users/mn22df/ros2_ws/install/turtlebot3_gazebo:/uolstore/home/users/mn22df/ros2_ws/install/turtlebot3_fake_node:/uolstore/home/users/mn22df/ros2_ws/install/turtlebot3_simulations:/uolstore/home/users/mn22df/ros2_ws/install/lab3:/uolstore/home/users/mn22df/ros2_ws/install/lab2:/uolstore/home/users/mn22df/ros2_ws/install/lab1:/opt/ros/humble /usr/bin/cmake --build /uolstore/home/users/mn22df/ros2_ws/build/turtlebot3_simulations -- -j20 -l20
[0.227s] Invoked command in '/uolstore/home/users/mn22df/ros2_ws/build/turtlebot3_simulations' returned '0': CMAKE_PREFIX_PATH=/uolstore/home/users/mn22df/ros2_ws/install/turtlebot3_gazebo:/uolstore/home/users/mn22df/ros2_ws/install/turtlebot3_fake_node:/uolstore/home/users/mn22df/ros2_ws/install/turtlebot3_simulations:/uolstore/home/users/mn22df/ros2_ws/install/lab3:/uolstore/home/users/mn22df/ros2_ws/install/lab2:/uolstore/home/users/mn22df/ros2_ws/install/lab1:/opt/ros/humble /usr/bin/cmake --build /uolstore/home/users/mn22df/ros2_ws/build/turtlebot3_simulations -- -j20 -l20
[0.256s] Invoking command in '/uolstore/home/users/mn22df/ros2_ws/build/turtlebot3_simulations': CMAKE_PREFIX_PATH=/uolstore/home/users/mn22df/ros2_ws/install/turtlebot3_gazebo:/uolstore/home/users/mn22df/ros2_ws/install/turtlebot3_fake_node:/uolstore/home/users/mn22df/ros2_ws/install/turtlebot3_simulations:/uolstore/home/users/mn22df/ros2_ws/install/lab3:/uolstore/home/users/mn22df/ros2_ws/install/lab2:/uolstore/home/users/mn22df/ros2_ws/install/lab1:/opt/ros/humble /usr/bin/cmake --install /uolstore/home/users/mn22df/ros2_ws/build/turtlebot3_simulations
[0.264s] -- Install configuration: ""
[0.265s] -- Up-to-date: /uolstore/home/users/mn22df/ros2_ws/install/turtlebot3_simulations/share/ament_index/resource_index/package_run_dependencies/turtlebot3_simulations
[0.266s] -- Up-to-date: /uolstore/home/users/mn22df/ros2_ws/install/turtlebot3_simulations/share/ament_index/resource_index/parent_prefix_path/turtlebot3_simulations
[0.267s] -- Up-to-date: /uolstore/home/users/mn22df/ros2_ws/install/turtlebot3_simulations/share/turtlebot3_simulations/environment/ament_prefix_path.sh
[0.268s] -- Up-to-date: /uolstore/home/users/mn22df/ros2_ws/install/turtlebot3_simulations/share/turtlebot3_simulations/environment/ament_prefix_path.dsv
[0.269s] -- Up-to-date: /uolstore/home/users/mn22df/ros2_ws/install/turtlebot3_simulations/share/turtlebot3_simulations/environment/path.sh
[0.271s] -- Up-to-date: /uolstore/home/users/mn22df/ros2_ws/install/turtlebot3_simulations/share/turtlebot3_simulations/environment/path.dsv
[0.271s] -- Up-to-date: /uolstore/home/users/mn22df/ros2_ws/install/turtlebot3_simulations/share/turtlebot3_simulations/local_setup.bash
[0.273s] -- Up-to-date: /uolstore/home/users/mn22df/ros2_ws/install/turtlebot3_simulations/share/turtlebot3_simulations/local_setup.sh
[0.274s] -- Up-to-date: /uolstore/home/users/mn22df/ros2_ws/install/turtlebot3_simulations/share/turtlebot3_simulations/local_setup.zsh
[0.275s] -- Up-to-date: /uolstore/home/users/mn22df/ros2_ws/install/turtlebot3_simulations/share/turtlebot3_simulations/local_setup.dsv
[0.277s] -- Installing: /uolstore/home/users/mn22df/ros2_ws/install/turtlebot3_simulations/share/turtlebot3_simulations/package.dsv
[0.287s] -- Up-to-date: /uolstore/home/users/mn22df/ros2_ws/install/turtlebot3_simulations/share/ament_index/resource_index/packages/turtlebot3_simulations
[0.289s] -- Up-to-date: /uolstore/home/users/mn22df/ros2_ws/install/turtlebot3_simulations/share/turtlebot3_simulations/cmake/turtlebot3_simulationsConfig.cmake
[0.290s] -- Up-to-date: /uolstore/home/users/mn22df/ros2_ws/install/turtlebot3_simulations/share/turtlebot3_simulations/cmake/turtlebot3_simulationsConfig-version.cmake
[0.291s] -- Up-to-date: /uolstore/home/users/mn22df/ros2_ws/install/turtlebot3_simulations/share/turtlebot3_simulations/package.xml
[0.296s] Invoked command in '/uolstore/home/users/mn22df/ros2_ws/build/turtlebot3_simulations' returned '0': CMAKE_PREFIX_PATH=/uolstore/home/users/mn22df/ros2_ws/install/turtlebot3_gazebo:/uolstore/home/users/mn22df/ros2_ws/install/turtlebot3_fake_node:/uolstore/home/users/mn22df/ros2_ws/install/turtlebot3_simulations:/uolstore/home/users/mn22df/ros2_ws/install/lab3:/uolstore/home/users/mn22df/ros2_ws/install/lab2:/uolstore/home/users/mn22df/ros2_ws/install/lab1:/opt/ros/humble /usr/bin/cmake --install /uolstore/home/users/mn22df/ros2_ws/build/turtlebot3_simulations
