[2.002s] Invoking command in '/uolstore/home/users/mn22df/ros2_ws/src/lab1': PYTHONPATH=/uolstore/home/users/mn22df/ros2_ws/build/lab1/prefix_override:/uolstore/home/users/mn22df/ros2_ws/install/lab1/lib/python3.10/site-packages:${PYTHONPATH} /usr/bin/python3 setup.py egg_info --egg-base ../../build/lab1 build --build-base /uolstore/home/users/mn22df/ros2_ws/build/lab1/build install --record /uolstore/home/users/mn22df/ros2_ws/build/lab1/install.log --single-version-externally-managed
[2.231s] running egg_info
[2.232s] writing ../../build/lab1/lab1.egg-info/PKG-INFO
[2.239s] writing dependency_links to ../../build/lab1/lab1.egg-info/dependency_links.txt
[2.248s] writing entry points to ../../build/lab1/lab1.egg-info/entry_points.txt
[2.255s] writing requirements to ../../build/lab1/lab1.egg-info/requires.txt
[2.259s] writing top-level names to ../../build/lab1/lab1.egg-info/top_level.txt
[2.275s] reading manifest file '../../build/lab1/lab1.egg-info/SOURCES.txt'
[2.280s] writing manifest file '../../build/lab1/lab1.egg-info/SOURCES.txt'
[2.283s] running build
[2.283s] running build_py
[2.285s] running install
[2.286s] running install_lib
[2.291s] running install_data
[2.293s] running install_egg_info
[2.294s] removing '/uolstore/home/users/mn22df/ros2_ws/install/lab1/lib/python3.10/site-packages/lab1-0.0.0-py3.10.egg-info' (and everything under it)
[2.307s] Copying ../../build/lab1/lab1.egg-info to /uolstore/home/users/mn22df/ros2_ws/install/lab1/lib/python3.10/site-packages/lab1-0.0.0-py3.10.egg-info
[2.457s] running install_scripts
[2.473s] Installing hello script to /uolstore/home/users/mn22df/ros2_ws/install/lab1/lib/lab1
[2.484s] writing list of installed files to '/uolstore/home/users/mn22df/ros2_ws/build/lab1/install.log'
[2.781s] Invoked command in '/uolstore/home/users/mn22df/ros2_ws/src/lab1' returned '0': PYTHONPATH=/uolstore/home/users/mn22df/ros2_ws/build/lab1/prefix_override:/uolstore/home/users/mn22df/ros2_ws/install/lab1/lib/python3.10/site-packages:${PYTHONPATH} /usr/bin/python3 setup.py egg_info --egg-base ../../build/lab1 build --build-base /uolstore/home/users/mn22df/ros2_ws/build/lab1/build install --record /uolstore/home/users/mn22df/ros2_ws/build/lab1/install.log --single-version-externally-managed
