[2.029s] Invoking command in '/uolstore/home/users/mn22df/ros2_ws/src/lab1': PYTHONPATH=/uolstore/home/users/mn22df/ros2_ws/build/lab1/prefix_override:/uolstore/home/users/mn22df/ros2_ws/install/lab1/lib/python3.10/site-packages:${PYTHONPATH} /usr/bin/python3 setup.py egg_info --egg-base ../../build/lab1 build --build-base /uolstore/home/users/mn22df/ros2_ws/build/lab1/build install --record /uolstore/home/users/mn22df/ros2_ws/build/lab1/install.log --single-version-externally-managed
[2.272s] running egg_info
[2.273s] writing ../../build/lab1/lab1.egg-info/PKG-INFO
[2.283s] writing dependency_links to ../../build/lab1/lab1.egg-info/dependency_links.txt
[2.296s] writing entry points to ../../build/lab1/lab1.egg-info/entry_points.txt
[2.310s] writing requirements to ../../build/lab1/lab1.egg-info/requires.txt
[2.316s] writing top-level names to ../../build/lab1/lab1.egg-info/top_level.txt
[2.324s] reading manifest file '../../build/lab1/lab1.egg-info/SOURCES.txt'
[2.328s] writing manifest file '../../build/lab1/lab1.egg-info/SOURCES.txt'
[2.335s] running build
[2.335s] running build_py
[2.336s] running install
[2.336s] running install_lib
[2.338s] running install_data
[2.338s] running install_egg_info
[2.339s] removing '/uolstore/home/users/mn22df/ros2_ws/install/lab1/lib/python3.10/site-packages/lab1-0.0.0-py3.10.egg-info' (and everything under it)
[2.351s] Copying ../../build/lab1/lab1.egg-info to /uolstore/home/users/mn22df/ros2_ws/install/lab1/lib/python3.10/site-packages/lab1-0.0.0-py3.10.egg-info
[2.435s] running install_scripts
[2.454s] Installing hello script to /uolstore/home/users/mn22df/ros2_ws/install/lab1/lib/lab1
[2.462s] writing list of installed files to '/uolstore/home/users/mn22df/ros2_ws/build/lab1/install.log'
[2.805s] Invoked command in '/uolstore/home/users/mn22df/ros2_ws/src/lab1' returned '0': PYTHONPATH=/uolstore/home/users/mn22df/ros2_ws/build/lab1/prefix_override:/uolstore/home/users/mn22df/ros2_ws/install/lab1/lib/python3.10/site-packages:${PYTHONPATH} /usr/bin/python3 setup.py egg_info --egg-base ../../build/lab1 build --build-base /uolstore/home/users/mn22df/ros2_ws/build/lab1/build install --record /uolstore/home/users/mn22df/ros2_ws/build/lab1/install.log --single-version-externally-managed
