[1.808s] Invoking command in '/uolstore/home/users/mn22df/ros2_ws/src/lab3': PYTHONPATH=/uolstore/home/users/mn22df/ros2_ws/build/lab3/prefix_override:/uolstore/home/users/mn22df/ros2_ws/install/lab3/lib/python3.10/site-packages:${PYTHONPATH} /usr/bin/python3 setup.py egg_info --egg-base ../../build/lab3 build --build-base /uolstore/home/users/mn22df/ros2_ws/build/lab3/build install --record /uolstore/home/users/mn22df/ros2_ws/build/lab3/install.log --single-version-externally-managed
[2.001s] running egg_info
[2.001s] writing ../../build/lab3/lab3.egg-info/PKG-INFO
[2.008s] writing dependency_links to ../../build/lab3/lab3.egg-info/dependency_links.txt
[2.014s] writing entry points to ../../build/lab3/lab3.egg-info/entry_points.txt
[2.023s] writing requirements to ../../build/lab3/lab3.egg-info/requires.txt
[2.031s] writing top-level names to ../../build/lab3/lab3.egg-info/top_level.txt
[2.044s] reading manifest file '../../build/lab3/lab3.egg-info/SOURCES.txt'
[2.048s] writing manifest file '../../build/lab3/lab3.egg-info/SOURCES.txt'
[2.053s] running build
[2.053s] running build_py
[2.056s] copying lab3/exercise2.py -> /uolstore/home/users/mn22df/ros2_ws/build/lab3/build/lib/lab3
[2.065s] running install
[2.065s] running install_lib
[2.071s] copying /uolstore/home/users/mn22df/ros2_ws/build/lab3/build/lib/lab3/exercise2.py -> /uolstore/home/users/mn22df/ros2_ws/install/lab3/lib/python3.10/site-packages/lab3
[2.087s] byte-compiling /uolstore/home/users/mn22df/ros2_ws/install/lab3/lib/python3.10/site-packages/lab3/exercise2.py to exercise2.cpython-310.pyc
[2.131s] running install_data
[2.133s] running install_egg_info
[2.134s] removing '/uolstore/home/users/mn22df/ros2_ws/install/lab3/lib/python3.10/site-packages/lab3-0.0.0-py3.10.egg-info' (and everything under it)
[2.145s] Copying ../../build/lab3/lab3.egg-info to /uolstore/home/users/mn22df/ros2_ws/install/lab3/lib/python3.10/site-packages/lab3-0.0.0-py3.10.egg-info
[2.298s] running install_scripts
[2.314s] Installing exercise1 script to /uolstore/home/users/mn22df/ros2_ws/install/lab3/lib/lab3
[2.323s] Installing exercise2 script to /uolstore/home/users/mn22df/ros2_ws/install/lab3/lib/lab3
[2.335s] Installing firstwalk script to /uolstore/home/users/mn22df/ros2_ws/install/lab3/lib/lab3
[2.341s] writing list of installed files to '/uolstore/home/users/mn22df/ros2_ws/build/lab3/install.log'
[2.856s] Invoked command in '/uolstore/home/users/mn22df/ros2_ws/src/lab3' returned '0': PYTHONPATH=/uolstore/home/users/mn22df/ros2_ws/build/lab3/prefix_override:/uolstore/home/users/mn22df/ros2_ws/install/lab3/lib/python3.10/site-packages:${PYTHONPATH} /usr/bin/python3 setup.py egg_info --egg-base ../../build/lab3 build --build-base /uolstore/home/users/mn22df/ros2_ws/build/lab3/build install --record /uolstore/home/users/mn22df/ros2_ws/build/lab3/install.log --single-version-externally-managed
