[1.370s] Invoking command in '/uolstore/home/users/mn22df/ros2_ws/src/lab3': PYTHONPATH=/uolstore/home/users/mn22df/ros2_ws/build/lab3/prefix_override:/uolstore/home/users/mn22df/ros2_ws/install/lab3/lib/python3.10/site-packages:${PYTHONPATH} /usr/bin/python3 setup.py egg_info --egg-base ../../build/lab3 build --build-base /uolstore/home/users/mn22df/ros2_ws/build/lab3/build install --record /uolstore/home/users/mn22df/ros2_ws/build/lab3/install.log --single-version-externally-managed
[1.590s] running egg_info
[1.591s] writing ../../build/lab3/lab3.egg-info/PKG-INFO
[1.596s] writing dependency_links to ../../build/lab3/lab3.egg-info/dependency_links.txt
[1.600s] writing entry points to ../../build/lab3/lab3.egg-info/entry_points.txt
[1.603s] writing requirements to ../../build/lab3/lab3.egg-info/requires.txt
[1.606s] writing top-level names to ../../build/lab3/lab3.egg-info/top_level.txt
[1.617s] reading manifest file '../../build/lab3/lab3.egg-info/SOURCES.txt'
[1.622s] writing manifest file '../../build/lab3/lab3.egg-info/SOURCES.txt'
[1.625s] running build
[1.625s] running build_py
[1.629s] running install
[1.629s] running install_lib
[1.635s] running install_data
[1.637s] running install_egg_info
[1.638s] removing '/uolstore/home/users/mn22df/ros2_ws/install/lab3/lib/python3.10/site-packages/lab3-0.0.0-py3.10.egg-info' (and everything under it)
[1.650s] Copying ../../build/lab3/lab3.egg-info to /uolstore/home/users/mn22df/ros2_ws/install/lab3/lib/python3.10/site-packages/lab3-0.0.0-py3.10.egg-info
[1.698s] running install_scripts
[1.716s] Installing firstwalk script to /uolstore/home/users/mn22df/ros2_ws/install/lab3/lib/lab3
[1.721s] writing list of installed files to '/uolstore/home/users/mn22df/ros2_ws/build/lab3/install.log'
[1.784s] Invoked command in '/uolstore/home/users/mn22df/ros2_ws/src/lab3' returned '0': PYTHONPATH=/uolstore/home/users/mn22df/ros2_ws/build/lab3/prefix_override:/uolstore/home/users/mn22df/ros2_ws/install/lab3/lib/python3.10/site-packages:${PYTHONPATH} /usr/bin/python3 setup.py egg_info --egg-base ../../build/lab3 build --build-base /uolstore/home/users/mn22df/ros2_ws/build/lab3/build install --record /uolstore/home/users/mn22df/ros2_ws/build/lab3/install.log --single-version-externally-managed
