[1.638s] Invoking command in '/uolstore/home/users/mn22df/ros2_ws/src/lab1': PYTHONPATH=/uolstore/home/users/mn22df/ros2_ws/build/lab1/prefix_override:/uolstore/home/users/mn22df/ros2_ws/install/lab1/lib/python3.10/site-packages:${PYTHONPATH} /usr/bin/python3 setup.py egg_info --egg-base ../../build/lab1 build --build-base /uolstore/home/users/mn22df/ros2_ws/build/lab1/build install --record /uolstore/home/users/mn22df/ros2_ws/build/lab1/install.log --single-version-externally-managed
[1.882s] running egg_info
[1.883s] writing ../../build/lab1/lab1.egg-info/PKG-INFO
[1.888s] writing dependency_links to ../../build/lab1/lab1.egg-info/dependency_links.txt
[1.892s] writing entry points to ../../build/lab1/lab1.egg-info/entry_points.txt
[1.896s] writing requirements to ../../build/lab1/lab1.egg-info/requires.txt
[1.899s] writing top-level names to ../../build/lab1/lab1.egg-info/top_level.txt
[1.910s] reading manifest file '../../build/lab1/lab1.egg-info/SOURCES.txt'
[1.916s] writing manifest file '../../build/lab1/lab1.egg-info/SOURCES.txt'
[1.918s] running build
[1.918s] running build_py
[1.920s] running install
[1.921s] running install_lib
[1.925s] running install_data
[1.926s] running install_egg_info
[1.927s] removing '/uolstore/home/users/mn22df/ros2_ws/install/lab1/lib/python3.10/site-packages/lab1-0.0.0-py3.10.egg-info' (and everything under it)
[1.939s] Copying ../../build/lab1/lab1.egg-info to /uolstore/home/users/mn22df/ros2_ws/install/lab1/lib/python3.10/site-packages/lab1-0.0.0-py3.10.egg-info
[1.997s] running install_scripts
[2.017s] Installing hello script to /uolstore/home/users/mn22df/ros2_ws/install/lab1/lib/lab1
[2.020s] writing list of installed files to '/uolstore/home/users/mn22df/ros2_ws/build/lab1/install.log'
[2.098s] Invoked command in '/uolstore/home/users/mn22df/ros2_ws/src/lab1' returned '0': PYTHONPATH=/uolstore/home/users/mn22df/ros2_ws/build/lab1/prefix_override:/uolstore/home/users/mn22df/ros2_ws/install/lab1/lib/python3.10/site-packages:${PYTHONPATH} /usr/bin/python3 setup.py egg_info --egg-base ../../build/lab1 build --build-base /uolstore/home/users/mn22df/ros2_ws/build/lab1/build install --record /uolstore/home/users/mn22df/ros2_ws/build/lab1/install.log --single-version-externally-managed
